2025-08-14T12:13:47.793+05:30  INFO 16848 --- [Payment-Service] [restartedMain] c.w.p.PaymentServiceApplication          : Starting PaymentServiceApplication using Java 21.0.7 with PID 16848 (D:\Microservices Assignment\Payment-Service\target\classes started by sss in D:\Microservices Assignment\Payment-Service)
2025-08-14T12:13:47.799+05:30  INFO 16848 --- [Payment-Service] [restartedMain] c.w.p.PaymentServiceApplication          : No active profile set, falling back to 1 default profile: "default"
2025-08-14T12:13:47.870+05:30  INFO 16848 --- [Payment-Service] [restartedMain] .e.DevToolsPropertyDefaultsPostProcessor : Devtools property defaults active! Set 'spring.devtools.add-properties' to 'false' to disable
2025-08-14T12:13:47.871+05:30  INFO 16848 --- [Payment-Service] [restartedMain] .e.DevToolsPropertyDefaultsPostProcessor : For additional web related logging consider setting the 'logging.level.web' property to 'DEBUG'
2025-08-14T12:13:49.563+05:30  INFO 16848 --- [Payment-Service] [restartedMain] .s.d.r.c.RepositoryConfigurationDelegate : Bootstrapping Spring Data JPA repositories in DEFAULT mode.
2025-08-14T12:13:49.723+05:30  INFO 16848 --- [Payment-Service] [restartedMain] .s.d.r.c.RepositoryConfigurationDelegate : Finished Spring Data repository scanning in 150 ms. Found 1 JPA repository interface.
2025-08-14T12:13:49.956+05:30  INFO 16848 --- [Payment-Service] [restartedMain] o.s.cloud.context.scope.GenericScope     : BeanFactory id=af100dd4-9b8e-3528-935a-ef7bf229f02a
2025-08-14T12:13:50.677+05:30  INFO 16848 --- [Payment-Service] [restartedMain] o.s.b.w.embedded.tomcat.TomcatWebServer  : Tomcat initialized with port 8088 (http)
2025-08-14T12:13:50.696+05:30  INFO 16848 --- [Payment-Service] [restartedMain] o.apache.catalina.core.StandardService   : Starting service [Tomcat]
2025-08-14T12:13:50.697+05:30  INFO 16848 --- [Payment-Service] [restartedMain] o.apache.catalina.core.StandardEngine    : Starting Servlet engine: [Apache Tomcat/10.1.43]
2025-08-14T12:13:50.793+05:30  INFO 16848 --- [Payment-Service] [restartedMain] o.a.c.c.C.[Tomcat].[localhost].[/]       : Initializing Spring embedded WebApplicationContext
2025-08-14T12:13:50.794+05:30  INFO 16848 --- [Payment-Service] [restartedMain] w.s.c.ServletWebServerApplicationContext : Root WebApplicationContext: initialization completed in 2920 ms
2025-08-14T12:13:51.229+05:30  INFO 16848 --- [Payment-Service] [restartedMain] o.hibernate.jpa.internal.util.LogHelper  : HHH000204: Processing PersistenceUnitInfo [name: default]
2025-08-14T12:13:51.286+05:30  INFO 16848 --- [Payment-Service] [restartedMain] org.hibernate.Version                    : HHH000412: Hibernate ORM core version 6.6.22.Final
2025-08-14T12:13:51.324+05:30  INFO 16848 --- [Payment-Service] [restartedMain] o.h.c.internal.RegionFactoryInitiator    : HHH000026: Second-level cache disabled
2025-08-14T12:13:51.608+05:30  INFO 16848 --- [Payment-Service] [restartedMain] o.s.o.j.p.SpringPersistenceUnitInfo      : No LoadTimeWeaver setup: ignoring JPA class transformer
2025-08-14T12:13:51.641+05:30  INFO 16848 --- [Payment-Service] [restartedMain] com.zaxxer.hikari.HikariDataSource       : HikariPool-1 - Starting...
2025-08-14T12:13:52.054+05:30  INFO 16848 --- [Payment-Service] [restartedMain] com.zaxxer.hikari.pool.HikariPool        : HikariPool-1 - Added connection com.mysql.cj.jdbc.ConnectionImpl@694ea82b
2025-08-14T12:13:52.056+05:30  INFO 16848 --- [Payment-Service] [restartedMain] com.zaxxer.hikari.HikariDataSource       : HikariPool-1 - Start completed.
2025-08-14T12:13:52.122+05:30  WARN 16848 --- [Payment-Service] [restartedMain] org.hibernate.orm.deprecation            : HHH90000025: MySQLDialect does not need to be specified explicitly using 'hibernate.dialect' (remove the property setting and it will be selected by default)
2025-08-14T12:13:52.142+05:30  INFO 16848 --- [Payment-Service] [restartedMain] org.hibernate.orm.connections.pooling    : HHH10001005: Database info:
	Database JDBC URL [Connecting through datasource 'HikariDataSource (HikariPool-1)']
	Database driver: undefined/unknown
	Database version: 8.0.42
	Autocommit mode: undefined/unknown
	Isolation level: undefined/unknown
	Minimum pool size: undefined/unknown
	Maximum pool size: undefined/unknown
2025-08-14T12:13:53.065+05:30  INFO 16848 --- [Payment-Service] [restartedMain] o.h.e.t.j.p.i.JtaPlatformInitiator       : HHH000489: No JTA platform available (set 'hibernate.transaction.jta.platform' to enable JTA platform integration)
2025-08-14T12:13:53.137+05:30  INFO 16848 --- [Payment-Service] [restartedMain] j.LocalContainerEntityManagerFactoryBean : Initialized JPA EntityManagerFactory for persistence unit 'default'
2025-08-14T12:13:53.265+05:30  WARN 16848 --- [Payment-Service] [restartedMain] JpaBaseConfiguration$JpaWebConfiguration : spring.jpa.open-in-view is enabled by default. Therefore, database queries may be performed during view rendering. Explicitly configure spring.jpa.open-in-view to disable this warning
2025-08-14T12:13:53.331+05:30  WARN 16848 --- [Payment-Service] [restartedMain] o.s.b.d.a.OptionalLiveReloadServer       : Unable to start LiveReload server
2025-08-14T12:13:54.304+05:30  INFO 16848 --- [Payment-Service] [restartedMain] DiscoveryClientOptionalArgsConfiguration : Eureka HTTP Client uses RestTemplate.
2025-08-14T12:13:54.338+05:30  WARN 16848 --- [Payment-Service] [restartedMain] iguration$LoadBalancerCaffeineWarnLogger : Spring Cloud LoadBalancer is currently working with the default cache. While this cache implementation is useful for development and tests, it's recommended to use Caffeine cache in production.You can switch to using Caffeine cache, by adding it and org.springframework.cache.caffeine.CaffeineCacheManager to the classpath.
2025-08-14T12:13:54.357+05:30  INFO 16848 --- [Payment-Service] [restartedMain] o.s.b.a.e.web.EndpointLinksResolver      : Exposing 2 endpoints beneath base path '/actuator'
2025-08-14T12:13:54.458+05:30  INFO 16848 --- [Payment-Service] [restartedMain] o.s.c.n.eureka.InstanceInfoFactory       : Setting initial instance status as: STARTING
2025-08-14T12:13:54.485+05:30  INFO 16848 --- [Payment-Service] [restartedMain] com.netflix.discovery.DiscoveryClient    : Initializing Eureka in region us-east-1
2025-08-14T12:13:54.489+05:30  INFO 16848 --- [Payment-Service] [restartedMain] c.n.d.s.r.aws.ConfigClusterResolver      : Resolving eureka endpoints via configuration
2025-08-14T12:13:54.500+05:30  INFO 16848 --- [Payment-Service] [restartedMain] com.netflix.discovery.DiscoveryClient    : Disable delta property : false
2025-08-14T12:13:54.501+05:30  INFO 16848 --- [Payment-Service] [restartedMain] com.netflix.discovery.DiscoveryClient    : Single vip registry refresh property : null
2025-08-14T12:13:54.501+05:30  INFO 16848 --- [Payment-Service] [restartedMain] com.netflix.discovery.DiscoveryClient    : Force full registry fetch : false
2025-08-14T12:13:54.501+05:30  INFO 16848 --- [Payment-Service] [restartedMain] com.netflix.discovery.DiscoveryClient    : Application is null : false
2025-08-14T12:13:54.501+05:30  INFO 16848 --- [Payment-Service] [restartedMain] com.netflix.discovery.DiscoveryClient    : Registered Applications size is zero : true
2025-08-14T12:13:54.501+05:30  INFO 16848 --- [Payment-Service] [restartedMain] com.netflix.discovery.DiscoveryClient    : Application version is -1: true
2025-08-14T12:13:54.501+05:30  INFO 16848 --- [Payment-Service] [restartedMain] com.netflix.discovery.DiscoveryClient    : Getting all instance registry info from the eureka server
2025-08-14T12:13:54.900+05:30  INFO 16848 --- [Payment-Service] [restartedMain] com.netflix.discovery.DiscoveryClient    : The response status is 200
2025-08-14T12:13:54.904+05:30  INFO 16848 --- [Payment-Service] [restartedMain] com.netflix.discovery.DiscoveryClient    : Starting heartbeat executor: renew interval is: 30
2025-08-14T12:13:54.907+05:30  INFO 16848 --- [Payment-Service] [restartedMain] c.n.discovery.InstanceInfoReplicator     : InstanceInfoReplicator onDemand update allowed rate per min is 4
2025-08-14T12:13:54.909+05:30  INFO 16848 --- [Payment-Service] [restartedMain] com.netflix.discovery.DiscoveryClient    : Discovery Client initialized at timestamp 1755153834908 with initial instances count: 3
2025-08-14T12:13:54.914+05:30  INFO 16848 --- [Payment-Service] [restartedMain] o.s.c.n.e.s.EurekaServiceRegistry        : Registering application PAYMENT-SERVICE with eureka with status UP
2025-08-14T12:13:54.915+05:30  INFO 16848 --- [Payment-Service] [restartedMain] com.netflix.discovery.DiscoveryClient    : Saw local status change event StatusChangeEvent [timestamp=1755153834915, current=UP, previous=STARTING]
2025-08-14T12:13:54.918+05:30  INFO 16848 --- [Payment-Service] [DiscoveryClient-InstanceInfoReplicator-%d] com.netflix.discovery.DiscoveryClient    : DiscoveryClient_PAYMENT-SERVICE/DESKTOP-EM164SF:Payment-Service:8088: registering service...
2025-08-14T12:13:54.944+05:30  INFO 16848 --- [Payment-Service] [restartedMain] o.s.b.w.embedded.tomcat.TomcatWebServer  : Tomcat started on port 8088 (http) with context path '/'
2025-08-14T12:13:54.945+05:30  INFO 16848 --- [Payment-Service] [restartedMain] .s.c.n.e.s.EurekaAutoServiceRegistration : Updating port to 8088
2025-08-14T12:13:54.981+05:30  INFO 16848 --- [Payment-Service] [DiscoveryClient-InstanceInfoReplicator-%d] com.netflix.discovery.DiscoveryClient    : DiscoveryClient_PAYMENT-SERVICE/DESKTOP-EM164SF:Payment-Service:8088 - registration status: 204
2025-08-14T12:13:54.984+05:30  INFO 16848 --- [Payment-Service] [restartedMain] c.w.p.PaymentServiceApplication          : Started PaymentServiceApplication in 7.749 seconds (process running for 8.934)
2025-08-14T12:13:55.680+05:30  INFO 16848 --- [Payment-Service] [RMI TCP Connection(9)-127.0.0.1] o.a.c.c.C.[Tomcat].[localhost].[/]       : Initializing Spring DispatcherServlet 'dispatcherServlet'
2025-08-14T12:13:55.680+05:30  INFO 16848 --- [Payment-Service] [RMI TCP Connection(9)-127.0.0.1] o.s.web.servlet.DispatcherServlet        : Initializing Servlet 'dispatcherServlet'
2025-08-14T12:13:55.682+05:30  INFO 16848 --- [Payment-Service] [RMI TCP Connection(9)-127.0.0.1] o.s.web.servlet.DispatcherServlet        : Completed initialization in 1 ms
2025-08-14T12:14:15.377+05:30  INFO 16848 --- [Payment-Service] [RMI TCP Connection(7)-127.0.0.1] inMXBeanRegistrar$SpringApplicationAdmin : Application shutdown requested.
2025-08-14T12:14:15.379+05:30  INFO 16848 --- [Payment-Service] [RMI TCP Connection(7)-127.0.0.1] o.s.c.n.e.s.EurekaServiceRegistry        : Unregistering application PAYMENT-SERVICE with eureka with status DOWN
2025-08-14T12:14:15.379+05:30  INFO 16848 --- [Payment-Service] [RMI TCP Connection(7)-127.0.0.1] com.netflix.discovery.DiscoveryClient    : Saw local status change event StatusChangeEvent [timestamp=1755153855379, current=DOWN, previous=UP]
2025-08-14T12:14:15.379+05:30  INFO 16848 --- [Payment-Service] [DiscoveryClient-InstanceInfoReplicator-%d] com.netflix.discovery.DiscoveryClient    : DiscoveryClient_PAYMENT-SERVICE/DESKTOP-EM164SF:Payment-Service:8088: registering service...
2025-08-14T12:14:15.382+05:30  INFO 16848 --- [Payment-Service] [RMI TCP Connection(7)-127.0.0.1] o.s.b.w.e.tomcat.GracefulShutdown        : Commencing graceful shutdown. Waiting for active requests to complete
2025-08-14T12:14:15.391+05:30  INFO 16848 --- [Payment-Service] [tomcat-shutdown] o.s.b.w.e.tomcat.GracefulShutdown        : Graceful shutdown complete
2025-08-14T12:14:15.401+05:30  INFO 16848 --- [Payment-Service] [DiscoveryClient-InstanceInfoReplicator-%d] com.netflix.discovery.DiscoveryClient    : DiscoveryClient_PAYMENT-SERVICE/DESKTOP-EM164SF:Payment-Service:8088 - registration status: 204
2025-08-14T12:14:15.406+05:30  INFO 16848 --- [Payment-Service] [RMI TCP Connection(7)-127.0.0.1] j.LocalContainerEntityManagerFactoryBean : Closing JPA EntityManagerFactory for persistence unit 'default'
2025-08-14T12:14:15.411+05:30  INFO 16848 --- [Payment-Service] [RMI TCP Connection(7)-127.0.0.1] com.zaxxer.hikari.HikariDataSource       : HikariPool-1 - Shutdown initiated...
2025-08-14T12:14:15.420+05:30  INFO 16848 --- [Payment-Service] [RMI TCP Connection(7)-127.0.0.1] com.zaxxer.hikari.HikariDataSource       : HikariPool-1 - Shutdown completed.
2025-08-14T12:14:15.421+05:30  INFO 16848 --- [Payment-Service] [RMI TCP Connection(7)-127.0.0.1] com.netflix.discovery.DiscoveryClient    : Shutting down DiscoveryClient ...
2025-08-14T22:19:44.933+05:30  INFO 11952 --- [Payment-Service] [restartedMain] c.w.p.PaymentServiceApplication          : Starting PaymentServiceApplication using Java 21.0.7 with PID 11952 (D:\Microservices Assignment\Payment-Service\target\classes started by sss in D:\Microservices Assignment\Payment-Service)
2025-08-14T22:19:44.946+05:30  INFO 11952 --- [Payment-Service] [restartedMain] c.w.p.PaymentServiceApplication          : No active profile set, falling back to 1 default profile: "default"
2025-08-14T22:19:45.004+05:30  INFO 11952 --- [Payment-Service] [restartedMain] .e.DevToolsPropertyDefaultsPostProcessor : Devtools property defaults active! Set 'spring.devtools.add-properties' to 'false' to disable
2025-08-14T22:19:45.004+05:30  INFO 11952 --- [Payment-Service] [restartedMain] .e.DevToolsPropertyDefaultsPostProcessor : For additional web related logging consider setting the 'logging.level.web' property to 'DEBUG'
2025-08-14T22:19:46.469+05:30  INFO 11952 --- [Payment-Service] [restartedMain] .s.d.r.c.RepositoryConfigurationDelegate : Bootstrapping Spring Data JPA repositories in DEFAULT mode.
2025-08-14T22:19:46.611+05:30  INFO 11952 --- [Payment-Service] [restartedMain] .s.d.r.c.RepositoryConfigurationDelegate : Finished Spring Data repository scanning in 132 ms. Found 1 JPA repository interface.
2025-08-14T22:19:46.812+05:30  INFO 11952 --- [Payment-Service] [restartedMain] o.s.cloud.context.scope.GenericScope     : BeanFactory id=af100dd4-9b8e-3528-935a-ef7bf229f02a
2025-08-14T22:19:47.429+05:30  INFO 11952 --- [Payment-Service] [restartedMain] o.s.b.w.embedded.tomcat.TomcatWebServer  : Tomcat initialized with port 8088 (http)
2025-08-14T22:19:47.443+05:30  INFO 11952 --- [Payment-Service] [restartedMain] o.apache.catalina.core.StandardService   : Starting service [Tomcat]
2025-08-14T22:19:47.443+05:30  INFO 11952 --- [Payment-Service] [restartedMain] o.apache.catalina.core.StandardEngine    : Starting Servlet engine: [Apache Tomcat/10.1.43]
2025-08-14T22:19:47.514+05:30  INFO 11952 --- [Payment-Service] [restartedMain] o.a.c.c.C.[Tomcat].[localhost].[/]       : Initializing Spring embedded WebApplicationContext
2025-08-14T22:19:47.514+05:30  INFO 11952 --- [Payment-Service] [restartedMain] w.s.c.ServletWebServerApplicationContext : Root WebApplicationContext: initialization completed in 2509 ms
2025-08-14T22:19:47.897+05:30  INFO 11952 --- [Payment-Service] [restartedMain] o.hibernate.jpa.internal.util.LogHelper  : HHH000204: Processing PersistenceUnitInfo [name: default]
2025-08-14T22:19:47.955+05:30  INFO 11952 --- [Payment-Service] [restartedMain] org.hibernate.Version                    : HHH000412: Hibernate ORM core version 6.6.22.Final
2025-08-14T22:19:47.994+05:30  INFO 11952 --- [Payment-Service] [restartedMain] o.h.c.internal.RegionFactoryInitiator    : HHH000026: Second-level cache disabled
2025-08-14T22:19:48.255+05:30  INFO 11952 --- [Payment-Service] [restartedMain] o.s.o.j.p.SpringPersistenceUnitInfo      : No LoadTimeWeaver setup: ignoring JPA class transformer
2025-08-14T22:19:48.286+05:30  INFO 11952 --- [Payment-Service] [restartedMain] com.zaxxer.hikari.HikariDataSource       : HikariPool-1 - Starting...
2025-08-14T22:19:48.661+05:30  INFO 11952 --- [Payment-Service] [restartedMain] com.zaxxer.hikari.pool.HikariPool        : HikariPool-1 - Added connection com.mysql.cj.jdbc.ConnectionImpl@51583342
2025-08-14T22:19:48.663+05:30  INFO 11952 --- [Payment-Service] [restartedMain] com.zaxxer.hikari.HikariDataSource       : HikariPool-1 - Start completed.
2025-08-14T22:19:48.716+05:30  WARN 11952 --- [Payment-Service] [restartedMain] org.hibernate.orm.deprecation            : HHH90000025: MySQLDialect does not need to be specified explicitly using 'hibernate.dialect' (remove the property setting and it will be selected by default)
2025-08-14T22:19:48.733+05:30  INFO 11952 --- [Payment-Service] [restartedMain] org.hibernate.orm.connections.pooling    : HHH10001005: Database info:
	Database JDBC URL [Connecting through datasource 'HikariDataSource (HikariPool-1)']
	Database driver: undefined/unknown
	Database version: 8.0.42
	Autocommit mode: undefined/unknown
	Isolation level: undefined/unknown
	Minimum pool size: undefined/unknown
	Maximum pool size: undefined/unknown
2025-08-14T22:19:49.561+05:30  INFO 11952 --- [Payment-Service] [restartedMain] o.h.e.t.j.p.i.JtaPlatformInitiator       : HHH000489: No JTA platform available (set 'hibernate.transaction.jta.platform' to enable JTA platform integration)
2025-08-14T22:19:49.627+05:30  INFO 11952 --- [Payment-Service] [restartedMain] j.LocalContainerEntityManagerFactoryBean : Initialized JPA EntityManagerFactory for persistence unit 'default'
2025-08-14T22:19:49.726+05:30  WARN 11952 --- [Payment-Service] [restartedMain] JpaBaseConfiguration$JpaWebConfiguration : spring.jpa.open-in-view is enabled by default. Therefore, database queries may be performed during view rendering. Explicitly configure spring.jpa.open-in-view to disable this warning
2025-08-14T22:19:49.776+05:30  WARN 11952 --- [Payment-Service] [restartedMain] o.s.b.d.a.OptionalLiveReloadServer       : Unable to start LiveReload server
2025-08-14T22:19:50.616+05:30  INFO 11952 --- [Payment-Service] [restartedMain] DiscoveryClientOptionalArgsConfiguration : Eureka HTTP Client uses RestTemplate.
2025-08-14T22:19:50.647+05:30  WARN 11952 --- [Payment-Service] [restartedMain] iguration$LoadBalancerCaffeineWarnLogger : Spring Cloud LoadBalancer is currently working with the default cache. While this cache implementation is useful for development and tests, it's recommended to use Caffeine cache in production.You can switch to using Caffeine cache, by adding it and org.springframework.cache.caffeine.CaffeineCacheManager to the classpath.
2025-08-14T22:19:50.666+05:30  INFO 11952 --- [Payment-Service] [restartedMain] o.s.b.a.e.web.EndpointLinksResolver      : Exposing 2 endpoints beneath base path '/actuator'
2025-08-14T22:19:50.759+05:30  INFO 11952 --- [Payment-Service] [restartedMain] o.s.c.n.eureka.InstanceInfoFactory       : Setting initial instance status as: STARTING
2025-08-14T22:19:50.782+05:30  INFO 11952 --- [Payment-Service] [restartedMain] com.netflix.discovery.DiscoveryClient    : Initializing Eureka in region us-east-1
2025-08-14T22:19:50.786+05:30  INFO 11952 --- [Payment-Service] [restartedMain] c.n.d.s.r.aws.ConfigClusterResolver      : Resolving eureka endpoints via configuration
2025-08-14T22:19:50.796+05:30  INFO 11952 --- [Payment-Service] [restartedMain] com.netflix.discovery.DiscoveryClient    : Disable delta property : false
2025-08-14T22:19:50.796+05:30  INFO 11952 --- [Payment-Service] [restartedMain] com.netflix.discovery.DiscoveryClient    : Single vip registry refresh property : null
2025-08-14T22:19:50.796+05:30  INFO 11952 --- [Payment-Service] [restartedMain] com.netflix.discovery.DiscoveryClient    : Force full registry fetch : false
2025-08-14T22:19:50.796+05:30  INFO 11952 --- [Payment-Service] [restartedMain] com.netflix.discovery.DiscoveryClient    : Application is null : false
2025-08-14T22:19:50.796+05:30  INFO 11952 --- [Payment-Service] [restartedMain] com.netflix.discovery.DiscoveryClient    : Registered Applications size is zero : true
2025-08-14T22:19:50.796+05:30  INFO 11952 --- [Payment-Service] [restartedMain] com.netflix.discovery.DiscoveryClient    : Application version is -1: true
2025-08-14T22:19:50.796+05:30  INFO 11952 --- [Payment-Service] [restartedMain] com.netflix.discovery.DiscoveryClient    : Getting all instance registry info from the eureka server
2025-08-14T22:19:51.163+05:30  INFO 11952 --- [Payment-Service] [restartedMain] com.netflix.discovery.DiscoveryClient    : The response status is 200
2025-08-14T22:19:51.166+05:30  INFO 11952 --- [Payment-Service] [restartedMain] com.netflix.discovery.DiscoveryClient    : Starting heartbeat executor: renew interval is: 30
2025-08-14T22:19:51.168+05:30  INFO 11952 --- [Payment-Service] [restartedMain] c.n.discovery.InstanceInfoReplicator     : InstanceInfoReplicator onDemand update allowed rate per min is 4
2025-08-14T22:19:51.170+05:30  INFO 11952 --- [Payment-Service] [restartedMain] com.netflix.discovery.DiscoveryClient    : Discovery Client initialized at timestamp 1755190191169 with initial instances count: 3
2025-08-14T22:19:51.174+05:30  INFO 11952 --- [Payment-Service] [restartedMain] o.s.c.n.e.s.EurekaServiceRegistry        : Registering application PAYMENT-SERVICE with eureka with status UP
2025-08-14T22:19:51.175+05:30  INFO 11952 --- [Payment-Service] [restartedMain] com.netflix.discovery.DiscoveryClient    : Saw local status change event StatusChangeEvent [timestamp=1755190191175, current=UP, previous=STARTING]
2025-08-14T22:19:51.178+05:30  INFO 11952 --- [Payment-Service] [DiscoveryClient-InstanceInfoReplicator-%d] com.netflix.discovery.DiscoveryClient    : DiscoveryClient_PAYMENT-SERVICE/DESKTOP-EM164SF:Payment-Service:8088: registering service...
2025-08-14T22:19:51.200+05:30  INFO 11952 --- [Payment-Service] [restartedMain] o.s.b.w.embedded.tomcat.TomcatWebServer  : Tomcat started on port 8088 (http) with context path '/'
2025-08-14T22:19:51.202+05:30  INFO 11952 --- [Payment-Service] [restartedMain] .s.c.n.e.s.EurekaAutoServiceRegistration : Updating port to 8088
2025-08-14T22:19:51.224+05:30  INFO 11952 --- [Payment-Service] [restartedMain] c.w.p.PaymentServiceApplication          : Started PaymentServiceApplication in 6.913 seconds (process running for 7.944)
2025-08-14T22:19:51.225+05:30  INFO 11952 --- [Payment-Service] [DiscoveryClient-InstanceInfoReplicator-%d] com.netflix.discovery.DiscoveryClient    : DiscoveryClient_PAYMENT-SERVICE/DESKTOP-EM164SF:Payment-Service:8088 - registration status: 204
2025-08-14T22:19:51.612+05:30  INFO 11952 --- [Payment-Service] [RMI TCP Connection(6)-127.0.0.1] o.a.c.c.C.[Tomcat].[localhost].[/]       : Initializing Spring DispatcherServlet 'dispatcherServlet'
2025-08-14T22:19:51.612+05:30  INFO 11952 --- [Payment-Service] [RMI TCP Connection(6)-127.0.0.1] o.s.web.servlet.DispatcherServlet        : Initializing Servlet 'dispatcherServlet'
2025-08-14T22:19:51.613+05:30  INFO 11952 --- [Payment-Service] [RMI TCP Connection(6)-127.0.0.1] o.s.web.servlet.DispatcherServlet        : Completed initialization in 1 ms
2025-08-14T22:23:03.729+05:30  INFO 11952 --- [Payment-Service] [RMI TCP Connection(16)-127.0.0.1] inMXBeanRegistrar$SpringApplicationAdmin : Application shutdown requested.
2025-08-14T22:23:03.730+05:30  INFO 11952 --- [Payment-Service] [RMI TCP Connection(17)-127.0.0.1] inMXBeanRegistrar$SpringApplicationAdmin : Application shutdown requested.
2025-08-14T22:23:03.730+05:30  INFO 11952 --- [Payment-Service] [RMI TCP Connection(16)-127.0.0.1] o.s.c.n.e.s.EurekaServiceRegistry        : Unregistering application PAYMENT-SERVICE with eureka with status DOWN
2025-08-14T22:23:03.731+05:30  INFO 11952 --- [Payment-Service] [RMI TCP Connection(16)-127.0.0.1] com.netflix.discovery.DiscoveryClient    : Saw local status change event StatusChangeEvent [timestamp=1755190383731, current=DOWN, previous=UP]
2025-08-14T22:23:03.731+05:30  INFO 11952 --- [Payment-Service] [DiscoveryClient-InstanceInfoReplicator-%d] com.netflix.discovery.DiscoveryClient    : DiscoveryClient_PAYMENT-SERVICE/DESKTOP-EM164SF:Payment-Service:8088: registering service...
2025-08-14T22:23:03.735+05:30  INFO 11952 --- [Payment-Service] [RMI TCP Connection(16)-127.0.0.1] o.s.b.w.e.tomcat.GracefulShutdown        : Commencing graceful shutdown. Waiting for active requests to complete
2025-08-14T22:23:03.740+05:30  INFO 11952 --- [Payment-Service] [DiscoveryClient-InstanceInfoReplicator-%d] com.netflix.discovery.DiscoveryClient    : DiscoveryClient_PAYMENT-SERVICE/DESKTOP-EM164SF:Payment-Service:8088 - registration status: 204
2025-08-14T22:23:03.743+05:30  INFO 11952 --- [Payment-Service] [tomcat-shutdown] o.s.b.w.e.tomcat.GracefulShutdown        : Graceful shutdown complete
2025-08-14T22:23:03.754+05:30  INFO 11952 --- [Payment-Service] [RMI TCP Connection(16)-127.0.0.1] j.LocalContainerEntityManagerFactoryBean : Closing JPA EntityManagerFactory for persistence unit 'default'
2025-08-14T22:23:03.760+05:30  INFO 11952 --- [Payment-Service] [RMI TCP Connection(16)-127.0.0.1] com.zaxxer.hikari.HikariDataSource       : HikariPool-1 - Shutdown initiated...
2025-08-14T22:23:03.774+05:30  INFO 11952 --- [Payment-Service] [RMI TCP Connection(16)-127.0.0.1] com.zaxxer.hikari.HikariDataSource       : HikariPool-1 - Shutdown completed.
2025-08-14T22:23:03.775+05:30  INFO 11952 --- [Payment-Service] [RMI TCP Connection(16)-127.0.0.1] com.netflix.discovery.DiscoveryClient    : Shutting down DiscoveryClient ...
2025-08-14T22:28:26.462+05:30  INFO 2496 --- [Payment-Service] [restartedMain] c.w.p.PaymentServiceApplication          : Starting PaymentServiceApplication using Java 21.0.7 with PID 2496 (D:\Microservices Assignment\Payment-Service\target\classes started by sss in D:\Microservices Assignment\Payment-Service)
2025-08-14T22:28:26.465+05:30  INFO 2496 --- [Payment-Service] [restartedMain] c.w.p.PaymentServiceApplication          : No active profile set, falling back to 1 default profile: "default"
2025-08-14T22:28:26.546+05:30  INFO 2496 --- [Payment-Service] [restartedMain] .e.DevToolsPropertyDefaultsPostProcessor : Devtools property defaults active! Set 'spring.devtools.add-properties' to 'false' to disable
2025-08-14T22:28:26.546+05:30  INFO 2496 --- [Payment-Service] [restartedMain] .e.DevToolsPropertyDefaultsPostProcessor : For additional web related logging consider setting the 'logging.level.web' property to 'DEBUG'
2025-08-14T22:28:27.865+05:30  INFO 2496 --- [Payment-Service] [restartedMain] .s.d.r.c.RepositoryConfigurationDelegate : Bootstrapping Spring Data JPA repositories in DEFAULT mode.
2025-08-14T22:28:28.003+05:30  INFO 2496 --- [Payment-Service] [restartedMain] .s.d.r.c.RepositoryConfigurationDelegate : Finished Spring Data repository scanning in 129 ms. Found 1 JPA repository interface.
2025-08-14T22:28:28.212+05:30  INFO 2496 --- [Payment-Service] [restartedMain] o.s.cloud.context.scope.GenericScope     : BeanFactory id=fe0788d8-86f7-317e-8065-552498ebc5fe
2025-08-14T22:28:28.838+05:30  INFO 2496 --- [Payment-Service] [restartedMain] o.s.b.w.embedded.tomcat.TomcatWebServer  : Tomcat initialized with port 8088 (http)
2025-08-14T22:28:28.852+05:30  INFO 2496 --- [Payment-Service] [restartedMain] o.apache.catalina.core.StandardService   : Starting service [Tomcat]
2025-08-14T22:28:28.852+05:30  INFO 2496 --- [Payment-Service] [restartedMain] o.apache.catalina.core.StandardEngine    : Starting Servlet engine: [Apache Tomcat/10.1.43]
2025-08-14T22:28:28.923+05:30  INFO 2496 --- [Payment-Service] [restartedMain] o.a.c.c.C.[Tomcat].[localhost].[/]       : Initializing Spring embedded WebApplicationContext
2025-08-14T22:28:28.924+05:30  INFO 2496 --- [Payment-Service] [restartedMain] w.s.c.ServletWebServerApplicationContext : Root WebApplicationContext: initialization completed in 2377 ms
2025-08-14T22:28:29.307+05:30  INFO 2496 --- [Payment-Service] [restartedMain] o.hibernate.jpa.internal.util.LogHelper  : HHH000204: Processing PersistenceUnitInfo [name: default]
2025-08-14T22:28:29.358+05:30  INFO 2496 --- [Payment-Service] [restartedMain] org.hibernate.Version                    : HHH000412: Hibernate ORM core version 6.6.22.Final
2025-08-14T22:28:29.393+05:30  INFO 2496 --- [Payment-Service] [restartedMain] o.h.c.internal.RegionFactoryInitiator    : HHH000026: Second-level cache disabled
2025-08-14T22:28:29.660+05:30  INFO 2496 --- [Payment-Service] [restartedMain] o.s.o.j.p.SpringPersistenceUnitInfo      : No LoadTimeWeaver setup: ignoring JPA class transformer
2025-08-14T22:28:29.691+05:30  INFO 2496 --- [Payment-Service] [restartedMain] com.zaxxer.hikari.HikariDataSource       : HikariPool-1 - Starting...
2025-08-14T22:28:30.050+05:30  INFO 2496 --- [Payment-Service] [restartedMain] com.zaxxer.hikari.pool.HikariPool        : HikariPool-1 - Added connection com.mysql.cj.jdbc.ConnectionImpl@4278176e
2025-08-14T22:28:30.053+05:30  INFO 2496 --- [Payment-Service] [restartedMain] com.zaxxer.hikari.HikariDataSource       : HikariPool-1 - Start completed.
2025-08-14T22:28:30.113+05:30  WARN 2496 --- [Payment-Service] [restartedMain] org.hibernate.orm.deprecation            : HHH90000025: MySQLDialect does not need to be specified explicitly using 'hibernate.dialect' (remove the property setting and it will be selected by default)
2025-08-14T22:28:30.131+05:30  INFO 2496 --- [Payment-Service] [restartedMain] org.hibernate.orm.connections.pooling    : HHH10001005: Database info:
	Database JDBC URL [Connecting through datasource 'HikariDataSource (HikariPool-1)']
	Database driver: undefined/unknown
	Database version: 8.0.42
	Autocommit mode: undefined/unknown
	Isolation level: undefined/unknown
	Minimum pool size: undefined/unknown
	Maximum pool size: undefined/unknown
2025-08-14T22:28:30.963+05:30  INFO 2496 --- [Payment-Service] [restartedMain] o.h.e.t.j.p.i.JtaPlatformInitiator       : HHH000489: No JTA platform available (set 'hibernate.transaction.jta.platform' to enable JTA platform integration)
2025-08-14T22:28:31.027+05:30  INFO 2496 --- [Payment-Service] [restartedMain] j.LocalContainerEntityManagerFactoryBean : Initialized JPA EntityManagerFactory for persistence unit 'default'
2025-08-14T22:28:31.219+05:30  WARN 2496 --- [Payment-Service] [restartedMain] JpaBaseConfiguration$JpaWebConfiguration : spring.jpa.open-in-view is enabled by default. Therefore, database queries may be performed during view rendering. Explicitly configure spring.jpa.open-in-view to disable this warning
2025-08-14T22:28:31.268+05:30  WARN 2496 --- [Payment-Service] [restartedMain] o.s.b.d.a.OptionalLiveReloadServer       : Unable to start LiveReload server
2025-08-14T22:28:32.186+05:30  INFO 2496 --- [Payment-Service] [restartedMain] DiscoveryClientOptionalArgsConfiguration : Eureka HTTP Client uses RestTemplate.
2025-08-14T22:28:32.218+05:30  WARN 2496 --- [Payment-Service] [restartedMain] iguration$LoadBalancerCaffeineWarnLogger : Spring Cloud LoadBalancer is currently working with the default cache. While this cache implementation is useful for development and tests, it's recommended to use Caffeine cache in production.You can switch to using Caffeine cache, by adding it and org.springframework.cache.caffeine.CaffeineCacheManager to the classpath.
2025-08-14T22:28:32.234+05:30  INFO 2496 --- [Payment-Service] [restartedMain] o.s.b.a.e.web.EndpointLinksResolver      : Exposing 2 endpoints beneath base path '/actuator'
2025-08-14T22:28:32.331+05:30  INFO 2496 --- [Payment-Service] [restartedMain] o.s.c.n.eureka.InstanceInfoFactory       : Setting initial instance status as: STARTING
2025-08-14T22:28:32.355+05:30  INFO 2496 --- [Payment-Service] [restartedMain] com.netflix.discovery.DiscoveryClient    : Initializing Eureka in region us-east-1
2025-08-14T22:28:32.360+05:30  INFO 2496 --- [Payment-Service] [restartedMain] c.n.d.s.r.aws.ConfigClusterResolver      : Resolving eureka endpoints via configuration
2025-08-14T22:28:32.370+05:30  INFO 2496 --- [Payment-Service] [restartedMain] com.netflix.discovery.DiscoveryClient    : Disable delta property : false
2025-08-14T22:28:32.370+05:30  INFO 2496 --- [Payment-Service] [restartedMain] com.netflix.discovery.DiscoveryClient    : Single vip registry refresh property : null
2025-08-14T22:28:32.370+05:30  INFO 2496 --- [Payment-Service] [restartedMain] com.netflix.discovery.DiscoveryClient    : Force full registry fetch : false
2025-08-14T22:28:32.371+05:30  INFO 2496 --- [Payment-Service] [restartedMain] com.netflix.discovery.DiscoveryClient    : Application is null : false
2025-08-14T22:28:32.371+05:30  INFO 2496 --- [Payment-Service] [restartedMain] com.netflix.discovery.DiscoveryClient    : Registered Applications size is zero : true
2025-08-14T22:28:32.371+05:30  INFO 2496 --- [Payment-Service] [restartedMain] com.netflix.discovery.DiscoveryClient    : Application version is -1: true
2025-08-14T22:28:32.371+05:30  INFO 2496 --- [Payment-Service] [restartedMain] com.netflix.discovery.DiscoveryClient    : Getting all instance registry info from the eureka server
2025-08-14T22:28:32.736+05:30  INFO 2496 --- [Payment-Service] [restartedMain] com.netflix.discovery.DiscoveryClient    : The response status is 200
2025-08-14T22:28:32.739+05:30  INFO 2496 --- [Payment-Service] [restartedMain] com.netflix.discovery.DiscoveryClient    : Starting heartbeat executor: renew interval is: 30
2025-08-14T22:28:32.741+05:30  INFO 2496 --- [Payment-Service] [restartedMain] c.n.discovery.InstanceInfoReplicator     : InstanceInfoReplicator onDemand update allowed rate per min is 4
2025-08-14T22:28:32.742+05:30  INFO 2496 --- [Payment-Service] [restartedMain] com.netflix.discovery.DiscoveryClient    : Discovery Client initialized at timestamp 1755190712742 with initial instances count: 4
2025-08-14T22:28:32.746+05:30  INFO 2496 --- [Payment-Service] [restartedMain] o.s.c.n.e.s.EurekaServiceRegistry        : Registering application PAYMENT-SERVICE with eureka with status UP
2025-08-14T22:28:32.746+05:30  INFO 2496 --- [Payment-Service] [restartedMain] com.netflix.discovery.DiscoveryClient    : Saw local status change event StatusChangeEvent [timestamp=1755190712746, current=UP, previous=STARTING]
2025-08-14T22:28:32.749+05:30  INFO 2496 --- [Payment-Service] [DiscoveryClient-InstanceInfoReplicator-%d] com.netflix.discovery.DiscoveryClient    : DiscoveryClient_PAYMENT-SERVICE/DESKTOP-EM164SF:Payment-Service:8088: registering service...
2025-08-14T22:28:32.773+05:30  INFO 2496 --- [Payment-Service] [restartedMain] o.s.b.w.embedded.tomcat.TomcatWebServer  : Tomcat started on port 8088 (http) with context path '/'
2025-08-14T22:28:32.774+05:30  INFO 2496 --- [Payment-Service] [restartedMain] .s.c.n.e.s.EurekaAutoServiceRegistration : Updating port to 8088
2025-08-14T22:28:32.798+05:30  INFO 2496 --- [Payment-Service] [DiscoveryClient-InstanceInfoReplicator-%d] com.netflix.discovery.DiscoveryClient    : DiscoveryClient_PAYMENT-SERVICE/DESKTOP-EM164SF:Payment-Service:8088 - registration status: 204
2025-08-14T22:28:32.800+05:30  INFO 2496 --- [Payment-Service] [restartedMain] c.w.p.PaymentServiceApplication          : Started PaymentServiceApplication in 6.866 seconds (process running for 7.846)
2025-08-14T22:28:33.408+05:30  INFO 2496 --- [Payment-Service] [RMI TCP Connection(6)-127.0.0.1] o.a.c.c.C.[Tomcat].[localhost].[/]       : Initializing Spring DispatcherServlet 'dispatcherServlet'
2025-08-14T22:28:33.408+05:30  INFO 2496 --- [Payment-Service] [RMI TCP Connection(6)-127.0.0.1] o.s.web.servlet.DispatcherServlet        : Initializing Servlet 'dispatcherServlet'
2025-08-14T22:28:33.410+05:30  INFO 2496 --- [Payment-Service] [RMI TCP Connection(6)-127.0.0.1] o.s.web.servlet.DispatcherServlet        : Completed initialization in 2 ms
2025-08-14T22:32:40.965+05:30  INFO 2496 --- [Payment-Service] [File Watcher] rtingClassPathChangeChangedEventListener : Restarting due to 3 class path changes (0 additions, 0 deletions, 3 modifications)
2025-08-14T22:32:40.974+05:30  INFO 2496 --- [Payment-Service] [Thread-1] o.s.c.n.e.s.EurekaServiceRegistry        : Unregistering application PAYMENT-SERVICE with eureka with status DOWN
2025-08-14T22:32:40.974+05:30  INFO 2496 --- [Payment-Service] [Thread-1] com.netflix.discovery.DiscoveryClient    : Saw local status change event StatusChangeEvent [timestamp=1755190960974, current=DOWN, previous=UP]
2025-08-14T22:32:40.975+05:30  INFO 2496 --- [Payment-Service] [DiscoveryClient-InstanceInfoReplicator-%d] com.netflix.discovery.DiscoveryClient    : DiscoveryClient_PAYMENT-SERVICE/DESKTOP-EM164SF:Payment-Service:8088: registering service...
2025-08-14T22:32:40.986+05:30  INFO 2496 --- [Payment-Service] [DiscoveryClient-InstanceInfoReplicator-%d] com.netflix.discovery.DiscoveryClient    : DiscoveryClient_PAYMENT-SERVICE/DESKTOP-EM164SF:Payment-Service:8088 - registration status: 204
2025-08-14T22:32:40.992+05:30  INFO 2496 --- [Payment-Service] [Thread-1] o.s.b.w.e.tomcat.GracefulShutdown        : Commencing graceful shutdown. Waiting for active requests to complete
2025-08-14T22:32:41.002+05:30  INFO 2496 --- [Payment-Service] [tomcat-shutdown] o.s.b.w.e.tomcat.GracefulShutdown        : Graceful shutdown complete
2025-08-14T22:32:41.018+05:30  INFO 2496 --- [Payment-Service] [Thread-1] j.LocalContainerEntityManagerFactoryBean : Closing JPA EntityManagerFactory for persistence unit 'default'
2025-08-14T22:32:41.027+05:30  INFO 2496 --- [Payment-Service] [Thread-1] com.zaxxer.hikari.HikariDataSource       : HikariPool-1 - Shutdown initiated...
2025-08-14T22:32:41.039+05:30  INFO 2496 --- [Payment-Service] [Thread-1] com.zaxxer.hikari.HikariDataSource       : HikariPool-1 - Shutdown completed.
2025-08-14T22:32:41.042+05:30  INFO 2496 --- [Payment-Service] [Thread-1] com.netflix.discovery.DiscoveryClient    : Shutting down DiscoveryClient ...
2025-08-14T22:32:44.055+05:30  INFO 2496 --- [Payment-Service] [Thread-1] com.netflix.discovery.DiscoveryClient    : Unregistering ...
2025-08-14T22:32:44.074+05:30  INFO 2496 --- [Payment-Service] [Thread-1] com.netflix.discovery.DiscoveryClient    : DiscoveryClient_PAYMENT-SERVICE/DESKTOP-EM164SF:Payment-Service:8088 - deregister  status: 200
2025-08-14T22:32:44.074+05:30  INFO 2496 --- [Payment-Service] [Thread-1] com.netflix.discovery.DiscoveryClient    : Completed shut down of DiscoveryClient
2025-08-14T22:32:44.399+05:30  INFO 2496 --- [Payment-Service] [restartedMain] c.w.p.PaymentServiceApplication          : Starting PaymentServiceApplication using Java 21.0.7 with PID 2496 (D:\Microservices Assignment\Payment-Service\target\classes started by sss in D:\Microservices Assignment\Payment-Service)
2025-08-14T22:32:44.400+05:30  INFO 2496 --- [Payment-Service] [restartedMain] c.w.p.PaymentServiceApplication          : No active profile set, falling back to 1 default profile: "default"
2025-08-14T22:32:45.100+05:30  INFO 2496 --- [Payment-Service] [restartedMain] .s.d.r.c.RepositoryConfigurationDelegate : Bootstrapping Spring Data JPA repositories in DEFAULT mode.
2025-08-14T22:32:45.109+05:30  INFO 2496 --- [Payment-Service] [restartedMain] .s.d.r.c.RepositoryConfigurationDelegate : Finished Spring Data repository scanning in 8 ms. Found 1 JPA repository interface.
2025-08-14T22:32:45.212+05:30  INFO 2496 --- [Payment-Service] [restartedMain] o.s.cloud.context.scope.GenericScope     : BeanFactory id=fe0788d8-86f7-317e-8065-552498ebc5fe
2025-08-14T22:32:45.306+05:30  INFO 2496 --- [Payment-Service] [restartedMain] o.s.b.w.embedded.tomcat.TomcatWebServer  : Tomcat initialized with port 8088 (http)
2025-08-14T22:32:45.307+05:30  INFO 2496 --- [Payment-Service] [restartedMain] o.apache.catalina.core.StandardService   : Starting service [Tomcat]
2025-08-14T22:32:45.307+05:30  INFO 2496 --- [Payment-Service] [restartedMain] o.apache.catalina.core.StandardEngine    : Starting Servlet engine: [Apache Tomcat/10.1.43]
2025-08-14T22:32:45.365+05:30  INFO 2496 --- [Payment-Service] [restartedMain] o.a.c.c.C.[Tomcat].[localhost].[/]       : Initializing Spring embedded WebApplicationContext
2025-08-14T22:32:45.365+05:30  INFO 2496 --- [Payment-Service] [restartedMain] w.s.c.ServletWebServerApplicationContext : Root WebApplicationContext: initialization completed in 962 ms
2025-08-14T22:32:45.521+05:30  INFO 2496 --- [Payment-Service] [restartedMain] o.hibernate.jpa.internal.util.LogHelper  : HHH000204: Processing PersistenceUnitInfo [name: default]
2025-08-14T22:32:45.525+05:30  INFO 2496 --- [Payment-Service] [restartedMain] o.h.c.internal.RegionFactoryInitiator    : HHH000026: Second-level cache disabled
2025-08-14T22:32:45.538+05:30  INFO 2496 --- [Payment-Service] [restartedMain] o.s.o.j.p.SpringPersistenceUnitInfo      : No LoadTimeWeaver setup: ignoring JPA class transformer
2025-08-14T22:32:45.540+05:30  INFO 2496 --- [Payment-Service] [restartedMain] com.zaxxer.hikari.HikariDataSource       : HikariPool-2 - Starting...
2025-08-14T22:32:45.568+05:30  INFO 2496 --- [Payment-Service] [restartedMain] com.zaxxer.hikari.pool.HikariPool        : HikariPool-2 - Added connection com.mysql.cj.jdbc.ConnectionImpl@39796826
2025-08-14T22:32:45.568+05:30  INFO 2496 --- [Payment-Service] [restartedMain] com.zaxxer.hikari.HikariDataSource       : HikariPool-2 - Start completed.
2025-08-14T22:32:45.570+05:30  WARN 2496 --- [Payment-Service] [restartedMain] org.hibernate.orm.deprecation            : HHH90000025: MySQLDialect does not need to be specified explicitly using 'hibernate.dialect' (remove the property setting and it will be selected by default)
2025-08-14T22:32:45.571+05:30  INFO 2496 --- [Payment-Service] [restartedMain] org.hibernate.orm.connections.pooling    : HHH10001005: Database info:
	Database JDBC URL [Connecting through datasource 'HikariDataSource (HikariPool-2)']
	Database driver: undefined/unknown
	Database version: 8.0.42
	Autocommit mode: undefined/unknown
	Isolation level: undefined/unknown
	Minimum pool size: undefined/unknown
	Maximum pool size: undefined/unknown
2025-08-14T22:32:45.645+05:30  INFO 2496 --- [Payment-Service] [restartedMain] o.h.e.t.j.p.i.JtaPlatformInitiator       : HHH000489: No JTA platform available (set 'hibernate.transaction.jta.platform' to enable JTA platform integration)
2025-08-14T22:32:45.688+05:30  INFO 2496 --- [Payment-Service] [restartedMain] j.LocalContainerEntityManagerFactoryBean : Initialized JPA EntityManagerFactory for persistence unit 'default'
2025-08-14T22:32:45.785+05:30  WARN 2496 --- [Payment-Service] [restartedMain] JpaBaseConfiguration$JpaWebConfiguration : spring.jpa.open-in-view is enabled by default. Therefore, database queries may be performed during view rendering. Explicitly configure spring.jpa.open-in-view to disable this warning
2025-08-14T22:32:45.819+05:30  WARN 2496 --- [Payment-Service] [restartedMain] o.s.b.d.a.OptionalLiveReloadServer       : Unable to start LiveReload server
2025-08-14T22:32:46.211+05:30  INFO 2496 --- [Payment-Service] [restartedMain] DiscoveryClientOptionalArgsConfiguration : Eureka HTTP Client uses RestTemplate.
2025-08-14T22:32:46.224+05:30  WARN 2496 --- [Payment-Service] [restartedMain] iguration$LoadBalancerCaffeineWarnLogger : Spring Cloud LoadBalancer is currently working with the default cache. While this cache implementation is useful for development and tests, it's recommended to use Caffeine cache in production.You can switch to using Caffeine cache, by adding it and org.springframework.cache.caffeine.CaffeineCacheManager to the classpath.
2025-08-14T22:32:46.229+05:30  INFO 2496 --- [Payment-Service] [restartedMain] o.s.b.a.e.web.EndpointLinksResolver      : Exposing 2 endpoints beneath base path '/actuator'
2025-08-14T22:32:46.264+05:30  INFO 2496 --- [Payment-Service] [restartedMain] o.s.c.n.eureka.InstanceInfoFactory       : Setting initial instance status as: STARTING
2025-08-14T22:32:46.266+05:30  INFO 2496 --- [Payment-Service] [restartedMain] com.netflix.discovery.DiscoveryClient    : Initializing Eureka in region us-east-1
2025-08-14T22:32:46.267+05:30  INFO 2496 --- [Payment-Service] [restartedMain] c.n.d.s.r.aws.ConfigClusterResolver      : Resolving eureka endpoints via configuration
2025-08-14T22:32:46.267+05:30  INFO 2496 --- [Payment-Service] [restartedMain] com.netflix.discovery.DiscoveryClient    : Disable delta property : false
2025-08-14T22:32:46.267+05:30  INFO 2496 --- [Payment-Service] [restartedMain] com.netflix.discovery.DiscoveryClient    : Single vip registry refresh property : null
2025-08-14T22:32:46.267+05:30  INFO 2496 --- [Payment-Service] [restartedMain] com.netflix.discovery.DiscoveryClient    : Force full registry fetch : false
2025-08-14T22:32:46.267+05:30  INFO 2496 --- [Payment-Service] [restartedMain] com.netflix.discovery.DiscoveryClient    : Application is null : false
2025-08-14T22:32:46.267+05:30  INFO 2496 --- [Payment-Service] [restartedMain] com.netflix.discovery.DiscoveryClient    : Registered Applications size is zero : true
2025-08-14T22:32:46.267+05:30  INFO 2496 --- [Payment-Service] [restartedMain] com.netflix.discovery.DiscoveryClient    : Application version is -1: true
2025-08-14T22:32:46.267+05:30  INFO 2496 --- [Payment-Service] [restartedMain] com.netflix.discovery.DiscoveryClient    : Getting all instance registry info from the eureka server
2025-08-14T22:32:46.317+05:30  INFO 2496 --- [Payment-Service] [restartedMain] com.netflix.discovery.DiscoveryClient    : The response status is 200
2025-08-14T22:32:46.318+05:30  INFO 2496 --- [Payment-Service] [restartedMain] com.netflix.discovery.DiscoveryClient    : Starting heartbeat executor: renew interval is: 30
2025-08-14T22:32:46.318+05:30  INFO 2496 --- [Payment-Service] [restartedMain] c.n.discovery.InstanceInfoReplicator     : InstanceInfoReplicator onDemand update allowed rate per min is 4
2025-08-14T22:32:46.318+05:30  INFO 2496 --- [Payment-Service] [restartedMain] com.netflix.discovery.DiscoveryClient    : Discovery Client initialized at timestamp 1755190966318 with initial instances count: 5
2025-08-14T22:32:46.322+05:30  INFO 2496 --- [Payment-Service] [restartedMain] o.s.c.n.e.s.EurekaServiceRegistry        : Registering application PAYMENT-SERVICE with eureka with status UP
2025-08-14T22:32:46.322+05:30  INFO 2496 --- [Payment-Service] [restartedMain] com.netflix.discovery.DiscoveryClient    : Saw local status change event StatusChangeEvent [timestamp=1755190966322, current=UP, previous=STARTING]
2025-08-14T22:32:46.323+05:30  INFO 2496 --- [Payment-Service] [DiscoveryClient-InstanceInfoReplicator-%d] com.netflix.discovery.DiscoveryClient    : DiscoveryClient_PAYMENT-SERVICE/DESKTOP-EM164SF:Payment-Service:8088: registering service...
2025-08-14T22:32:46.326+05:30  INFO 2496 --- [Payment-Service] [restartedMain] o.s.b.w.embedded.tomcat.TomcatWebServer  : Tomcat started on port 8088 (http) with context path '/'
2025-08-14T22:32:46.327+05:30  INFO 2496 --- [Payment-Service] [restartedMain] .s.c.n.e.s.EurekaAutoServiceRegistration : Updating port to 8088
2025-08-14T22:32:46.342+05:30  INFO 2496 --- [Payment-Service] [DiscoveryClient-InstanceInfoReplicator-%d] com.netflix.discovery.DiscoveryClient    : DiscoveryClient_PAYMENT-SERVICE/DESKTOP-EM164SF:Payment-Service:8088 - registration status: 204
2025-08-14T22:32:46.350+05:30  INFO 2496 --- [Payment-Service] [restartedMain] c.w.p.PaymentServiceApplication          : Started PaymentServiceApplication in 2.039 seconds (process running for 261.397)
2025-08-14T22:32:46.352+05:30  INFO 2496 --- [Payment-Service] [restartedMain] .ConditionEvaluationDeltaLoggingListener : Condition evaluation unchanged
2025-08-14T22:37:46.309+05:30  INFO 2496 --- [Payment-Service] [AsyncResolver-bootstrap-executor-%d] c.n.d.s.r.aws.ConfigClusterResolver      : Resolving eureka endpoints via configuration
2025-08-14T22:40:11.286+05:30  INFO 2496 --- [Payment-Service] [File Watcher] rtingClassPathChangeChangedEventListener : Restarting due to 3 class path changes (0 additions, 0 deletions, 3 modifications)
2025-08-14T22:40:11.340+05:30  INFO 2496 --- [Payment-Service] [Thread-7] o.s.c.n.e.s.EurekaServiceRegistry        : Unregistering application PAYMENT-SERVICE with eureka with status DOWN
2025-08-14T22:40:11.343+05:30  INFO 2496 --- [Payment-Service] [Thread-7] com.netflix.discovery.DiscoveryClient    : Saw local status change event StatusChangeEvent [timestamp=1755191411343, current=DOWN, previous=UP]
2025-08-14T22:40:11.346+05:30  INFO 2496 --- [Payment-Service] [DiscoveryClient-InstanceInfoReplicator-%d] com.netflix.discovery.DiscoveryClient    : DiscoveryClient_PAYMENT-SERVICE/DESKTOP-EM164SF:Payment-Service:8088: registering service...
2025-08-14T22:40:11.429+05:30  INFO 2496 --- [Payment-Service] [DiscoveryClient-InstanceInfoReplicator-%d] com.netflix.discovery.DiscoveryClient    : DiscoveryClient_PAYMENT-SERVICE/DESKTOP-EM164SF:Payment-Service:8088 - registration status: 204
2025-08-14T22:40:11.541+05:30  INFO 2496 --- [Payment-Service] [Thread-7] o.s.b.w.e.tomcat.GracefulShutdown        : Commencing graceful shutdown. Waiting for active requests to complete
2025-08-14T22:40:11.590+05:30  INFO 2496 --- [Payment-Service] [tomcat-shutdown] o.s.b.w.e.tomcat.GracefulShutdown        : Graceful shutdown complete
2025-08-14T22:40:11.709+05:30  INFO 2496 --- [Payment-Service] [Thread-7] j.LocalContainerEntityManagerFactoryBean : Closing JPA EntityManagerFactory for persistence unit 'default'
2025-08-14T22:40:11.827+05:30  INFO 2496 --- [Payment-Service] [Thread-7] com.zaxxer.hikari.HikariDataSource       : HikariPool-2 - Shutdown initiated...
2025-08-14T22:40:11.882+05:30  INFO 2496 --- [Payment-Service] [Thread-7] com.zaxxer.hikari.HikariDataSource       : HikariPool-2 - Shutdown completed.
2025-08-14T22:40:11.891+05:30  INFO 2496 --- [Payment-Service] [Thread-7] com.netflix.discovery.DiscoveryClient    : Shutting down DiscoveryClient ...
2025-08-14T22:40:14.904+05:30  INFO 2496 --- [Payment-Service] [Thread-7] com.netflix.discovery.DiscoveryClient    : Unregistering ...
2025-08-14T22:40:14.941+05:30  INFO 2496 --- [Payment-Service] [Thread-7] com.netflix.discovery.DiscoveryClient    : DiscoveryClient_PAYMENT-SERVICE/DESKTOP-EM164SF:Payment-Service:8088 - deregister  status: 200
2025-08-14T22:40:14.941+05:30  INFO 2496 --- [Payment-Service] [Thread-7] com.netflix.discovery.DiscoveryClient    : Completed shut down of DiscoveryClient
2025-08-14T22:40:15.797+05:30  INFO 2496 --- [Payment-Service] [restartedMain] c.w.p.PaymentServiceApplication          : Starting PaymentServiceApplication using Java 21.0.7 with PID 2496 (D:\Microservices Assignment\Payment-Service\target\classes started by sss in D:\Microservices Assignment\Payment-Service)
2025-08-14T22:40:15.797+05:30  INFO 2496 --- [Payment-Service] [restartedMain] c.w.p.PaymentServiceApplication          : No active profile set, falling back to 1 default profile: "default"
2025-08-14T22:40:16.311+05:30  INFO 2496 --- [Payment-Service] [restartedMain] .s.d.r.c.RepositoryConfigurationDelegate : Bootstrapping Spring Data JPA repositories in DEFAULT mode.
2025-08-14T22:40:16.342+05:30  INFO 2496 --- [Payment-Service] [restartedMain] .s.d.r.c.RepositoryConfigurationDelegate : Finished Spring Data repository scanning in 28 ms. Found 1 JPA repository interface.
2025-08-14T22:40:16.450+05:30  INFO 2496 --- [Payment-Service] [restartedMain] o.s.cloud.context.scope.GenericScope     : BeanFactory id=fe0788d8-86f7-317e-8065-552498ebc5fe
2025-08-14T22:40:16.629+05:30  INFO 2496 --- [Payment-Service] [restartedMain] o.s.b.w.embedded.tomcat.TomcatWebServer  : Tomcat initialized with port 8088 (http)
2025-08-14T22:40:16.632+05:30  INFO 2496 --- [Payment-Service] [restartedMain] o.apache.catalina.core.StandardService   : Starting service [Tomcat]
2025-08-14T22:40:16.632+05:30  INFO 2496 --- [Payment-Service] [restartedMain] o.apache.catalina.core.StandardEngine    : Starting Servlet engine: [Apache Tomcat/10.1.43]
2025-08-14T22:40:16.700+05:30  INFO 2496 --- [Payment-Service] [restartedMain] o.a.c.c.C.[Tomcat].[localhost].[/]       : Initializing Spring embedded WebApplicationContext
2025-08-14T22:40:16.700+05:30  INFO 2496 --- [Payment-Service] [restartedMain] w.s.c.ServletWebServerApplicationContext : Root WebApplicationContext: initialization completed in 900 ms
2025-08-14T22:40:16.936+05:30  INFO 2496 --- [Payment-Service] [restartedMain] o.hibernate.jpa.internal.util.LogHelper  : HHH000204: Processing PersistenceUnitInfo [name: default]
2025-08-14T22:40:16.939+05:30  INFO 2496 --- [Payment-Service] [restartedMain] o.h.c.internal.RegionFactoryInitiator    : HHH000026: Second-level cache disabled
2025-08-14T22:40:16.949+05:30  INFO 2496 --- [Payment-Service] [restartedMain] o.s.o.j.p.SpringPersistenceUnitInfo      : No LoadTimeWeaver setup: ignoring JPA class transformer
2025-08-14T22:40:16.951+05:30  INFO 2496 --- [Payment-Service] [restartedMain] com.zaxxer.hikari.HikariDataSource       : HikariPool-3 - Starting...
2025-08-14T22:40:16.973+05:30  INFO 2496 --- [Payment-Service] [restartedMain] com.zaxxer.hikari.pool.HikariPool        : HikariPool-3 - Added connection com.mysql.cj.jdbc.ConnectionImpl@6128538a
2025-08-14T22:40:16.973+05:30  INFO 2496 --- [Payment-Service] [restartedMain] com.zaxxer.hikari.HikariDataSource       : HikariPool-3 - Start completed.
2025-08-14T22:40:16.976+05:30  WARN 2496 --- [Payment-Service] [restartedMain] org.hibernate.orm.deprecation            : HHH90000025: MySQLDialect does not need to be specified explicitly using 'hibernate.dialect' (remove the property setting and it will be selected by default)
2025-08-14T22:40:16.977+05:30  INFO 2496 --- [Payment-Service] [restartedMain] org.hibernate.orm.connections.pooling    : HHH10001005: Database info:
	Database JDBC URL [Connecting through datasource 'HikariDataSource (HikariPool-3)']
	Database driver: undefined/unknown
	Database version: 8.0.42
	Autocommit mode: undefined/unknown
	Isolation level: undefined/unknown
	Minimum pool size: undefined/unknown
	Maximum pool size: undefined/unknown
2025-08-14T22:40:17.047+05:30  INFO 2496 --- [Payment-Service] [restartedMain] o.h.e.t.j.p.i.JtaPlatformInitiator       : HHH000489: No JTA platform available (set 'hibernate.transaction.jta.platform' to enable JTA platform integration)
2025-08-14T22:40:17.062+05:30  INFO 2496 --- [Payment-Service] [restartedMain] j.LocalContainerEntityManagerFactoryBean : Initialized JPA EntityManagerFactory for persistence unit 'default'
2025-08-14T22:40:17.123+05:30  WARN 2496 --- [Payment-Service] [restartedMain] JpaBaseConfiguration$JpaWebConfiguration : spring.jpa.open-in-view is enabled by default. Therefore, database queries may be performed during view rendering. Explicitly configure spring.jpa.open-in-view to disable this warning
2025-08-14T22:40:17.144+05:30  WARN 2496 --- [Payment-Service] [restartedMain] o.s.b.d.a.OptionalLiveReloadServer       : Unable to start LiveReload server
2025-08-14T22:40:17.460+05:30  INFO 2496 --- [Payment-Service] [restartedMain] DiscoveryClientOptionalArgsConfiguration : Eureka HTTP Client uses RestTemplate.
2025-08-14T22:40:17.473+05:30  WARN 2496 --- [Payment-Service] [restartedMain] iguration$LoadBalancerCaffeineWarnLogger : Spring Cloud LoadBalancer is currently working with the default cache. While this cache implementation is useful for development and tests, it's recommended to use Caffeine cache in production.You can switch to using Caffeine cache, by adding it and org.springframework.cache.caffeine.CaffeineCacheManager to the classpath.
2025-08-14T22:40:17.479+05:30  INFO 2496 --- [Payment-Service] [restartedMain] o.s.b.a.e.web.EndpointLinksResolver      : Exposing 2 endpoints beneath base path '/actuator'
2025-08-14T22:40:17.527+05:30  INFO 2496 --- [Payment-Service] [restartedMain] o.s.c.n.eureka.InstanceInfoFactory       : Setting initial instance status as: STARTING
2025-08-14T22:40:17.529+05:30  INFO 2496 --- [Payment-Service] [restartedMain] com.netflix.discovery.DiscoveryClient    : Initializing Eureka in region us-east-1
2025-08-14T22:40:17.529+05:30  INFO 2496 --- [Payment-Service] [restartedMain] c.n.d.s.r.aws.ConfigClusterResolver      : Resolving eureka endpoints via configuration
2025-08-14T22:40:17.529+05:30  INFO 2496 --- [Payment-Service] [restartedMain] com.netflix.discovery.DiscoveryClient    : Disable delta property : false
2025-08-14T22:40:17.529+05:30  INFO 2496 --- [Payment-Service] [restartedMain] com.netflix.discovery.DiscoveryClient    : Single vip registry refresh property : null
2025-08-14T22:40:17.529+05:30  INFO 2496 --- [Payment-Service] [restartedMain] com.netflix.discovery.DiscoveryClient    : Force full registry fetch : false
2025-08-14T22:40:17.530+05:30  INFO 2496 --- [Payment-Service] [restartedMain] com.netflix.discovery.DiscoveryClient    : Application is null : false
2025-08-14T22:40:17.530+05:30  INFO 2496 --- [Payment-Service] [restartedMain] com.netflix.discovery.DiscoveryClient    : Registered Applications size is zero : true
2025-08-14T22:40:17.530+05:30  INFO 2496 --- [Payment-Service] [restartedMain] com.netflix.discovery.DiscoveryClient    : Application version is -1: true
2025-08-14T22:40:17.530+05:30  INFO 2496 --- [Payment-Service] [restartedMain] com.netflix.discovery.DiscoveryClient    : Getting all instance registry info from the eureka server
2025-08-14T22:40:17.565+05:30  INFO 2496 --- [Payment-Service] [restartedMain] com.netflix.discovery.DiscoveryClient    : The response status is 200
2025-08-14T22:40:17.566+05:30  INFO 2496 --- [Payment-Service] [restartedMain] com.netflix.discovery.DiscoveryClient    : Starting heartbeat executor: renew interval is: 30
2025-08-14T22:40:17.566+05:30  INFO 2496 --- [Payment-Service] [restartedMain] c.n.discovery.InstanceInfoReplicator     : InstanceInfoReplicator onDemand update allowed rate per min is 4
2025-08-14T22:40:17.566+05:30  INFO 2496 --- [Payment-Service] [restartedMain] com.netflix.discovery.DiscoveryClient    : Discovery Client initialized at timestamp 1755191417566 with initial instances count: 6
2025-08-14T22:40:17.569+05:30  INFO 2496 --- [Payment-Service] [restartedMain] o.s.c.n.e.s.EurekaServiceRegistry        : Registering application PAYMENT-SERVICE with eureka with status UP
2025-08-14T22:40:17.569+05:30  INFO 2496 --- [Payment-Service] [restartedMain] com.netflix.discovery.DiscoveryClient    : Saw local status change event StatusChangeEvent [timestamp=1755191417569, current=UP, previous=STARTING]
2025-08-14T22:40:17.570+05:30  INFO 2496 --- [Payment-Service] [DiscoveryClient-InstanceInfoReplicator-%d] com.netflix.discovery.DiscoveryClient    : DiscoveryClient_PAYMENT-SERVICE/DESKTOP-EM164SF:Payment-Service:8088: registering service...
2025-08-14T22:40:17.574+05:30  INFO 2496 --- [Payment-Service] [restartedMain] o.s.b.w.embedded.tomcat.TomcatWebServer  : Tomcat started on port 8088 (http) with context path '/'
2025-08-14T22:40:17.575+05:30  INFO 2496 --- [Payment-Service] [restartedMain] .s.c.n.e.s.EurekaAutoServiceRegistration : Updating port to 8088
2025-08-14T22:40:17.585+05:30  INFO 2496 --- [Payment-Service] [DiscoveryClient-InstanceInfoReplicator-%d] com.netflix.discovery.DiscoveryClient    : DiscoveryClient_PAYMENT-SERVICE/DESKTOP-EM164SF:Payment-Service:8088 - registration status: 204
2025-08-14T22:40:17.595+05:30  INFO 2496 --- [Payment-Service] [restartedMain] c.w.p.PaymentServiceApplication          : Started PaymentServiceApplication in 1.885 seconds (process running for 712.642)
2025-08-14T22:40:17.597+05:30  INFO 2496 --- [Payment-Service] [restartedMain] .ConditionEvaluationDeltaLoggingListener : Condition evaluation unchanged
2025-08-14T22:40:18.865+05:30  INFO 2496 --- [Payment-Service] [File Watcher] rtingClassPathChangeChangedEventListener : Restarting due to 24 class path changes (0 additions, 0 deletions, 24 modifications)
2025-08-14T22:40:18.867+05:30  INFO 2496 --- [Payment-Service] [Thread-13] o.s.c.n.e.s.EurekaServiceRegistry        : Unregistering application PAYMENT-SERVICE with eureka with status DOWN
2025-08-14T22:40:18.867+05:30  INFO 2496 --- [Payment-Service] [Thread-13] com.netflix.discovery.DiscoveryClient    : Saw local status change event StatusChangeEvent [timestamp=1755191418867, current=DOWN, previous=UP]
2025-08-14T22:40:18.867+05:30  INFO 2496 --- [Payment-Service] [DiscoveryClient-InstanceInfoReplicator-%d] com.netflix.discovery.DiscoveryClient    : DiscoveryClient_PAYMENT-SERVICE/DESKTOP-EM164SF:Payment-Service:8088: registering service...
2025-08-14T22:40:18.870+05:30  INFO 2496 --- [Payment-Service] [Thread-13] o.s.b.w.e.tomcat.GracefulShutdown        : Commencing graceful shutdown. Waiting for active requests to complete
2025-08-14T22:40:18.875+05:30  INFO 2496 --- [Payment-Service] [DiscoveryClient-InstanceInfoReplicator-%d] com.netflix.discovery.DiscoveryClient    : DiscoveryClient_PAYMENT-SERVICE/DESKTOP-EM164SF:Payment-Service:8088 - registration status: 204
2025-08-14T22:40:18.877+05:30  INFO 2496 --- [Payment-Service] [tomcat-shutdown] o.s.b.w.e.tomcat.GracefulShutdown        : Graceful shutdown complete
2025-08-14T22:40:18.882+05:30  INFO 2496 --- [Payment-Service] [Thread-13] j.LocalContainerEntityManagerFactoryBean : Closing JPA EntityManagerFactory for persistence unit 'default'
2025-08-14T22:40:18.883+05:30  INFO 2496 --- [Payment-Service] [Thread-13] com.zaxxer.hikari.HikariDataSource       : HikariPool-3 - Shutdown initiated...
2025-08-14T22:40:18.887+05:30  INFO 2496 --- [Payment-Service] [Thread-13] com.zaxxer.hikari.HikariDataSource       : HikariPool-3 - Shutdown completed.
2025-08-14T22:40:18.887+05:30  INFO 2496 --- [Payment-Service] [Thread-13] com.netflix.discovery.DiscoveryClient    : Shutting down DiscoveryClient ...
2025-08-14T22:40:21.902+05:30  INFO 2496 --- [Payment-Service] [Thread-13] com.netflix.discovery.DiscoveryClient    : Unregistering ...
2025-08-14T22:40:21.922+05:30  INFO 2496 --- [Payment-Service] [Thread-13] com.netflix.discovery.DiscoveryClient    : DiscoveryClient_PAYMENT-SERVICE/DESKTOP-EM164SF:Payment-Service:8088 - deregister  status: 200
2025-08-14T22:40:21.922+05:30  INFO 2496 --- [Payment-Service] [Thread-13] com.netflix.discovery.DiscoveryClient    : Completed shut down of DiscoveryClient
2025-08-14T22:40:22.082+05:30  INFO 2496 --- [Payment-Service] [restartedMain] c.w.p.PaymentServiceApplication          : Starting PaymentServiceApplication using Java 21.0.7 with PID 2496 (D:\Microservices Assignment\Payment-Service\target\classes started by sss in D:\Microservices Assignment\Payment-Service)
2025-08-14T22:40:22.083+05:30  INFO 2496 --- [Payment-Service] [restartedMain] c.w.p.PaymentServiceApplication          : No active profile set, falling back to 1 default profile: "default"
2025-08-14T22:40:22.637+05:30  INFO 2496 --- [Payment-Service] [restartedMain] .s.d.r.c.RepositoryConfigurationDelegate : Bootstrapping Spring Data JPA repositories in DEFAULT mode.
2025-08-14T22:40:22.648+05:30  INFO 2496 --- [Payment-Service] [restartedMain] .s.d.r.c.RepositoryConfigurationDelegate : Finished Spring Data repository scanning in 9 ms. Found 1 JPA repository interface.
2025-08-14T22:40:22.856+05:30  INFO 2496 --- [Payment-Service] [restartedMain] o.s.cloud.context.scope.GenericScope     : BeanFactory id=fe0788d8-86f7-317e-8065-552498ebc5fe
2025-08-14T22:40:22.967+05:30  INFO 2496 --- [Payment-Service] [restartedMain] o.s.b.w.embedded.tomcat.TomcatWebServer  : Tomcat initialized with port 8088 (http)
2025-08-14T22:40:22.967+05:30  INFO 2496 --- [Payment-Service] [restartedMain] o.apache.catalina.core.StandardService   : Starting service [Tomcat]
2025-08-14T22:40:22.968+05:30  INFO 2496 --- [Payment-Service] [restartedMain] o.apache.catalina.core.StandardEngine    : Starting Servlet engine: [Apache Tomcat/10.1.43]
2025-08-14T22:40:23.011+05:30  INFO 2496 --- [Payment-Service] [restartedMain] o.a.c.c.C.[Tomcat].[localhost].[/]       : Initializing Spring embedded WebApplicationContext
2025-08-14T22:40:23.011+05:30  INFO 2496 --- [Payment-Service] [restartedMain] w.s.c.ServletWebServerApplicationContext : Root WebApplicationContext: initialization completed in 924 ms
2025-08-14T22:40:23.136+05:30  INFO 2496 --- [Payment-Service] [restartedMain] o.hibernate.jpa.internal.util.LogHelper  : HHH000204: Processing PersistenceUnitInfo [name: default]
2025-08-14T22:40:23.141+05:30  INFO 2496 --- [Payment-Service] [restartedMain] o.h.c.internal.RegionFactoryInitiator    : HHH000026: Second-level cache disabled
2025-08-14T22:40:23.148+05:30  INFO 2496 --- [Payment-Service] [restartedMain] o.s.o.j.p.SpringPersistenceUnitInfo      : No LoadTimeWeaver setup: ignoring JPA class transformer
2025-08-14T22:40:23.149+05:30  INFO 2496 --- [Payment-Service] [restartedMain] com.zaxxer.hikari.HikariDataSource       : HikariPool-4 - Starting...
2025-08-14T22:40:23.166+05:30  INFO 2496 --- [Payment-Service] [restartedMain] com.zaxxer.hikari.pool.HikariPool        : HikariPool-4 - Added connection com.mysql.cj.jdbc.ConnectionImpl@198ad630
2025-08-14T22:40:23.166+05:30  INFO 2496 --- [Payment-Service] [restartedMain] com.zaxxer.hikari.HikariDataSource       : HikariPool-4 - Start completed.
2025-08-14T22:40:23.167+05:30  WARN 2496 --- [Payment-Service] [restartedMain] org.hibernate.orm.deprecation            : HHH90000025: MySQLDialect does not need to be specified explicitly using 'hibernate.dialect' (remove the property setting and it will be selected by default)
2025-08-14T22:40:23.168+05:30  INFO 2496 --- [Payment-Service] [restartedMain] org.hibernate.orm.connections.pooling    : HHH10001005: Database info:
	Database JDBC URL [Connecting through datasource 'HikariDataSource (HikariPool-4)']
	Database driver: undefined/unknown
	Database version: 8.0.42
	Autocommit mode: undefined/unknown
	Isolation level: undefined/unknown
	Minimum pool size: undefined/unknown
	Maximum pool size: undefined/unknown
2025-08-14T22:40:23.215+05:30  INFO 2496 --- [Payment-Service] [restartedMain] o.h.e.t.j.p.i.JtaPlatformInitiator       : HHH000489: No JTA platform available (set 'hibernate.transaction.jta.platform' to enable JTA platform integration)
2025-08-14T22:40:23.224+05:30  INFO 2496 --- [Payment-Service] [restartedMain] j.LocalContainerEntityManagerFactoryBean : Initialized JPA EntityManagerFactory for persistence unit 'default'
2025-08-14T22:40:23.280+05:30  WARN 2496 --- [Payment-Service] [restartedMain] JpaBaseConfiguration$JpaWebConfiguration : spring.jpa.open-in-view is enabled by default. Therefore, database queries may be performed during view rendering. Explicitly configure spring.jpa.open-in-view to disable this warning
2025-08-14T22:40:23.298+05:30  WARN 2496 --- [Payment-Service] [restartedMain] o.s.b.d.a.OptionalLiveReloadServer       : Unable to start LiveReload server
2025-08-14T22:40:23.628+05:30  INFO 2496 --- [Payment-Service] [restartedMain] DiscoveryClientOptionalArgsConfiguration : Eureka HTTP Client uses RestTemplate.
2025-08-14T22:40:23.643+05:30  WARN 2496 --- [Payment-Service] [restartedMain] iguration$LoadBalancerCaffeineWarnLogger : Spring Cloud LoadBalancer is currently working with the default cache. While this cache implementation is useful for development and tests, it's recommended to use Caffeine cache in production.You can switch to using Caffeine cache, by adding it and org.springframework.cache.caffeine.CaffeineCacheManager to the classpath.
2025-08-14T22:40:23.649+05:30  INFO 2496 --- [Payment-Service] [restartedMain] o.s.b.a.e.web.EndpointLinksResolver      : Exposing 2 endpoints beneath base path '/actuator'
2025-08-14T22:40:23.683+05:30  INFO 2496 --- [Payment-Service] [restartedMain] o.s.c.n.eureka.InstanceInfoFactory       : Setting initial instance status as: STARTING
2025-08-14T22:40:23.713+05:30  INFO 2496 --- [Payment-Service] [restartedMain] com.netflix.discovery.DiscoveryClient    : Initializing Eureka in region us-east-1
2025-08-14T22:40:23.713+05:30  INFO 2496 --- [Payment-Service] [restartedMain] c.n.d.s.r.aws.ConfigClusterResolver      : Resolving eureka endpoints via configuration
2025-08-14T22:40:23.714+05:30  INFO 2496 --- [Payment-Service] [restartedMain] com.netflix.discovery.DiscoveryClient    : Disable delta property : false
2025-08-14T22:40:23.714+05:30  INFO 2496 --- [Payment-Service] [restartedMain] com.netflix.discovery.DiscoveryClient    : Single vip registry refresh property : null
2025-08-14T22:40:23.714+05:30  INFO 2496 --- [Payment-Service] [restartedMain] com.netflix.discovery.DiscoveryClient    : Force full registry fetch : false
2025-08-14T22:40:23.714+05:30  INFO 2496 --- [Payment-Service] [restartedMain] com.netflix.discovery.DiscoveryClient    : Application is null : false
2025-08-14T22:40:23.714+05:30  INFO 2496 --- [Payment-Service] [restartedMain] com.netflix.discovery.DiscoveryClient    : Registered Applications size is zero : true
2025-08-14T22:40:23.714+05:30  INFO 2496 --- [Payment-Service] [restartedMain] com.netflix.discovery.DiscoveryClient    : Application version is -1: true
2025-08-14T22:40:23.714+05:30  INFO 2496 --- [Payment-Service] [restartedMain] com.netflix.discovery.DiscoveryClient    : Getting all instance registry info from the eureka server
2025-08-14T22:40:23.785+05:30  INFO 2496 --- [Payment-Service] [restartedMain] com.netflix.discovery.DiscoveryClient    : The response status is 200
2025-08-14T22:40:23.785+05:30  INFO 2496 --- [Payment-Service] [restartedMain] com.netflix.discovery.DiscoveryClient    : Starting heartbeat executor: renew interval is: 30
2025-08-14T22:40:23.785+05:30  INFO 2496 --- [Payment-Service] [restartedMain] c.n.discovery.InstanceInfoReplicator     : InstanceInfoReplicator onDemand update allowed rate per min is 4
2025-08-14T22:40:23.786+05:30  INFO 2496 --- [Payment-Service] [restartedMain] com.netflix.discovery.DiscoveryClient    : Discovery Client initialized at timestamp 1755191423786 with initial instances count: 6
2025-08-14T22:40:23.787+05:30  INFO 2496 --- [Payment-Service] [restartedMain] o.s.c.n.e.s.EurekaServiceRegistry        : Registering application PAYMENT-SERVICE with eureka with status UP
2025-08-14T22:40:23.787+05:30  INFO 2496 --- [Payment-Service] [restartedMain] com.netflix.discovery.DiscoveryClient    : Saw local status change event StatusChangeEvent [timestamp=1755191423787, current=UP, previous=STARTING]
2025-08-14T22:40:23.789+05:30  INFO 2496 --- [Payment-Service] [DiscoveryClient-InstanceInfoReplicator-%d] com.netflix.discovery.DiscoveryClient    : DiscoveryClient_PAYMENT-SERVICE/DESKTOP-EM164SF:Payment-Service:8088: registering service...
2025-08-14T22:40:24.030+05:30  INFO 2496 --- [Payment-Service] [restartedMain] o.s.b.w.embedded.tomcat.TomcatWebServer  : Tomcat started on port 8088 (http) with context path '/'
2025-08-14T22:40:24.031+05:30  INFO 2496 --- [Payment-Service] [restartedMain] .s.c.n.e.s.EurekaAutoServiceRegistration : Updating port to 8088
2025-08-14T22:40:24.043+05:30  INFO 2496 --- [Payment-Service] [DiscoveryClient-InstanceInfoReplicator-%d] com.netflix.discovery.DiscoveryClient    : DiscoveryClient_PAYMENT-SERVICE/DESKTOP-EM164SF:Payment-Service:8088 - registration status: 204
2025-08-14T22:40:24.052+05:30  INFO 2496 --- [Payment-Service] [restartedMain] c.w.p.PaymentServiceApplication          : Started PaymentServiceApplication in 2.019 seconds (process running for 719.1)
2025-08-14T22:40:24.054+05:30  INFO 2496 --- [Payment-Service] [restartedMain] .ConditionEvaluationDeltaLoggingListener : Condition evaluation unchanged
2025-08-14T22:41:46.495+05:30  INFO 2496 --- [Payment-Service] [File Watcher] rtingClassPathChangeChangedEventListener : Restarting due to 3 class path changes (0 additions, 0 deletions, 3 modifications)
2025-08-14T22:41:46.496+05:30  INFO 2496 --- [Payment-Service] [Thread-19] o.s.c.n.e.s.EurekaServiceRegistry        : Unregistering application PAYMENT-SERVICE with eureka with status DOWN
2025-08-14T22:41:46.496+05:30  INFO 2496 --- [Payment-Service] [Thread-19] com.netflix.discovery.DiscoveryClient    : Saw local status change event StatusChangeEvent [timestamp=1755191506496, current=DOWN, previous=UP]
2025-08-14T22:41:46.496+05:30  INFO 2496 --- [Payment-Service] [DiscoveryClient-InstanceInfoReplicator-%d] com.netflix.discovery.DiscoveryClient    : DiscoveryClient_PAYMENT-SERVICE/DESKTOP-EM164SF:Payment-Service:8088: registering service...
2025-08-14T22:41:46.497+05:30  INFO 2496 --- [Payment-Service] [Thread-19] o.s.b.w.e.tomcat.GracefulShutdown        : Commencing graceful shutdown. Waiting for active requests to complete
2025-08-14T22:41:46.504+05:30  INFO 2496 --- [Payment-Service] [tomcat-shutdown] o.s.b.w.e.tomcat.GracefulShutdown        : Graceful shutdown complete
2025-08-14T22:41:46.509+05:30  INFO 2496 --- [Payment-Service] [Thread-19] j.LocalContainerEntityManagerFactoryBean : Closing JPA EntityManagerFactory for persistence unit 'default'
2025-08-14T22:41:46.510+05:30  INFO 2496 --- [Payment-Service] [Thread-19] com.zaxxer.hikari.HikariDataSource       : HikariPool-4 - Shutdown initiated...
2025-08-14T22:41:46.513+05:30  INFO 2496 --- [Payment-Service] [Thread-19] com.zaxxer.hikari.HikariDataSource       : HikariPool-4 - Shutdown completed.
2025-08-14T22:41:46.513+05:30  INFO 2496 --- [Payment-Service] [Thread-19] com.netflix.discovery.DiscoveryClient    : Shutting down DiscoveryClient ...
2025-08-14T22:41:46.529+05:30  INFO 2496 --- [Payment-Service] [DiscoveryClient-InstanceInfoReplicator-%d] com.netflix.discovery.DiscoveryClient    : DiscoveryClient_PAYMENT-SERVICE/DESKTOP-EM164SF:Payment-Service:8088 - registration status: 204
2025-08-14T22:41:46.530+05:30  INFO 2496 --- [Payment-Service] [Thread-19] com.netflix.discovery.DiscoveryClient    : Unregistering ...
2025-08-14T22:41:46.532+05:30  INFO 2496 --- [Payment-Service] [Thread-19] com.netflix.discovery.DiscoveryClient    : DiscoveryClient_PAYMENT-SERVICE/DESKTOP-EM164SF:Payment-Service:8088 - deregister  status: 200
2025-08-14T22:41:46.533+05:30  INFO 2496 --- [Payment-Service] [Thread-19] com.netflix.discovery.DiscoveryClient    : Completed shut down of DiscoveryClient
2025-08-14T22:41:49.210+05:30  INFO 2496 --- [Payment-Service] [restartedMain] c.w.p.PaymentServiceApplication          : Starting PaymentServiceApplication using Java 21.0.7 with PID 2496 (D:\Microservices Assignment\Payment-Service\target\classes started by sss in D:\Microservices Assignment\Payment-Service)
2025-08-14T22:41:49.211+05:30  INFO 2496 --- [Payment-Service] [restartedMain] c.w.p.PaymentServiceApplication          : No active profile set, falling back to 1 default profile: "default"
2025-08-14T22:41:49.589+05:30  INFO 2496 --- [Payment-Service] [restartedMain] .s.d.r.c.RepositoryConfigurationDelegate : Bootstrapping Spring Data JPA repositories in DEFAULT mode.
2025-08-14T22:41:49.597+05:30  INFO 2496 --- [Payment-Service] [restartedMain] .s.d.r.c.RepositoryConfigurationDelegate : Finished Spring Data repository scanning in 6 ms. Found 1 JPA repository interface.
2025-08-14T22:41:49.687+05:30  INFO 2496 --- [Payment-Service] [restartedMain] o.s.cloud.context.scope.GenericScope     : BeanFactory id=fe0788d8-86f7-317e-8065-552498ebc5fe
2025-08-14T22:41:49.796+05:30  INFO 2496 --- [Payment-Service] [restartedMain] o.s.b.w.embedded.tomcat.TomcatWebServer  : Tomcat initialized with port 8088 (http)
2025-08-14T22:41:49.801+05:30  INFO 2496 --- [Payment-Service] [restartedMain] o.apache.catalina.core.StandardService   : Starting service [Tomcat]
2025-08-14T22:41:49.801+05:30  INFO 2496 --- [Payment-Service] [restartedMain] o.apache.catalina.core.StandardEngine    : Starting Servlet engine: [Apache Tomcat/10.1.43]
2025-08-14T22:41:49.873+05:30  INFO 2496 --- [Payment-Service] [restartedMain] o.a.c.c.C.[Tomcat-1].[localhost].[/]     : Initializing Spring embedded WebApplicationContext
2025-08-14T22:41:49.873+05:30  INFO 2496 --- [Payment-Service] [restartedMain] w.s.c.ServletWebServerApplicationContext : Root WebApplicationContext: initialization completed in 661 ms
2025-08-14T22:41:49.957+05:30  INFO 2496 --- [Payment-Service] [restartedMain] o.hibernate.jpa.internal.util.LogHelper  : HHH000204: Processing PersistenceUnitInfo [name: default]
2025-08-14T22:41:49.960+05:30  INFO 2496 --- [Payment-Service] [restartedMain] o.h.c.internal.RegionFactoryInitiator    : HHH000026: Second-level cache disabled
2025-08-14T22:41:49.968+05:30  INFO 2496 --- [Payment-Service] [restartedMain] o.s.o.j.p.SpringPersistenceUnitInfo      : No LoadTimeWeaver setup: ignoring JPA class transformer
2025-08-14T22:41:49.969+05:30  INFO 2496 --- [Payment-Service] [restartedMain] com.zaxxer.hikari.HikariDataSource       : HikariPool-5 - Starting...
2025-08-14T22:41:49.983+05:30  INFO 2496 --- [Payment-Service] [restartedMain] com.zaxxer.hikari.pool.HikariPool        : HikariPool-5 - Added connection com.mysql.cj.jdbc.ConnectionImpl@400357ba
2025-08-14T22:41:49.983+05:30  INFO 2496 --- [Payment-Service] [restartedMain] com.zaxxer.hikari.HikariDataSource       : HikariPool-5 - Start completed.
2025-08-14T22:41:49.985+05:30  WARN 2496 --- [Payment-Service] [restartedMain] org.hibernate.orm.deprecation            : HHH90000025: MySQLDialect does not need to be specified explicitly using 'hibernate.dialect' (remove the property setting and it will be selected by default)
2025-08-14T22:41:49.986+05:30  INFO 2496 --- [Payment-Service] [restartedMain] org.hibernate.orm.connections.pooling    : HHH10001005: Database info:
	Database JDBC URL [Connecting through datasource 'HikariDataSource (HikariPool-5)']
	Database driver: undefined/unknown
	Database version: 8.0.42
	Autocommit mode: undefined/unknown
	Isolation level: undefined/unknown
	Minimum pool size: undefined/unknown
	Maximum pool size: undefined/unknown
2025-08-14T22:41:50.034+05:30  INFO 2496 --- [Payment-Service] [restartedMain] o.h.e.t.j.p.i.JtaPlatformInitiator       : HHH000489: No JTA platform available (set 'hibernate.transaction.jta.platform' to enable JTA platform integration)
2025-08-14T22:41:50.042+05:30  INFO 2496 --- [Payment-Service] [restartedMain] j.LocalContainerEntityManagerFactoryBean : Initialized JPA EntityManagerFactory for persistence unit 'default'
2025-08-14T22:41:50.110+05:30  WARN 2496 --- [Payment-Service] [restartedMain] JpaBaseConfiguration$JpaWebConfiguration : spring.jpa.open-in-view is enabled by default. Therefore, database queries may be performed during view rendering. Explicitly configure spring.jpa.open-in-view to disable this warning
2025-08-14T22:41:50.130+05:30  WARN 2496 --- [Payment-Service] [restartedMain] o.s.b.d.a.OptionalLiveReloadServer       : Unable to start LiveReload server
2025-08-14T22:41:50.452+05:30  INFO 2496 --- [Payment-Service] [restartedMain] DiscoveryClientOptionalArgsConfiguration : Eureka HTTP Client uses RestTemplate.
2025-08-14T22:41:50.468+05:30  WARN 2496 --- [Payment-Service] [restartedMain] iguration$LoadBalancerCaffeineWarnLogger : Spring Cloud LoadBalancer is currently working with the default cache. While this cache implementation is useful for development and tests, it's recommended to use Caffeine cache in production.You can switch to using Caffeine cache, by adding it and org.springframework.cache.caffeine.CaffeineCacheManager to the classpath.
2025-08-14T22:41:50.476+05:30  INFO 2496 --- [Payment-Service] [restartedMain] o.s.b.a.e.web.EndpointLinksResolver      : Exposing 2 endpoints beneath base path '/actuator'
2025-08-14T22:41:50.509+05:30  INFO 2496 --- [Payment-Service] [restartedMain] o.s.c.n.eureka.InstanceInfoFactory       : Setting initial instance status as: STARTING
2025-08-14T22:41:50.513+05:30  INFO 2496 --- [Payment-Service] [restartedMain] com.netflix.discovery.DiscoveryClient    : Initializing Eureka in region us-east-1
2025-08-14T22:41:50.513+05:30  INFO 2496 --- [Payment-Service] [restartedMain] c.n.d.s.r.aws.ConfigClusterResolver      : Resolving eureka endpoints via configuration
2025-08-14T22:41:50.513+05:30  INFO 2496 --- [Payment-Service] [restartedMain] com.netflix.discovery.DiscoveryClient    : Disable delta property : false
2025-08-14T22:41:50.513+05:30  INFO 2496 --- [Payment-Service] [restartedMain] com.netflix.discovery.DiscoveryClient    : Single vip registry refresh property : null
2025-08-14T22:41:50.513+05:30  INFO 2496 --- [Payment-Service] [restartedMain] com.netflix.discovery.DiscoveryClient    : Force full registry fetch : false
2025-08-14T22:41:50.513+05:30  INFO 2496 --- [Payment-Service] [restartedMain] com.netflix.discovery.DiscoveryClient    : Application is null : false
2025-08-14T22:41:50.513+05:30  INFO 2496 --- [Payment-Service] [restartedMain] com.netflix.discovery.DiscoveryClient    : Registered Applications size is zero : true
2025-08-14T22:41:50.513+05:30  INFO 2496 --- [Payment-Service] [restartedMain] com.netflix.discovery.DiscoveryClient    : Application version is -1: true
2025-08-14T22:41:50.513+05:30  INFO 2496 --- [Payment-Service] [restartedMain] com.netflix.discovery.DiscoveryClient    : Getting all instance registry info from the eureka server
2025-08-14T22:41:50.545+05:30  INFO 2496 --- [Payment-Service] [restartedMain] com.netflix.discovery.DiscoveryClient    : The response status is 200
2025-08-14T22:41:50.545+05:30  INFO 2496 --- [Payment-Service] [restartedMain] com.netflix.discovery.DiscoveryClient    : Starting heartbeat executor: renew interval is: 30
2025-08-14T22:41:50.546+05:30  INFO 2496 --- [Payment-Service] [restartedMain] c.n.discovery.InstanceInfoReplicator     : InstanceInfoReplicator onDemand update allowed rate per min is 4
2025-08-14T22:41:50.546+05:30  INFO 2496 --- [Payment-Service] [restartedMain] com.netflix.discovery.DiscoveryClient    : Discovery Client initialized at timestamp 1755191510546 with initial instances count: 6
2025-08-14T22:41:50.549+05:30  INFO 2496 --- [Payment-Service] [restartedMain] o.s.c.n.e.s.EurekaServiceRegistry        : Registering application PAYMENT-SERVICE with eureka with status UP
2025-08-14T22:41:50.549+05:30  INFO 2496 --- [Payment-Service] [restartedMain] com.netflix.discovery.DiscoveryClient    : Saw local status change event StatusChangeEvent [timestamp=1755191510549, current=UP, previous=STARTING]
2025-08-14T22:41:50.550+05:30  INFO 2496 --- [Payment-Service] [DiscoveryClient-InstanceInfoReplicator-%d] com.netflix.discovery.DiscoveryClient    : DiscoveryClient_PAYMENT-SERVICE/DESKTOP-EM164SF:Payment-Service:8088: registering service...
2025-08-14T22:41:50.564+05:30  INFO 2496 --- [Payment-Service] [restartedMain] o.s.b.w.embedded.tomcat.TomcatWebServer  : Tomcat started on port 8088 (http) with context path '/'
2025-08-14T22:41:50.565+05:30  INFO 2496 --- [Payment-Service] [restartedMain] .s.c.n.e.s.EurekaAutoServiceRegistration : Updating port to 8088
2025-08-14T22:41:50.579+05:30  INFO 2496 --- [Payment-Service] [DiscoveryClient-InstanceInfoReplicator-%d] com.netflix.discovery.DiscoveryClient    : DiscoveryClient_PAYMENT-SERVICE/DESKTOP-EM164SF:Payment-Service:8088 - registration status: 204
2025-08-14T22:41:50.587+05:30  INFO 2496 --- [Payment-Service] [restartedMain] c.w.p.PaymentServiceApplication          : Started PaymentServiceApplication in 1.425 seconds (process running for 805.635)
2025-08-14T22:41:50.589+05:30  INFO 2496 --- [Payment-Service] [restartedMain] .ConditionEvaluationDeltaLoggingListener : Condition evaluation unchanged
2025-08-14T22:46:50.514+05:30  INFO 2496 --- [Payment-Service] [AsyncResolver-bootstrap-executor-%d] c.n.d.s.r.aws.ConfigClusterResolver      : Resolving eureka endpoints via configuration
2025-08-14T22:51:50.531+05:30  INFO 2496 --- [Payment-Service] [AsyncResolver-bootstrap-executor-%d] c.n.d.s.r.aws.ConfigClusterResolver      : Resolving eureka endpoints via configuration
2025-08-14T22:56:50.532+05:30  INFO 2496 --- [Payment-Service] [AsyncResolver-bootstrap-executor-%d] c.n.d.s.r.aws.ConfigClusterResolver      : Resolving eureka endpoints via configuration
