2025-08-14T12:14:03.741+05:30  INFO 1760 --- [Notification-Service] [restartedMain] c.w.n.NotificationServiceApplication     : Starting NotificationServiceApplication using Java 21.0.7 with PID 1760 (D:\Microservices Assignment\Notification-Service\target\classes started by sss in D:\Microservices Assignment\Notification-Service)
2025-08-14T12:14:03.742+05:30  INFO 1760 --- [Notification-Service] [restartedMain] c.w.n.NotificationServiceApplication     : No active profile set, falling back to 1 default profile: "default"
2025-08-14T12:14:03.812+05:30  INFO 1760 --- [Notification-Service] [restartedMain] .e.DevToolsPropertyDefaultsPostProcessor : Devtools property defaults active! Set 'spring.devtools.add-properties' to 'false' to disable
2025-08-14T12:14:03.814+05:30  INFO 1760 --- [Notification-Service] [restartedMain] .e.DevToolsPropertyDefaultsPostProcessor : For additional web related logging consider setting the 'logging.level.web' property to 'DEBUG'
2025-08-14T12:14:05.237+05:30  INFO 1760 --- [Notification-Service] [restartedMain] .s.d.r.c.RepositoryConfigurationDelegate : Bootstrapping Spring Data JPA repositories in DEFAULT mode.
2025-08-14T12:14:05.392+05:30  INFO 1760 --- [Notification-Service] [restartedMain] .s.d.r.c.RepositoryConfigurationDelegate : Finished Spring Data repository scanning in 144 ms. Found 1 JPA repository interface.
2025-08-14T12:14:05.619+05:30  INFO 1760 --- [Notification-Service] [restartedMain] o.s.cloud.context.scope.GenericScope     : BeanFactory id=1f0a6c9a-1d4c-3b52-8a7c-77b60fcfe713
2025-08-14T12:14:06.440+05:30  INFO 1760 --- [Notification-Service] [restartedMain] o.s.b.w.embedded.tomcat.TomcatWebServer  : Tomcat initialized with port 8089 (http)
2025-08-14T12:14:06.455+05:30  INFO 1760 --- [Notification-Service] [restartedMain] o.apache.catalina.core.StandardService   : Starting service [Tomcat]
2025-08-14T12:14:06.455+05:30  INFO 1760 --- [Notification-Service] [restartedMain] o.apache.catalina.core.StandardEngine    : Starting Servlet engine: [Apache Tomcat/10.1.43]
2025-08-14T12:14:06.535+05:30  INFO 1760 --- [Notification-Service] [restartedMain] o.a.c.c.C.[Tomcat].[localhost].[/]       : Initializing Spring embedded WebApplicationContext
2025-08-14T12:14:06.536+05:30  INFO 1760 --- [Notification-Service] [restartedMain] w.s.c.ServletWebServerApplicationContext : Root WebApplicationContext: initialization completed in 2721 ms
2025-08-14T12:14:07.006+05:30  INFO 1760 --- [Notification-Service] [restartedMain] o.hibernate.jpa.internal.util.LogHelper  : HHH000204: Processing PersistenceUnitInfo [name: default]
2025-08-14T12:14:07.063+05:30  INFO 1760 --- [Notification-Service] [restartedMain] org.hibernate.Version                    : HHH000412: Hibernate ORM core version 6.6.22.Final
2025-08-14T12:14:07.100+05:30  INFO 1760 --- [Notification-Service] [restartedMain] o.h.c.internal.RegionFactoryInitiator    : HHH000026: Second-level cache disabled
2025-08-14T12:14:07.394+05:30  INFO 1760 --- [Notification-Service] [restartedMain] o.s.o.j.p.SpringPersistenceUnitInfo      : No LoadTimeWeaver setup: ignoring JPA class transformer
2025-08-14T12:14:07.427+05:30  INFO 1760 --- [Notification-Service] [restartedMain] com.zaxxer.hikari.HikariDataSource       : HikariPool-1 - Starting...
2025-08-14T12:14:07.828+05:30  INFO 1760 --- [Notification-Service] [restartedMain] com.zaxxer.hikari.pool.HikariPool        : HikariPool-1 - Added connection com.mysql.cj.jdbc.ConnectionImpl@fa60bad
2025-08-14T12:14:07.830+05:30  INFO 1760 --- [Notification-Service] [restartedMain] com.zaxxer.hikari.HikariDataSource       : HikariPool-1 - Start completed.
2025-08-14T12:14:07.895+05:30  WARN 1760 --- [Notification-Service] [restartedMain] org.hibernate.orm.deprecation            : HHH90000025: MySQLDialect does not need to be specified explicitly using 'hibernate.dialect' (remove the property setting and it will be selected by default)
2025-08-14T12:14:07.914+05:30  INFO 1760 --- [Notification-Service] [restartedMain] org.hibernate.orm.connections.pooling    : HHH10001005: Database info:
	Database JDBC URL [Connecting through datasource 'HikariDataSource (HikariPool-1)']
	Database driver: undefined/unknown
	Database version: 8.0.42
	Autocommit mode: undefined/unknown
	Isolation level: undefined/unknown
	Minimum pool size: undefined/unknown
	Maximum pool size: undefined/unknown
2025-08-14T12:14:08.848+05:30  INFO 1760 --- [Notification-Service] [restartedMain] o.h.e.t.j.p.i.JtaPlatformInitiator       : HHH000489: No JTA platform available (set 'hibernate.transaction.jta.platform' to enable JTA platform integration)
2025-08-14T12:14:09.021+05:30  INFO 1760 --- [Notification-Service] [restartedMain] j.LocalContainerEntityManagerFactoryBean : Initialized JPA EntityManagerFactory for persistence unit 'default'
2025-08-14T12:14:09.365+05:30  WARN 1760 --- [Notification-Service] [restartedMain] JpaBaseConfiguration$JpaWebConfiguration : spring.jpa.open-in-view is enabled by default. Therefore, database queries may be performed during view rendering. Explicitly configure spring.jpa.open-in-view to disable this warning
2025-08-14T12:14:10.327+05:30  WARN 1760 --- [Notification-Service] [restartedMain] o.s.b.d.a.OptionalLiveReloadServer       : Unable to start LiveReload server
2025-08-14T12:14:10.370+05:30  INFO 1760 --- [Notification-Service] [restartedMain] DiscoveryClientOptionalArgsConfiguration : Eureka HTTP Client uses RestTemplate.
2025-08-14T12:14:10.441+05:30  WARN 1760 --- [Notification-Service] [restartedMain] iguration$LoadBalancerCaffeineWarnLogger : Spring Cloud LoadBalancer is currently working with the default cache. While this cache implementation is useful for development and tests, it's recommended to use Caffeine cache in production.You can switch to using Caffeine cache, by adding it and org.springframework.cache.caffeine.CaffeineCacheManager to the classpath.
2025-08-14T12:14:10.483+05:30  INFO 1760 --- [Notification-Service] [restartedMain] o.s.b.a.e.web.EndpointLinksResolver      : Exposing 2 endpoints beneath base path '/actuator'
2025-08-14T12:14:10.600+05:30  INFO 1760 --- [Notification-Service] [restartedMain] o.s.c.n.eureka.InstanceInfoFactory       : Setting initial instance status as: STARTING
2025-08-14T12:14:10.626+05:30  INFO 1760 --- [Notification-Service] [restartedMain] com.netflix.discovery.DiscoveryClient    : Initializing Eureka in region us-east-1
2025-08-14T12:14:10.631+05:30  INFO 1760 --- [Notification-Service] [restartedMain] c.n.d.s.r.aws.ConfigClusterResolver      : Resolving eureka endpoints via configuration
2025-08-14T12:14:10.643+05:30  INFO 1760 --- [Notification-Service] [restartedMain] com.netflix.discovery.DiscoveryClient    : Disable delta property : false
2025-08-14T12:14:10.643+05:30  INFO 1760 --- [Notification-Service] [restartedMain] com.netflix.discovery.DiscoveryClient    : Single vip registry refresh property : null
2025-08-14T12:14:10.643+05:30  INFO 1760 --- [Notification-Service] [restartedMain] com.netflix.discovery.DiscoveryClient    : Force full registry fetch : false
2025-08-14T12:14:10.643+05:30  INFO 1760 --- [Notification-Service] [restartedMain] com.netflix.discovery.DiscoveryClient    : Application is null : false
2025-08-14T12:14:10.644+05:30  INFO 1760 --- [Notification-Service] [restartedMain] com.netflix.discovery.DiscoveryClient    : Registered Applications size is zero : true
2025-08-14T12:14:10.644+05:30  INFO 1760 --- [Notification-Service] [restartedMain] com.netflix.discovery.DiscoveryClient    : Application version is -1: true
2025-08-14T12:14:10.644+05:30  INFO 1760 --- [Notification-Service] [restartedMain] com.netflix.discovery.DiscoveryClient    : Getting all instance registry info from the eureka server
2025-08-14T12:14:11.060+05:30  INFO 1760 --- [Notification-Service] [restartedMain] com.netflix.discovery.DiscoveryClient    : The response status is 200
2025-08-14T12:14:11.062+05:30  INFO 1760 --- [Notification-Service] [restartedMain] com.netflix.discovery.DiscoveryClient    : Starting heartbeat executor: renew interval is: 30
2025-08-14T12:14:11.065+05:30  INFO 1760 --- [Notification-Service] [restartedMain] c.n.discovery.InstanceInfoReplicator     : InstanceInfoReplicator onDemand update allowed rate per min is 4
2025-08-14T12:14:11.067+05:30  INFO 1760 --- [Notification-Service] [restartedMain] com.netflix.discovery.DiscoveryClient    : Discovery Client initialized at timestamp 1755153851066 with initial instances count: 5
2025-08-14T12:14:11.074+05:30  INFO 1760 --- [Notification-Service] [restartedMain] o.s.c.n.e.s.EurekaServiceRegistry        : Registering application NOTIFICATION-SERVICE with eureka with status UP
2025-08-14T12:14:11.076+05:30  INFO 1760 --- [Notification-Service] [restartedMain] com.netflix.discovery.DiscoveryClient    : Saw local status change event StatusChangeEvent [timestamp=1755153851076, current=UP, previous=STARTING]
2025-08-14T12:14:11.077+05:30  INFO 1760 --- [Notification-Service] [DiscoveryClient-InstanceInfoReplicator-%d] com.netflix.discovery.DiscoveryClient    : DiscoveryClient_NOTIFICATION-SERVICE/DESKTOP-EM164SF:Notification-Service:8089: registering service...
2025-08-14T12:14:11.102+05:30  INFO 1760 --- [Notification-Service] [restartedMain] o.s.b.w.embedded.tomcat.TomcatWebServer  : Tomcat started on port 8089 (http) with context path '/'
2025-08-14T12:14:11.103+05:30  INFO 1760 --- [Notification-Service] [restartedMain] .s.c.n.e.s.EurekaAutoServiceRegistration : Updating port to 8089
2025-08-14T12:14:11.129+05:30  INFO 1760 --- [Notification-Service] [restartedMain] c.w.n.NotificationServiceApplication     : Started NotificationServiceApplication in 7.997 seconds (process running for 9.28)
2025-08-14T12:14:11.130+05:30  INFO 1760 --- [Notification-Service] [DiscoveryClient-InstanceInfoReplicator-%d] com.netflix.discovery.DiscoveryClient    : DiscoveryClient_NOTIFICATION-SERVICE/DESKTOP-EM164SF:Notification-Service:8089 - registration status: 204
2025-08-14T12:14:11.482+05:30  INFO 1760 --- [Notification-Service] [RMI TCP Connection(6)-127.0.0.1] o.a.c.c.C.[Tomcat].[localhost].[/]       : Initializing Spring DispatcherServlet 'dispatcherServlet'
2025-08-14T12:14:11.482+05:30  INFO 1760 --- [Notification-Service] [RMI TCP Connection(6)-127.0.0.1] o.s.web.servlet.DispatcherServlet        : Initializing Servlet 'dispatcherServlet'
2025-08-14T12:14:11.485+05:30  INFO 1760 --- [Notification-Service] [RMI TCP Connection(6)-127.0.0.1] o.s.web.servlet.DispatcherServlet        : Completed initialization in 1 ms
2025-08-14T12:14:14.967+05:30  INFO 1760 --- [Notification-Service] [RMI TCP Connection(9)-127.0.0.1] inMXBeanRegistrar$SpringApplicationAdmin : Application shutdown requested.
2025-08-14T12:14:14.968+05:30  INFO 1760 --- [Notification-Service] [RMI TCP Connection(9)-127.0.0.1] o.s.c.n.e.s.EurekaServiceRegistry        : Unregistering application NOTIFICATION-SERVICE with eureka with status DOWN
2025-08-14T12:14:14.969+05:30  INFO 1760 --- [Notification-Service] [RMI TCP Connection(9)-127.0.0.1] com.netflix.discovery.DiscoveryClient    : Saw local status change event StatusChangeEvent [timestamp=1755153854968, current=DOWN, previous=UP]
2025-08-14T12:14:14.969+05:30  INFO 1760 --- [Notification-Service] [DiscoveryClient-InstanceInfoReplicator-%d] com.netflix.discovery.DiscoveryClient    : DiscoveryClient_NOTIFICATION-SERVICE/DESKTOP-EM164SF:Notification-Service:8089: registering service...
2025-08-14T12:14:14.971+05:30  INFO 1760 --- [Notification-Service] [RMI TCP Connection(9)-127.0.0.1] o.s.b.w.e.tomcat.GracefulShutdown        : Commencing graceful shutdown. Waiting for active requests to complete
2025-08-14T12:14:14.979+05:30  INFO 1760 --- [Notification-Service] [DiscoveryClient-InstanceInfoReplicator-%d] com.netflix.discovery.DiscoveryClient    : DiscoveryClient_NOTIFICATION-SERVICE/DESKTOP-EM164SF:Notification-Service:8089 - registration status: 204
2025-08-14T12:14:14.980+05:30  INFO 1760 --- [Notification-Service] [tomcat-shutdown] o.s.b.w.e.tomcat.GracefulShutdown        : Graceful shutdown complete
2025-08-14T12:14:14.987+05:30  INFO 1760 --- [Notification-Service] [RMI TCP Connection(9)-127.0.0.1] j.LocalContainerEntityManagerFactoryBean : Closing JPA EntityManagerFactory for persistence unit 'default'
2025-08-14T12:14:14.991+05:30  INFO 1760 --- [Notification-Service] [RMI TCP Connection(9)-127.0.0.1] com.zaxxer.hikari.HikariDataSource       : HikariPool-1 - Shutdown initiated...
2025-08-14T12:14:15.004+05:30  INFO 1760 --- [Notification-Service] [RMI TCP Connection(9)-127.0.0.1] com.zaxxer.hikari.HikariDataSource       : HikariPool-1 - Shutdown completed.
2025-08-14T12:14:15.005+05:30  INFO 1760 --- [Notification-Service] [RMI TCP Connection(9)-127.0.0.1] com.netflix.discovery.DiscoveryClient    : Shutting down DiscoveryClient ...
2025-08-14T22:20:00.716+05:30  INFO 2344 --- [Notification-Service] [restartedMain] c.w.n.NotificationServiceApplication     : Starting NotificationServiceApplication using Java 21.0.7 with PID 2344 (D:\Microservices Assignment\Notification-Service\target\classes started by sss in D:\Microservices Assignment\Notification-Service)
2025-08-14T22:20:00.722+05:30  INFO 2344 --- [Notification-Service] [restartedMain] c.w.n.NotificationServiceApplication     : No active profile set, falling back to 1 default profile: "default"
2025-08-14T22:20:00.776+05:30  INFO 2344 --- [Notification-Service] [restartedMain] .e.DevToolsPropertyDefaultsPostProcessor : Devtools property defaults active! Set 'spring.devtools.add-properties' to 'false' to disable
2025-08-14T22:20:00.776+05:30  INFO 2344 --- [Notification-Service] [restartedMain] .e.DevToolsPropertyDefaultsPostProcessor : For additional web related logging consider setting the 'logging.level.web' property to 'DEBUG'
2025-08-14T22:20:02.035+05:30  INFO 2344 --- [Notification-Service] [restartedMain] .s.d.r.c.RepositoryConfigurationDelegate : Bootstrapping Spring Data JPA repositories in DEFAULT mode.
2025-08-14T22:20:02.173+05:30  INFO 2344 --- [Notification-Service] [restartedMain] .s.d.r.c.RepositoryConfigurationDelegate : Finished Spring Data repository scanning in 129 ms. Found 1 JPA repository interface.
2025-08-14T22:20:02.371+05:30  INFO 2344 --- [Notification-Service] [restartedMain] o.s.cloud.context.scope.GenericScope     : BeanFactory id=1f0a6c9a-1d4c-3b52-8a7c-77b60fcfe713
2025-08-14T22:20:03.132+05:30  INFO 2344 --- [Notification-Service] [restartedMain] o.s.b.w.embedded.tomcat.TomcatWebServer  : Tomcat initialized with port 8089 (http)
2025-08-14T22:20:03.146+05:30  INFO 2344 --- [Notification-Service] [restartedMain] o.apache.catalina.core.StandardService   : Starting service [Tomcat]
2025-08-14T22:20:03.146+05:30  INFO 2344 --- [Notification-Service] [restartedMain] o.apache.catalina.core.StandardEngine    : Starting Servlet engine: [Apache Tomcat/10.1.43]
2025-08-14T22:20:03.208+05:30  INFO 2344 --- [Notification-Service] [restartedMain] o.a.c.c.C.[Tomcat].[localhost].[/]       : Initializing Spring embedded WebApplicationContext
2025-08-14T22:20:03.208+05:30  INFO 2344 --- [Notification-Service] [restartedMain] w.s.c.ServletWebServerApplicationContext : Root WebApplicationContext: initialization completed in 2432 ms
2025-08-14T22:20:03.805+05:30  INFO 2344 --- [Notification-Service] [restartedMain] o.hibernate.jpa.internal.util.LogHelper  : HHH000204: Processing PersistenceUnitInfo [name: default]
2025-08-14T22:20:03.854+05:30  INFO 2344 --- [Notification-Service] [restartedMain] org.hibernate.Version                    : HHH000412: Hibernate ORM core version 6.6.22.Final
2025-08-14T22:20:03.889+05:30  INFO 2344 --- [Notification-Service] [restartedMain] o.h.c.internal.RegionFactoryInitiator    : HHH000026: Second-level cache disabled
2025-08-14T22:20:04.152+05:30  INFO 2344 --- [Notification-Service] [restartedMain] o.s.o.j.p.SpringPersistenceUnitInfo      : No LoadTimeWeaver setup: ignoring JPA class transformer
2025-08-14T22:20:04.184+05:30  INFO 2344 --- [Notification-Service] [restartedMain] com.zaxxer.hikari.HikariDataSource       : HikariPool-1 - Starting...
2025-08-14T22:20:04.551+05:30  INFO 2344 --- [Notification-Service] [restartedMain] com.zaxxer.hikari.pool.HikariPool        : HikariPool-1 - Added connection com.mysql.cj.jdbc.ConnectionImpl@3910ef09
2025-08-14T22:20:04.553+05:30  INFO 2344 --- [Notification-Service] [restartedMain] com.zaxxer.hikari.HikariDataSource       : HikariPool-1 - Start completed.
2025-08-14T22:20:04.607+05:30  WARN 2344 --- [Notification-Service] [restartedMain] org.hibernate.orm.deprecation            : HHH90000025: MySQLDialect does not need to be specified explicitly using 'hibernate.dialect' (remove the property setting and it will be selected by default)
2025-08-14T22:20:04.624+05:30  INFO 2344 --- [Notification-Service] [restartedMain] org.hibernate.orm.connections.pooling    : HHH10001005: Database info:
	Database JDBC URL [Connecting through datasource 'HikariDataSource (HikariPool-1)']
	Database driver: undefined/unknown
	Database version: 8.0.42
	Autocommit mode: undefined/unknown
	Isolation level: undefined/unknown
	Minimum pool size: undefined/unknown
	Maximum pool size: undefined/unknown
2025-08-14T22:20:05.462+05:30  INFO 2344 --- [Notification-Service] [restartedMain] o.h.e.t.j.p.i.JtaPlatformInitiator       : HHH000489: No JTA platform available (set 'hibernate.transaction.jta.platform' to enable JTA platform integration)
2025-08-14T22:20:05.868+05:30  INFO 2344 --- [Notification-Service] [restartedMain] j.LocalContainerEntityManagerFactoryBean : Initialized JPA EntityManagerFactory for persistence unit 'default'
2025-08-14T22:20:06.193+05:30  WARN 2344 --- [Notification-Service] [restartedMain] JpaBaseConfiguration$JpaWebConfiguration : spring.jpa.open-in-view is enabled by default. Therefore, database queries may be performed during view rendering. Explicitly configure spring.jpa.open-in-view to disable this warning
2025-08-14T22:20:07.036+05:30  WARN 2344 --- [Notification-Service] [restartedMain] o.s.b.d.a.OptionalLiveReloadServer       : Unable to start LiveReload server
2025-08-14T22:20:07.072+05:30  INFO 2344 --- [Notification-Service] [restartedMain] DiscoveryClientOptionalArgsConfiguration : Eureka HTTP Client uses RestTemplate.
2025-08-14T22:20:07.135+05:30  WARN 2344 --- [Notification-Service] [restartedMain] iguration$LoadBalancerCaffeineWarnLogger : Spring Cloud LoadBalancer is currently working with the default cache. While this cache implementation is useful for development and tests, it's recommended to use Caffeine cache in production.You can switch to using Caffeine cache, by adding it and org.springframework.cache.caffeine.CaffeineCacheManager to the classpath.
2025-08-14T22:20:07.169+05:30  INFO 2344 --- [Notification-Service] [restartedMain] o.s.b.a.e.web.EndpointLinksResolver      : Exposing 2 endpoints beneath base path '/actuator'
2025-08-14T22:20:07.301+05:30  INFO 2344 --- [Notification-Service] [restartedMain] o.s.c.n.eureka.InstanceInfoFactory       : Setting initial instance status as: STARTING
2025-08-14T22:20:07.337+05:30  INFO 2344 --- [Notification-Service] [restartedMain] com.netflix.discovery.DiscoveryClient    : Initializing Eureka in region us-east-1
2025-08-14T22:20:07.341+05:30  INFO 2344 --- [Notification-Service] [restartedMain] c.n.d.s.r.aws.ConfigClusterResolver      : Resolving eureka endpoints via configuration
2025-08-14T22:20:07.349+05:30  INFO 2344 --- [Notification-Service] [restartedMain] com.netflix.discovery.DiscoveryClient    : Disable delta property : false
2025-08-14T22:20:07.350+05:30  INFO 2344 --- [Notification-Service] [restartedMain] com.netflix.discovery.DiscoveryClient    : Single vip registry refresh property : null
2025-08-14T22:20:07.350+05:30  INFO 2344 --- [Notification-Service] [restartedMain] com.netflix.discovery.DiscoveryClient    : Force full registry fetch : false
2025-08-14T22:20:07.350+05:30  INFO 2344 --- [Notification-Service] [restartedMain] com.netflix.discovery.DiscoveryClient    : Application is null : false
2025-08-14T22:20:07.350+05:30  INFO 2344 --- [Notification-Service] [restartedMain] com.netflix.discovery.DiscoveryClient    : Registered Applications size is zero : true
2025-08-14T22:20:07.350+05:30  INFO 2344 --- [Notification-Service] [restartedMain] com.netflix.discovery.DiscoveryClient    : Application version is -1: true
2025-08-14T22:20:07.350+05:30  INFO 2344 --- [Notification-Service] [restartedMain] com.netflix.discovery.DiscoveryClient    : Getting all instance registry info from the eureka server
2025-08-14T22:20:07.720+05:30  INFO 2344 --- [Notification-Service] [restartedMain] com.netflix.discovery.DiscoveryClient    : The response status is 200
2025-08-14T22:20:07.722+05:30  INFO 2344 --- [Notification-Service] [restartedMain] com.netflix.discovery.DiscoveryClient    : Starting heartbeat executor: renew interval is: 30
2025-08-14T22:20:07.724+05:30  INFO 2344 --- [Notification-Service] [restartedMain] c.n.discovery.InstanceInfoReplicator     : InstanceInfoReplicator onDemand update allowed rate per min is 4
2025-08-14T22:20:07.726+05:30  INFO 2344 --- [Notification-Service] [restartedMain] com.netflix.discovery.DiscoveryClient    : Discovery Client initialized at timestamp 1755190207725 with initial instances count: 5
2025-08-14T22:20:07.733+05:30  INFO 2344 --- [Notification-Service] [restartedMain] o.s.c.n.e.s.EurekaServiceRegistry        : Registering application NOTIFICATION-SERVICE with eureka with status UP
2025-08-14T22:20:07.736+05:30  INFO 2344 --- [Notification-Service] [restartedMain] com.netflix.discovery.DiscoveryClient    : Saw local status change event StatusChangeEvent [timestamp=1755190207735, current=UP, previous=STARTING]
2025-08-14T22:20:07.738+05:30  INFO 2344 --- [Notification-Service] [DiscoveryClient-InstanceInfoReplicator-%d] com.netflix.discovery.DiscoveryClient    : DiscoveryClient_NOTIFICATION-SERVICE/DESKTOP-EM164SF:Notification-Service:8089: registering service...
2025-08-14T22:20:07.773+05:30  INFO 2344 --- [Notification-Service] [restartedMain] o.s.b.w.embedded.tomcat.TomcatWebServer  : Tomcat started on port 8089 (http) with context path '/'
2025-08-14T22:20:07.774+05:30  INFO 2344 --- [Notification-Service] [restartedMain] .s.c.n.e.s.EurekaAutoServiceRegistration : Updating port to 8089
2025-08-14T22:20:07.794+05:30  INFO 2344 --- [Notification-Service] [DiscoveryClient-InstanceInfoReplicator-%d] com.netflix.discovery.DiscoveryClient    : DiscoveryClient_NOTIFICATION-SERVICE/DESKTOP-EM164SF:Notification-Service:8089 - registration status: 204
2025-08-14T22:20:07.799+05:30  INFO 2344 --- [Notification-Service] [restartedMain] c.w.n.NotificationServiceApplication     : Started NotificationServiceApplication in 7.62 seconds (process running for 8.669)
2025-08-14T22:20:08.001+05:30  INFO 2344 --- [Notification-Service] [RMI TCP Connection(6)-127.0.0.1] o.a.c.c.C.[Tomcat].[localhost].[/]       : Initializing Spring DispatcherServlet 'dispatcherServlet'
2025-08-14T22:20:08.001+05:30  INFO 2344 --- [Notification-Service] [RMI TCP Connection(6)-127.0.0.1] o.s.web.servlet.DispatcherServlet        : Initializing Servlet 'dispatcherServlet'
2025-08-14T22:20:08.003+05:30  INFO 2344 --- [Notification-Service] [RMI TCP Connection(6)-127.0.0.1] o.s.web.servlet.DispatcherServlet        : Completed initialization in 2 ms
2025-08-14T22:20:24.569+05:30  INFO 2344 --- [Notification-Service] [http-nio-8089-exec-1] o.apache.coyote.http11.Http11Processor   : Error parsing HTTP request header
 Note: further occurrences of HTTP request parsing errors will be logged at DEBUG level.

java.lang.IllegalArgumentException: Invalid character found in method name [0x160x030x010x060xd80x010x000x060xd40x030x030xda40xa00xcd-0xfc0*0xbfQN0xf70xbc^0xce0x840x970xd1P^E0xd80x820x9f0x950xec0xbcub0xa20xc3= ]. HTTP method names must be tokens
	at org.apache.coyote.http11.Http11InputBuffer.parseRequestLine(Http11InputBuffer.java:403) ~[tomcat-embed-core-10.1.43.jar:10.1.43]
	at org.apache.coyote.http11.Http11Processor.service(Http11Processor.java:271) ~[tomcat-embed-core-10.1.43.jar:10.1.43]
	at org.apache.coyote.AbstractProcessorLight.process(AbstractProcessorLight.java:63) ~[tomcat-embed-core-10.1.43.jar:10.1.43]
	at org.apache.coyote.AbstractProtocol$ConnectionHandler.process(AbstractProtocol.java:903) ~[tomcat-embed-core-10.1.43.jar:10.1.43]
	at org.apache.tomcat.util.net.NioEndpoint$SocketProcessor.doRun(NioEndpoint.java:1769) ~[tomcat-embed-core-10.1.43.jar:10.1.43]
	at org.apache.tomcat.util.net.SocketProcessorBase.run(SocketProcessorBase.java:52) ~[tomcat-embed-core-10.1.43.jar:10.1.43]
	at org.apache.tomcat.util.threads.ThreadPoolExecutor.runWorker(ThreadPoolExecutor.java:1189) ~[tomcat-embed-core-10.1.43.jar:10.1.43]
	at org.apache.tomcat.util.threads.ThreadPoolExecutor$Worker.run(ThreadPoolExecutor.java:658) ~[tomcat-embed-core-10.1.43.jar:10.1.43]
	at org.apache.tomcat.util.threads.TaskThread$WrappingRunnable.run(TaskThread.java:63) ~[tomcat-embed-core-10.1.43.jar:10.1.43]
	at java.base/java.lang.Thread.run(Thread.java:1583) ~[na:na]

2025-08-14T22:23:03.108+05:30  INFO 2344 --- [Notification-Service] [RMI TCP Connection(13)-127.0.0.1] inMXBeanRegistrar$SpringApplicationAdmin : Application shutdown requested.
2025-08-14T22:23:03.111+05:30  INFO 2344 --- [Notification-Service] [RMI TCP Connection(16)-127.0.0.1] inMXBeanRegistrar$SpringApplicationAdmin : Application shutdown requested.
2025-08-14T22:23:03.121+05:30  INFO 2344 --- [Notification-Service] [RMI TCP Connection(13)-127.0.0.1] o.s.c.n.e.s.EurekaServiceRegistry        : Unregistering application NOTIFICATION-SERVICE with eureka with status DOWN
2025-08-14T22:23:03.122+05:30  INFO 2344 --- [Notification-Service] [RMI TCP Connection(13)-127.0.0.1] com.netflix.discovery.DiscoveryClient    : Saw local status change event StatusChangeEvent [timestamp=1755190383122, current=DOWN, previous=UP]
2025-08-14T22:23:03.122+05:30  INFO 2344 --- [Notification-Service] [DiscoveryClient-InstanceInfoReplicator-%d] com.netflix.discovery.DiscoveryClient    : DiscoveryClient_NOTIFICATION-SERVICE/DESKTOP-EM164SF:Notification-Service:8089: registering service...
2025-08-14T22:23:03.125+05:30  INFO 2344 --- [Notification-Service] [RMI TCP Connection(13)-127.0.0.1] o.s.b.w.e.tomcat.GracefulShutdown        : Commencing graceful shutdown. Waiting for active requests to complete
2025-08-14T22:23:03.131+05:30  INFO 2344 --- [Notification-Service] [DiscoveryClient-InstanceInfoReplicator-%d] com.netflix.discovery.DiscoveryClient    : DiscoveryClient_NOTIFICATION-SERVICE/DESKTOP-EM164SF:Notification-Service:8089 - registration status: 204
2025-08-14T22:23:03.134+05:30  INFO 2344 --- [Notification-Service] [tomcat-shutdown] o.s.b.w.e.tomcat.GracefulShutdown        : Graceful shutdown complete
2025-08-14T22:23:03.142+05:30  INFO 2344 --- [Notification-Service] [RMI TCP Connection(13)-127.0.0.1] j.LocalContainerEntityManagerFactoryBean : Closing JPA EntityManagerFactory for persistence unit 'default'
2025-08-14T22:23:03.145+05:30  INFO 2344 --- [Notification-Service] [RMI TCP Connection(13)-127.0.0.1] com.zaxxer.hikari.HikariDataSource       : HikariPool-1 - Shutdown initiated...
2025-08-14T22:23:03.164+05:30  INFO 2344 --- [Notification-Service] [RMI TCP Connection(13)-127.0.0.1] com.zaxxer.hikari.HikariDataSource       : HikariPool-1 - Shutdown completed.
2025-08-14T22:23:03.165+05:30  INFO 2344 --- [Notification-Service] [RMI TCP Connection(13)-127.0.0.1] com.netflix.discovery.DiscoveryClient    : Shutting down DiscoveryClient ...
2025-08-14T22:28:38.534+05:30  INFO 13936 --- [Notification-Service] [restartedMain] c.w.n.NotificationServiceApplication     : Starting NotificationServiceApplication using Java 21.0.7 with PID 13936 (D:\Microservices Assignment\Notification-Service\target\classes started by sss in D:\Microservices Assignment\Notification-Service)
2025-08-14T22:28:38.536+05:30  INFO 13936 --- [Notification-Service] [restartedMain] c.w.n.NotificationServiceApplication     : No active profile set, falling back to 1 default profile: "default"
2025-08-14T22:28:38.593+05:30  INFO 13936 --- [Notification-Service] [restartedMain] .e.DevToolsPropertyDefaultsPostProcessor : Devtools property defaults active! Set 'spring.devtools.add-properties' to 'false' to disable
2025-08-14T22:28:38.593+05:30  INFO 13936 --- [Notification-Service] [restartedMain] .e.DevToolsPropertyDefaultsPostProcessor : For additional web related logging consider setting the 'logging.level.web' property to 'DEBUG'
2025-08-14T22:28:39.916+05:30  INFO 13936 --- [Notification-Service] [restartedMain] .s.d.r.c.RepositoryConfigurationDelegate : Bootstrapping Spring Data JPA repositories in DEFAULT mode.
2025-08-14T22:28:40.068+05:30  INFO 13936 --- [Notification-Service] [restartedMain] .s.d.r.c.RepositoryConfigurationDelegate : Finished Spring Data repository scanning in 142 ms. Found 1 JPA repository interface.
2025-08-14T22:28:40.279+05:30  INFO 13936 --- [Notification-Service] [restartedMain] o.s.cloud.context.scope.GenericScope     : BeanFactory id=1702c71c-24be-3168-8957-f30354a5d5ad
2025-08-14T22:28:40.995+05:30  INFO 13936 --- [Notification-Service] [restartedMain] o.s.b.w.embedded.tomcat.TomcatWebServer  : Tomcat initialized with port 8089 (http)
2025-08-14T22:28:41.009+05:30  INFO 13936 --- [Notification-Service] [restartedMain] o.apache.catalina.core.StandardService   : Starting service [Tomcat]
2025-08-14T22:28:41.010+05:30  INFO 13936 --- [Notification-Service] [restartedMain] o.apache.catalina.core.StandardEngine    : Starting Servlet engine: [Apache Tomcat/10.1.43]
2025-08-14T22:28:41.084+05:30  INFO 13936 --- [Notification-Service] [restartedMain] o.a.c.c.C.[Tomcat].[localhost].[/]       : Initializing Spring embedded WebApplicationContext
2025-08-14T22:28:41.084+05:30  INFO 13936 --- [Notification-Service] [restartedMain] w.s.c.ServletWebServerApplicationContext : Root WebApplicationContext: initialization completed in 2490 ms
2025-08-14T22:28:41.529+05:30  INFO 13936 --- [Notification-Service] [restartedMain] o.hibernate.jpa.internal.util.LogHelper  : HHH000204: Processing PersistenceUnitInfo [name: default]
2025-08-14T22:28:41.578+05:30  INFO 13936 --- [Notification-Service] [restartedMain] org.hibernate.Version                    : HHH000412: Hibernate ORM core version 6.6.22.Final
2025-08-14T22:28:41.612+05:30  INFO 13936 --- [Notification-Service] [restartedMain] o.h.c.internal.RegionFactoryInitiator    : HHH000026: Second-level cache disabled
2025-08-14T22:28:41.874+05:30  INFO 13936 --- [Notification-Service] [restartedMain] o.s.o.j.p.SpringPersistenceUnitInfo      : No LoadTimeWeaver setup: ignoring JPA class transformer
2025-08-14T22:28:41.905+05:30  INFO 13936 --- [Notification-Service] [restartedMain] com.zaxxer.hikari.HikariDataSource       : HikariPool-1 - Starting...
2025-08-14T22:28:42.253+05:30  INFO 13936 --- [Notification-Service] [restartedMain] com.zaxxer.hikari.pool.HikariPool        : HikariPool-1 - Added connection com.mysql.cj.jdbc.ConnectionImpl@4ebf66a4
2025-08-14T22:28:42.255+05:30  INFO 13936 --- [Notification-Service] [restartedMain] com.zaxxer.hikari.HikariDataSource       : HikariPool-1 - Start completed.
2025-08-14T22:28:42.312+05:30  WARN 13936 --- [Notification-Service] [restartedMain] org.hibernate.orm.deprecation            : HHH90000025: MySQLDialect does not need to be specified explicitly using 'hibernate.dialect' (remove the property setting and it will be selected by default)
2025-08-14T22:28:42.330+05:30  INFO 13936 --- [Notification-Service] [restartedMain] org.hibernate.orm.connections.pooling    : HHH10001005: Database info:
	Database JDBC URL [Connecting through datasource 'HikariDataSource (HikariPool-1)']
	Database driver: undefined/unknown
	Database version: 8.0.42
	Autocommit mode: undefined/unknown
	Isolation level: undefined/unknown
	Minimum pool size: undefined/unknown
	Maximum pool size: undefined/unknown
2025-08-14T22:28:43.174+05:30  INFO 13936 --- [Notification-Service] [restartedMain] o.h.e.t.j.p.i.JtaPlatformInitiator       : HHH000489: No JTA platform available (set 'hibernate.transaction.jta.platform' to enable JTA platform integration)
2025-08-14T22:28:43.276+05:30  INFO 13936 --- [Notification-Service] [restartedMain] j.LocalContainerEntityManagerFactoryBean : Initialized JPA EntityManagerFactory for persistence unit 'default'
2025-08-14T22:28:43.741+05:30  WARN 13936 --- [Notification-Service] [restartedMain] JpaBaseConfiguration$JpaWebConfiguration : spring.jpa.open-in-view is enabled by default. Therefore, database queries may be performed during view rendering. Explicitly configure spring.jpa.open-in-view to disable this warning
2025-08-14T22:28:44.683+05:30  WARN 13936 --- [Notification-Service] [restartedMain] o.s.b.d.a.OptionalLiveReloadServer       : Unable to start LiveReload server
2025-08-14T22:28:44.735+05:30  INFO 13936 --- [Notification-Service] [restartedMain] DiscoveryClientOptionalArgsConfiguration : Eureka HTTP Client uses RestTemplate.
2025-08-14T22:28:44.801+05:30  WARN 13936 --- [Notification-Service] [restartedMain] iguration$LoadBalancerCaffeineWarnLogger : Spring Cloud LoadBalancer is currently working with the default cache. While this cache implementation is useful for development and tests, it's recommended to use Caffeine cache in production.You can switch to using Caffeine cache, by adding it and org.springframework.cache.caffeine.CaffeineCacheManager to the classpath.
2025-08-14T22:28:44.839+05:30  INFO 13936 --- [Notification-Service] [restartedMain] o.s.b.a.e.web.EndpointLinksResolver      : Exposing 2 endpoints beneath base path '/actuator'
2025-08-14T22:28:44.945+05:30  INFO 13936 --- [Notification-Service] [restartedMain] o.s.c.n.eureka.InstanceInfoFactory       : Setting initial instance status as: STARTING
2025-08-14T22:28:44.973+05:30  INFO 13936 --- [Notification-Service] [restartedMain] com.netflix.discovery.DiscoveryClient    : Initializing Eureka in region us-east-1
2025-08-14T22:28:44.977+05:30  INFO 13936 --- [Notification-Service] [restartedMain] c.n.d.s.r.aws.ConfigClusterResolver      : Resolving eureka endpoints via configuration
2025-08-14T22:28:44.987+05:30  INFO 13936 --- [Notification-Service] [restartedMain] com.netflix.discovery.DiscoveryClient    : Disable delta property : false
2025-08-14T22:28:44.988+05:30  INFO 13936 --- [Notification-Service] [restartedMain] com.netflix.discovery.DiscoveryClient    : Single vip registry refresh property : null
2025-08-14T22:28:44.988+05:30  INFO 13936 --- [Notification-Service] [restartedMain] com.netflix.discovery.DiscoveryClient    : Force full registry fetch : false
2025-08-14T22:28:44.988+05:30  INFO 13936 --- [Notification-Service] [restartedMain] com.netflix.discovery.DiscoveryClient    : Application is null : false
2025-08-14T22:28:44.988+05:30  INFO 13936 --- [Notification-Service] [restartedMain] com.netflix.discovery.DiscoveryClient    : Registered Applications size is zero : true
2025-08-14T22:28:44.988+05:30  INFO 13936 --- [Notification-Service] [restartedMain] com.netflix.discovery.DiscoveryClient    : Application version is -1: true
2025-08-14T22:28:44.988+05:30  INFO 13936 --- [Notification-Service] [restartedMain] com.netflix.discovery.DiscoveryClient    : Getting all instance registry info from the eureka server
2025-08-14T22:28:45.361+05:30  INFO 13936 --- [Notification-Service] [restartedMain] com.netflix.discovery.DiscoveryClient    : The response status is 200
2025-08-14T22:28:45.363+05:30  INFO 13936 --- [Notification-Service] [restartedMain] com.netflix.discovery.DiscoveryClient    : Starting heartbeat executor: renew interval is: 30
2025-08-14T22:28:45.365+05:30  INFO 13936 --- [Notification-Service] [restartedMain] c.n.discovery.InstanceInfoReplicator     : InstanceInfoReplicator onDemand update allowed rate per min is 4
2025-08-14T22:28:45.367+05:30  INFO 13936 --- [Notification-Service] [restartedMain] com.netflix.discovery.DiscoveryClient    : Discovery Client initialized at timestamp 1755190725366 with initial instances count: 4
2025-08-14T22:28:45.373+05:30  INFO 13936 --- [Notification-Service] [restartedMain] o.s.c.n.e.s.EurekaServiceRegistry        : Registering application NOTIFICATION-SERVICE with eureka with status UP
2025-08-14T22:28:45.374+05:30  INFO 13936 --- [Notification-Service] [restartedMain] com.netflix.discovery.DiscoveryClient    : Saw local status change event StatusChangeEvent [timestamp=1755190725374, current=UP, previous=STARTING]
2025-08-14T22:28:45.377+05:30  INFO 13936 --- [Notification-Service] [DiscoveryClient-InstanceInfoReplicator-%d] com.netflix.discovery.DiscoveryClient    : DiscoveryClient_NOTIFICATION-SERVICE/DESKTOP-EM164SF:Notification-Service:8089: registering service...
2025-08-14T22:28:45.415+05:30  INFO 13936 --- [Notification-Service] [restartedMain] o.s.b.w.embedded.tomcat.TomcatWebServer  : Tomcat started on port 8089 (http) with context path '/'
2025-08-14T22:28:45.416+05:30  INFO 13936 --- [Notification-Service] [restartedMain] .s.c.n.e.s.EurekaAutoServiceRegistration : Updating port to 8089
2025-08-14T22:28:45.426+05:30  INFO 13936 --- [Notification-Service] [DiscoveryClient-InstanceInfoReplicator-%d] com.netflix.discovery.DiscoveryClient    : DiscoveryClient_NOTIFICATION-SERVICE/DESKTOP-EM164SF:Notification-Service:8089 - registration status: 204
2025-08-14T22:28:45.441+05:30  INFO 13936 --- [Notification-Service] [restartedMain] c.w.n.NotificationServiceApplication     : Started NotificationServiceApplication in 7.41 seconds (process running for 8.4)
2025-08-14T22:28:45.896+05:30  INFO 13936 --- [Notification-Service] [RMI TCP Connection(6)-127.0.0.1] o.a.c.c.C.[Tomcat].[localhost].[/]       : Initializing Spring DispatcherServlet 'dispatcherServlet'
2025-08-14T22:28:45.897+05:30  INFO 13936 --- [Notification-Service] [RMI TCP Connection(6)-127.0.0.1] o.s.web.servlet.DispatcherServlet        : Initializing Servlet 'dispatcherServlet'
2025-08-14T22:28:45.899+05:30  INFO 13936 --- [Notification-Service] [RMI TCP Connection(6)-127.0.0.1] o.s.web.servlet.DispatcherServlet        : Completed initialization in 1 ms
2025-08-14T22:32:48.659+05:30  INFO 13936 --- [Notification-Service] [File Watcher] rtingClassPathChangeChangedEventListener : Restarting due to 3 class path changes (0 additions, 0 deletions, 3 modifications)
2025-08-14T22:32:48.660+05:30  INFO 13936 --- [Notification-Service] [Thread-1] o.s.c.n.e.s.EurekaServiceRegistry        : Unregistering application NOTIFICATION-SERVICE with eureka with status DOWN
2025-08-14T22:32:48.661+05:30  INFO 13936 --- [Notification-Service] [Thread-1] com.netflix.discovery.DiscoveryClient    : Saw local status change event StatusChangeEvent [timestamp=1755190968661, current=DOWN, previous=UP]
2025-08-14T22:32:48.661+05:30  INFO 13936 --- [Notification-Service] [DiscoveryClient-InstanceInfoReplicator-%d] com.netflix.discovery.DiscoveryClient    : DiscoveryClient_NOTIFICATION-SERVICE/DESKTOP-EM164SF:Notification-Service:8089: registering service...
2025-08-14T22:32:48.664+05:30  INFO 13936 --- [Notification-Service] [Thread-1] o.s.b.w.e.tomcat.GracefulShutdown        : Commencing graceful shutdown. Waiting for active requests to complete
2025-08-14T22:32:48.671+05:30  INFO 13936 --- [Notification-Service] [DiscoveryClient-InstanceInfoReplicator-%d] com.netflix.discovery.DiscoveryClient    : DiscoveryClient_NOTIFICATION-SERVICE/DESKTOP-EM164SF:Notification-Service:8089 - registration status: 204
2025-08-14T22:32:48.673+05:30  INFO 13936 --- [Notification-Service] [tomcat-shutdown] o.s.b.w.e.tomcat.GracefulShutdown        : Graceful shutdown complete
2025-08-14T22:32:48.679+05:30  INFO 13936 --- [Notification-Service] [Thread-1] j.LocalContainerEntityManagerFactoryBean : Closing JPA EntityManagerFactory for persistence unit 'default'
2025-08-14T22:32:48.683+05:30  INFO 13936 --- [Notification-Service] [Thread-1] com.zaxxer.hikari.HikariDataSource       : HikariPool-1 - Shutdown initiated...
2025-08-14T22:32:48.690+05:30  INFO 13936 --- [Notification-Service] [Thread-1] com.zaxxer.hikari.HikariDataSource       : HikariPool-1 - Shutdown completed.
2025-08-14T22:32:48.690+05:30  INFO 13936 --- [Notification-Service] [Thread-1] com.netflix.discovery.DiscoveryClient    : Shutting down DiscoveryClient ...
2025-08-14T22:32:51.703+05:30  INFO 13936 --- [Notification-Service] [Thread-1] com.netflix.discovery.DiscoveryClient    : Unregistering ...
2025-08-14T22:32:51.722+05:30  INFO 13936 --- [Notification-Service] [Thread-1] com.netflix.discovery.DiscoveryClient    : DiscoveryClient_NOTIFICATION-SERVICE/DESKTOP-EM164SF:Notification-Service:8089 - deregister  status: 200
2025-08-14T22:32:51.723+05:30  INFO 13936 --- [Notification-Service] [Thread-1] com.netflix.discovery.DiscoveryClient    : Completed shut down of DiscoveryClient
2025-08-14T22:32:51.883+05:30  INFO 13936 --- [Notification-Service] [restartedMain] c.w.n.NotificationServiceApplication     : Starting NotificationServiceApplication using Java 21.0.7 with PID 13936 (D:\Microservices Assignment\Notification-Service\target\classes started by sss in D:\Microservices Assignment\Notification-Service)
2025-08-14T22:32:51.883+05:30  INFO 13936 --- [Notification-Service] [restartedMain] c.w.n.NotificationServiceApplication     : No active profile set, falling back to 1 default profile: "default"
2025-08-14T22:32:52.314+05:30  INFO 13936 --- [Notification-Service] [restartedMain] .s.d.r.c.RepositoryConfigurationDelegate : Bootstrapping Spring Data JPA repositories in DEFAULT mode.
2025-08-14T22:32:52.323+05:30  INFO 13936 --- [Notification-Service] [restartedMain] .s.d.r.c.RepositoryConfigurationDelegate : Finished Spring Data repository scanning in 7 ms. Found 1 JPA repository interface.
2025-08-14T22:32:52.412+05:30  INFO 13936 --- [Notification-Service] [restartedMain] o.s.cloud.context.scope.GenericScope     : BeanFactory id=1702c71c-24be-3168-8957-f30354a5d5ad
2025-08-14T22:32:52.529+05:30  INFO 13936 --- [Notification-Service] [restartedMain] o.s.b.w.embedded.tomcat.TomcatWebServer  : Tomcat initialized with port 8089 (http)
2025-08-14T22:32:52.529+05:30  INFO 13936 --- [Notification-Service] [restartedMain] o.apache.catalina.core.StandardService   : Starting service [Tomcat]
2025-08-14T22:32:52.529+05:30  INFO 13936 --- [Notification-Service] [restartedMain] o.apache.catalina.core.StandardEngine    : Starting Servlet engine: [Apache Tomcat/10.1.43]
2025-08-14T22:32:52.584+05:30  INFO 13936 --- [Notification-Service] [restartedMain] o.a.c.c.C.[Tomcat].[localhost].[/]       : Initializing Spring embedded WebApplicationContext
2025-08-14T22:32:52.584+05:30  INFO 13936 --- [Notification-Service] [restartedMain] w.s.c.ServletWebServerApplicationContext : Root WebApplicationContext: initialization completed in 699 ms
2025-08-14T22:32:52.764+05:30  INFO 13936 --- [Notification-Service] [restartedMain] o.hibernate.jpa.internal.util.LogHelper  : HHH000204: Processing PersistenceUnitInfo [name: default]
2025-08-14T22:32:52.768+05:30  INFO 13936 --- [Notification-Service] [restartedMain] o.h.c.internal.RegionFactoryInitiator    : HHH000026: Second-level cache disabled
2025-08-14T22:32:52.775+05:30  INFO 13936 --- [Notification-Service] [restartedMain] o.s.o.j.p.SpringPersistenceUnitInfo      : No LoadTimeWeaver setup: ignoring JPA class transformer
2025-08-14T22:32:52.776+05:30  INFO 13936 --- [Notification-Service] [restartedMain] com.zaxxer.hikari.HikariDataSource       : HikariPool-2 - Starting...
2025-08-14T22:32:52.790+05:30  INFO 13936 --- [Notification-Service] [restartedMain] com.zaxxer.hikari.pool.HikariPool        : HikariPool-2 - Added connection com.mysql.cj.jdbc.ConnectionImpl@14f70f69
2025-08-14T22:32:52.792+05:30  INFO 13936 --- [Notification-Service] [restartedMain] com.zaxxer.hikari.HikariDataSource       : HikariPool-2 - Start completed.
2025-08-14T22:32:52.793+05:30  WARN 13936 --- [Notification-Service] [restartedMain] org.hibernate.orm.deprecation            : HHH90000025: MySQLDialect does not need to be specified explicitly using 'hibernate.dialect' (remove the property setting and it will be selected by default)
2025-08-14T22:32:52.793+05:30  INFO 13936 --- [Notification-Service] [restartedMain] org.hibernate.orm.connections.pooling    : HHH10001005: Database info:
	Database JDBC URL [Connecting through datasource 'HikariDataSource (HikariPool-2)']
	Database driver: undefined/unknown
	Database version: 8.0.42
	Autocommit mode: undefined/unknown
	Isolation level: undefined/unknown
	Minimum pool size: undefined/unknown
	Maximum pool size: undefined/unknown
2025-08-14T22:32:52.835+05:30  INFO 13936 --- [Notification-Service] [restartedMain] o.h.e.t.j.p.i.JtaPlatformInitiator       : HHH000489: No JTA platform available (set 'hibernate.transaction.jta.platform' to enable JTA platform integration)
2025-08-14T22:32:52.861+05:30  INFO 13936 --- [Notification-Service] [restartedMain] j.LocalContainerEntityManagerFactoryBean : Initialized JPA EntityManagerFactory for persistence unit 'default'
2025-08-14T22:32:53.078+05:30  WARN 13936 --- [Notification-Service] [restartedMain] JpaBaseConfiguration$JpaWebConfiguration : spring.jpa.open-in-view is enabled by default. Therefore, database queries may be performed during view rendering. Explicitly configure spring.jpa.open-in-view to disable this warning
2025-08-14T22:32:53.571+05:30  WARN 13936 --- [Notification-Service] [restartedMain] o.s.b.d.a.OptionalLiveReloadServer       : Unable to start LiveReload server
2025-08-14T22:32:53.615+05:30  INFO 13936 --- [Notification-Service] [restartedMain] DiscoveryClientOptionalArgsConfiguration : Eureka HTTP Client uses RestTemplate.
2025-08-14T22:32:53.673+05:30  WARN 13936 --- [Notification-Service] [restartedMain] iguration$LoadBalancerCaffeineWarnLogger : Spring Cloud LoadBalancer is currently working with the default cache. While this cache implementation is useful for development and tests, it's recommended to use Caffeine cache in production.You can switch to using Caffeine cache, by adding it and org.springframework.cache.caffeine.CaffeineCacheManager to the classpath.
2025-08-14T22:32:53.691+05:30  INFO 13936 --- [Notification-Service] [restartedMain] o.s.b.a.e.web.EndpointLinksResolver      : Exposing 2 endpoints beneath base path '/actuator'
2025-08-14T22:32:53.742+05:30  INFO 13936 --- [Notification-Service] [restartedMain] o.s.c.n.eureka.InstanceInfoFactory       : Setting initial instance status as: STARTING
2025-08-14T22:32:53.745+05:30  INFO 13936 --- [Notification-Service] [restartedMain] com.netflix.discovery.DiscoveryClient    : Initializing Eureka in region us-east-1
2025-08-14T22:32:53.745+05:30  INFO 13936 --- [Notification-Service] [restartedMain] c.n.d.s.r.aws.ConfigClusterResolver      : Resolving eureka endpoints via configuration
2025-08-14T22:32:53.746+05:30  INFO 13936 --- [Notification-Service] [restartedMain] com.netflix.discovery.DiscoveryClient    : Disable delta property : false
2025-08-14T22:32:53.746+05:30  INFO 13936 --- [Notification-Service] [restartedMain] com.netflix.discovery.DiscoveryClient    : Single vip registry refresh property : null
2025-08-14T22:32:53.746+05:30  INFO 13936 --- [Notification-Service] [restartedMain] com.netflix.discovery.DiscoveryClient    : Force full registry fetch : false
2025-08-14T22:32:53.746+05:30  INFO 13936 --- [Notification-Service] [restartedMain] com.netflix.discovery.DiscoveryClient    : Application is null : false
2025-08-14T22:32:53.746+05:30  INFO 13936 --- [Notification-Service] [restartedMain] com.netflix.discovery.DiscoveryClient    : Registered Applications size is zero : true
2025-08-14T22:32:53.746+05:30  INFO 13936 --- [Notification-Service] [restartedMain] com.netflix.discovery.DiscoveryClient    : Application version is -1: true
2025-08-14T22:32:53.746+05:30  INFO 13936 --- [Notification-Service] [restartedMain] com.netflix.discovery.DiscoveryClient    : Getting all instance registry info from the eureka server
2025-08-14T22:32:53.794+05:30  INFO 13936 --- [Notification-Service] [restartedMain] com.netflix.discovery.DiscoveryClient    : The response status is 200
2025-08-14T22:32:53.795+05:30  INFO 13936 --- [Notification-Service] [restartedMain] com.netflix.discovery.DiscoveryClient    : Starting heartbeat executor: renew interval is: 30
2025-08-14T22:32:53.795+05:30  INFO 13936 --- [Notification-Service] [restartedMain] c.n.discovery.InstanceInfoReplicator     : InstanceInfoReplicator onDemand update allowed rate per min is 4
2025-08-14T22:32:53.795+05:30  INFO 13936 --- [Notification-Service] [restartedMain] com.netflix.discovery.DiscoveryClient    : Discovery Client initialized at timestamp 1755190973795 with initial instances count: 5
2025-08-14T22:32:53.801+05:30  INFO 13936 --- [Notification-Service] [restartedMain] o.s.c.n.e.s.EurekaServiceRegistry        : Registering application NOTIFICATION-SERVICE with eureka with status UP
2025-08-14T22:32:53.801+05:30  INFO 13936 --- [Notification-Service] [restartedMain] com.netflix.discovery.DiscoveryClient    : Saw local status change event StatusChangeEvent [timestamp=1755190973801, current=UP, previous=STARTING]
2025-08-14T22:32:53.801+05:30  INFO 13936 --- [Notification-Service] [DiscoveryClient-InstanceInfoReplicator-%d] com.netflix.discovery.DiscoveryClient    : DiscoveryClient_NOTIFICATION-SERVICE/DESKTOP-EM164SF:Notification-Service:8089: registering service...
2025-08-14T22:32:53.806+05:30  INFO 13936 --- [Notification-Service] [restartedMain] o.s.b.w.embedded.tomcat.TomcatWebServer  : Tomcat started on port 8089 (http) with context path '/'
2025-08-14T22:32:53.808+05:30  INFO 13936 --- [Notification-Service] [restartedMain] .s.c.n.e.s.EurekaAutoServiceRegistration : Updating port to 8089
2025-08-14T22:32:53.824+05:30  INFO 13936 --- [Notification-Service] [DiscoveryClient-InstanceInfoReplicator-%d] com.netflix.discovery.DiscoveryClient    : DiscoveryClient_NOTIFICATION-SERVICE/DESKTOP-EM164SF:Notification-Service:8089 - registration status: 204
2025-08-14T22:32:53.831+05:30  INFO 13936 --- [Notification-Service] [restartedMain] c.w.n.NotificationServiceApplication     : Started NotificationServiceApplication in 2.01 seconds (process running for 256.79)
2025-08-14T22:32:53.833+05:30  INFO 13936 --- [Notification-Service] [restartedMain] .ConditionEvaluationDeltaLoggingListener : Condition evaluation unchanged
2025-08-14T22:37:53.781+05:30  INFO 13936 --- [Notification-Service] [AsyncResolver-bootstrap-executor-%d] c.n.d.s.r.aws.ConfigClusterResolver      : Resolving eureka endpoints via configuration
2025-08-14T22:40:02.915+05:30  INFO 13936 --- [Notification-Service] [File Watcher] rtingClassPathChangeChangedEventListener : Restarting due to 3 class path changes (0 additions, 0 deletions, 3 modifications)
2025-08-14T22:40:02.927+05:30  INFO 13936 --- [Notification-Service] [Thread-7] o.s.c.n.e.s.EurekaServiceRegistry        : Unregistering application NOTIFICATION-SERVICE with eureka with status DOWN
2025-08-14T22:40:02.928+05:30  INFO 13936 --- [Notification-Service] [Thread-7] com.netflix.discovery.DiscoveryClient    : Saw local status change event StatusChangeEvent [timestamp=1755191402928, current=DOWN, previous=UP]
2025-08-14T22:40:02.930+05:30  INFO 13936 --- [Notification-Service] [DiscoveryClient-InstanceInfoReplicator-%d] com.netflix.discovery.DiscoveryClient    : DiscoveryClient_NOTIFICATION-SERVICE/DESKTOP-EM164SF:Notification-Service:8089: registering service...
2025-08-14T22:40:02.952+05:30  INFO 13936 --- [Notification-Service] [DiscoveryClient-InstanceInfoReplicator-%d] com.netflix.discovery.DiscoveryClient    : DiscoveryClient_NOTIFICATION-SERVICE/DESKTOP-EM164SF:Notification-Service:8089 - registration status: 204
2025-08-14T22:40:02.959+05:30  INFO 13936 --- [Notification-Service] [Thread-7] o.s.b.w.e.tomcat.GracefulShutdown        : Commencing graceful shutdown. Waiting for active requests to complete
2025-08-14T22:40:02.974+05:30  INFO 13936 --- [Notification-Service] [tomcat-shutdown] o.s.b.w.e.tomcat.GracefulShutdown        : Graceful shutdown complete
2025-08-14T22:40:02.995+05:30  INFO 13936 --- [Notification-Service] [Thread-7] j.LocalContainerEntityManagerFactoryBean : Closing JPA EntityManagerFactory for persistence unit 'default'
2025-08-14T22:40:03.011+05:30  INFO 13936 --- [Notification-Service] [Thread-7] com.zaxxer.hikari.HikariDataSource       : HikariPool-2 - Shutdown initiated...
2025-08-14T22:40:03.026+05:30  INFO 13936 --- [Notification-Service] [Thread-7] com.zaxxer.hikari.HikariDataSource       : HikariPool-2 - Shutdown completed.
2025-08-14T22:40:03.029+05:30  INFO 13936 --- [Notification-Service] [Thread-7] com.netflix.discovery.DiscoveryClient    : Shutting down DiscoveryClient ...
2025-08-14T22:40:06.030+05:30  INFO 13936 --- [Notification-Service] [Thread-7] com.netflix.discovery.DiscoveryClient    : Unregistering ...
2025-08-14T22:40:06.048+05:30  INFO 13936 --- [Notification-Service] [Thread-7] com.netflix.discovery.DiscoveryClient    : DiscoveryClient_NOTIFICATION-SERVICE/DESKTOP-EM164SF:Notification-Service:8089 - deregister  status: 200
2025-08-14T22:40:06.049+05:30  INFO 13936 --- [Notification-Service] [Thread-7] com.netflix.discovery.DiscoveryClient    : Completed shut down of DiscoveryClient
2025-08-14T22:40:06.373+05:30  INFO 13936 --- [Notification-Service] [restartedMain] c.w.n.NotificationServiceApplication     : Starting NotificationServiceApplication using Java 21.0.7 with PID 13936 (D:\Microservices Assignment\Notification-Service\target\classes started by sss in D:\Microservices Assignment\Notification-Service)
2025-08-14T22:40:06.374+05:30  INFO 13936 --- [Notification-Service] [restartedMain] c.w.n.NotificationServiceApplication     : No active profile set, falling back to 1 default profile: "default"
2025-08-14T22:40:07.011+05:30  INFO 13936 --- [Notification-Service] [restartedMain] .s.d.r.c.RepositoryConfigurationDelegate : Bootstrapping Spring Data JPA repositories in DEFAULT mode.
2025-08-14T22:40:07.022+05:30  INFO 13936 --- [Notification-Service] [restartedMain] .s.d.r.c.RepositoryConfigurationDelegate : Finished Spring Data repository scanning in 8 ms. Found 1 JPA repository interface.
2025-08-14T22:40:07.174+05:30  INFO 13936 --- [Notification-Service] [restartedMain] o.s.cloud.context.scope.GenericScope     : BeanFactory id=1702c71c-24be-3168-8957-f30354a5d5ad
2025-08-14T22:40:07.336+05:30  INFO 13936 --- [Notification-Service] [restartedMain] o.s.b.w.embedded.tomcat.TomcatWebServer  : Tomcat initialized with port 8089 (http)
2025-08-14T22:40:07.337+05:30  INFO 13936 --- [Notification-Service] [restartedMain] o.apache.catalina.core.StandardService   : Starting service [Tomcat]
2025-08-14T22:40:07.337+05:30  INFO 13936 --- [Notification-Service] [restartedMain] o.apache.catalina.core.StandardEngine    : Starting Servlet engine: [Apache Tomcat/10.1.43]
2025-08-14T22:40:07.393+05:30  INFO 13936 --- [Notification-Service] [restartedMain] o.a.c.c.C.[Tomcat].[localhost].[/]       : Initializing Spring embedded WebApplicationContext
2025-08-14T22:40:07.393+05:30  INFO 13936 --- [Notification-Service] [restartedMain] w.s.c.ServletWebServerApplicationContext : Root WebApplicationContext: initialization completed in 1016 ms
2025-08-14T22:40:07.568+05:30  INFO 13936 --- [Notification-Service] [restartedMain] o.hibernate.jpa.internal.util.LogHelper  : HHH000204: Processing PersistenceUnitInfo [name: default]
2025-08-14T22:40:07.570+05:30  INFO 13936 --- [Notification-Service] [restartedMain] o.h.c.internal.RegionFactoryInitiator    : HHH000026: Second-level cache disabled
2025-08-14T22:40:07.579+05:30  INFO 13936 --- [Notification-Service] [restartedMain] o.s.o.j.p.SpringPersistenceUnitInfo      : No LoadTimeWeaver setup: ignoring JPA class transformer
2025-08-14T22:40:07.581+05:30  INFO 13936 --- [Notification-Service] [restartedMain] com.zaxxer.hikari.HikariDataSource       : HikariPool-3 - Starting...
2025-08-14T22:40:07.596+05:30  INFO 13936 --- [Notification-Service] [restartedMain] com.zaxxer.hikari.pool.HikariPool        : HikariPool-3 - Added connection com.mysql.cj.jdbc.ConnectionImpl@6eb7ee38
2025-08-14T22:40:07.596+05:30  INFO 13936 --- [Notification-Service] [restartedMain] com.zaxxer.hikari.HikariDataSource       : HikariPool-3 - Start completed.
2025-08-14T22:40:07.598+05:30  WARN 13936 --- [Notification-Service] [restartedMain] org.hibernate.orm.deprecation            : HHH90000025: MySQLDialect does not need to be specified explicitly using 'hibernate.dialect' (remove the property setting and it will be selected by default)
2025-08-14T22:40:07.598+05:30  INFO 13936 --- [Notification-Service] [restartedMain] org.hibernate.orm.connections.pooling    : HHH10001005: Database info:
	Database JDBC URL [Connecting through datasource 'HikariDataSource (HikariPool-3)']
	Database driver: undefined/unknown
	Database version: 8.0.42
	Autocommit mode: undefined/unknown
	Isolation level: undefined/unknown
	Minimum pool size: undefined/unknown
	Maximum pool size: undefined/unknown
2025-08-14T22:40:07.645+05:30  INFO 13936 --- [Notification-Service] [restartedMain] o.h.e.t.j.p.i.JtaPlatformInitiator       : HHH000489: No JTA platform available (set 'hibernate.transaction.jta.platform' to enable JTA platform integration)
2025-08-14T22:40:07.659+05:30  INFO 13936 --- [Notification-Service] [restartedMain] j.LocalContainerEntityManagerFactoryBean : Initialized JPA EntityManagerFactory for persistence unit 'default'
2025-08-14T22:40:07.831+05:30  WARN 13936 --- [Notification-Service] [restartedMain] JpaBaseConfiguration$JpaWebConfiguration : spring.jpa.open-in-view is enabled by default. Therefore, database queries may be performed during view rendering. Explicitly configure spring.jpa.open-in-view to disable this warning
2025-08-14T22:40:08.715+05:30  WARN 13936 --- [Notification-Service] [restartedMain] o.s.b.d.a.OptionalLiveReloadServer       : Unable to start LiveReload server
2025-08-14T22:40:08.748+05:30  INFO 13936 --- [Notification-Service] [restartedMain] DiscoveryClientOptionalArgsConfiguration : Eureka HTTP Client uses RestTemplate.
2025-08-14T22:40:08.787+05:30  WARN 13936 --- [Notification-Service] [restartedMain] iguration$LoadBalancerCaffeineWarnLogger : Spring Cloud LoadBalancer is currently working with the default cache. While this cache implementation is useful for development and tests, it's recommended to use Caffeine cache in production.You can switch to using Caffeine cache, by adding it and org.springframework.cache.caffeine.CaffeineCacheManager to the classpath.
2025-08-14T22:40:08.804+05:30  INFO 13936 --- [Notification-Service] [restartedMain] o.s.b.a.e.web.EndpointLinksResolver      : Exposing 2 endpoints beneath base path '/actuator'
2025-08-14T22:40:08.852+05:30  INFO 13936 --- [Notification-Service] [restartedMain] o.s.c.n.eureka.InstanceInfoFactory       : Setting initial instance status as: STARTING
2025-08-14T22:40:08.855+05:30  INFO 13936 --- [Notification-Service] [restartedMain] com.netflix.discovery.DiscoveryClient    : Initializing Eureka in region us-east-1
2025-08-14T22:40:08.856+05:30  INFO 13936 --- [Notification-Service] [restartedMain] c.n.d.s.r.aws.ConfigClusterResolver      : Resolving eureka endpoints via configuration
2025-08-14T22:40:08.856+05:30  INFO 13936 --- [Notification-Service] [restartedMain] com.netflix.discovery.DiscoveryClient    : Disable delta property : false
2025-08-14T22:40:08.856+05:30  INFO 13936 --- [Notification-Service] [restartedMain] com.netflix.discovery.DiscoveryClient    : Single vip registry refresh property : null
2025-08-14T22:40:08.856+05:30  INFO 13936 --- [Notification-Service] [restartedMain] com.netflix.discovery.DiscoveryClient    : Force full registry fetch : false
2025-08-14T22:40:08.856+05:30  INFO 13936 --- [Notification-Service] [restartedMain] com.netflix.discovery.DiscoveryClient    : Application is null : false
2025-08-14T22:40:08.856+05:30  INFO 13936 --- [Notification-Service] [restartedMain] com.netflix.discovery.DiscoveryClient    : Registered Applications size is zero : true
2025-08-14T22:40:08.856+05:30  INFO 13936 --- [Notification-Service] [restartedMain] com.netflix.discovery.DiscoveryClient    : Application version is -1: true
2025-08-14T22:40:08.856+05:30  INFO 13936 --- [Notification-Service] [restartedMain] com.netflix.discovery.DiscoveryClient    : Getting all instance registry info from the eureka server
2025-08-14T22:40:08.907+05:30  INFO 13936 --- [Notification-Service] [restartedMain] com.netflix.discovery.DiscoveryClient    : The response status is 200
2025-08-14T22:40:08.907+05:30  INFO 13936 --- [Notification-Service] [restartedMain] com.netflix.discovery.DiscoveryClient    : Starting heartbeat executor: renew interval is: 30
2025-08-14T22:40:08.908+05:30  INFO 13936 --- [Notification-Service] [restartedMain] c.n.discovery.InstanceInfoReplicator     : InstanceInfoReplicator onDemand update allowed rate per min is 4
2025-08-14T22:40:08.908+05:30  INFO 13936 --- [Notification-Service] [restartedMain] com.netflix.discovery.DiscoveryClient    : Discovery Client initialized at timestamp 1755191408908 with initial instances count: 6
2025-08-14T22:40:08.914+05:30  INFO 13936 --- [Notification-Service] [restartedMain] o.s.c.n.e.s.EurekaServiceRegistry        : Registering application NOTIFICATION-SERVICE with eureka with status UP
2025-08-14T22:40:08.914+05:30  INFO 13936 --- [Notification-Service] [restartedMain] com.netflix.discovery.DiscoveryClient    : Saw local status change event StatusChangeEvent [timestamp=1755191408914, current=UP, previous=STARTING]
2025-08-14T22:40:08.914+05:30  INFO 13936 --- [Notification-Service] [DiscoveryClient-InstanceInfoReplicator-%d] com.netflix.discovery.DiscoveryClient    : DiscoveryClient_NOTIFICATION-SERVICE/DESKTOP-EM164SF:Notification-Service:8089: registering service...
2025-08-14T22:40:08.920+05:30  INFO 13936 --- [Notification-Service] [restartedMain] o.s.b.w.embedded.tomcat.TomcatWebServer  : Tomcat started on port 8089 (http) with context path '/'
2025-08-14T22:40:08.921+05:30  INFO 13936 --- [Notification-Service] [restartedMain] .s.c.n.e.s.EurekaAutoServiceRegistration : Updating port to 8089
2025-08-14T22:40:08.936+05:30  INFO 13936 --- [Notification-Service] [DiscoveryClient-InstanceInfoReplicator-%d] com.netflix.discovery.DiscoveryClient    : DiscoveryClient_NOTIFICATION-SERVICE/DESKTOP-EM164SF:Notification-Service:8089 - registration status: 204
2025-08-14T22:40:08.946+05:30  INFO 13936 --- [Notification-Service] [restartedMain] c.w.n.NotificationServiceApplication     : Started NotificationServiceApplication in 2.638 seconds (process running for 691.905)
2025-08-14T22:40:08.948+05:30  INFO 13936 --- [Notification-Service] [restartedMain] .ConditionEvaluationDeltaLoggingListener : Condition evaluation unchanged
2025-08-14T22:40:10.144+05:30  INFO 13936 --- [Notification-Service] [File Watcher] rtingClassPathChangeChangedEventListener : Restarting due to 15 class path changes (0 additions, 0 deletions, 15 modifications)
2025-08-14T22:40:10.149+05:30  INFO 13936 --- [Notification-Service] [Thread-13] o.s.c.n.e.s.EurekaServiceRegistry        : Unregistering application NOTIFICATION-SERVICE with eureka with status DOWN
2025-08-14T22:40:10.150+05:30  INFO 13936 --- [Notification-Service] [Thread-13] com.netflix.discovery.DiscoveryClient    : Saw local status change event StatusChangeEvent [timestamp=1755191410150, current=DOWN, previous=UP]
2025-08-14T22:40:10.152+05:30  INFO 13936 --- [Notification-Service] [DiscoveryClient-InstanceInfoReplicator-%d] com.netflix.discovery.DiscoveryClient    : DiscoveryClient_NOTIFICATION-SERVICE/DESKTOP-EM164SF:Notification-Service:8089: registering service...
2025-08-14T22:40:10.154+05:30  INFO 13936 --- [Notification-Service] [Thread-13] o.s.b.w.e.tomcat.GracefulShutdown        : Commencing graceful shutdown. Waiting for active requests to complete
2025-08-14T22:40:10.179+05:30  INFO 13936 --- [Notification-Service] [tomcat-shutdown] o.s.b.w.e.tomcat.GracefulShutdown        : Graceful shutdown complete
2025-08-14T22:40:10.187+05:30  INFO 13936 --- [Notification-Service] [Thread-13] j.LocalContainerEntityManagerFactoryBean : Closing JPA EntityManagerFactory for persistence unit 'default'
2025-08-14T22:40:10.189+05:30  INFO 13936 --- [Notification-Service] [Thread-13] com.zaxxer.hikari.HikariDataSource       : HikariPool-3 - Shutdown initiated...
2025-08-14T22:40:10.194+05:30  INFO 13936 --- [Notification-Service] [Thread-13] com.zaxxer.hikari.HikariDataSource       : HikariPool-3 - Shutdown completed.
2025-08-14T22:40:10.195+05:30  INFO 13936 --- [Notification-Service] [Thread-13] com.netflix.discovery.DiscoveryClient    : Shutting down DiscoveryClient ...
2025-08-14T22:40:10.224+05:30  INFO 13936 --- [Notification-Service] [DiscoveryClient-InstanceInfoReplicator-%d] com.netflix.discovery.DiscoveryClient    : DiscoveryClient_NOTIFICATION-SERVICE/DESKTOP-EM164SF:Notification-Service:8089 - registration status: 204
2025-08-14T22:40:10.225+05:30  INFO 13936 --- [Notification-Service] [Thread-13] com.netflix.discovery.DiscoveryClient    : Unregistering ...
2025-08-14T22:40:10.229+05:30  INFO 13936 --- [Notification-Service] [Thread-13] com.netflix.discovery.DiscoveryClient    : DiscoveryClient_NOTIFICATION-SERVICE/DESKTOP-EM164SF:Notification-Service:8089 - deregister  status: 200
2025-08-14T22:40:10.230+05:30  INFO 13936 --- [Notification-Service] [Thread-13] com.netflix.discovery.DiscoveryClient    : Completed shut down of DiscoveryClient
2025-08-14T22:40:10.323+05:30  INFO 13936 --- [Notification-Service] [restartedMain] c.w.n.NotificationServiceApplication     : Starting NotificationServiceApplication using Java 21.0.7 with PID 13936 (D:\Microservices Assignment\Notification-Service\target\classes started by sss in D:\Microservices Assignment\Notification-Service)
2025-08-14T22:40:10.323+05:30  INFO 13936 --- [Notification-Service] [restartedMain] c.w.n.NotificationServiceApplication     : No active profile set, falling back to 1 default profile: "default"
2025-08-14T22:40:10.684+05:30  INFO 13936 --- [Notification-Service] [restartedMain] .s.d.r.c.RepositoryConfigurationDelegate : Bootstrapping Spring Data JPA repositories in DEFAULT mode.
2025-08-14T22:40:10.693+05:30  INFO 13936 --- [Notification-Service] [restartedMain] .s.d.r.c.RepositoryConfigurationDelegate : Finished Spring Data repository scanning in 7 ms. Found 1 JPA repository interface.
2025-08-14T22:40:10.861+05:30  INFO 13936 --- [Notification-Service] [restartedMain] o.s.cloud.context.scope.GenericScope     : BeanFactory id=1702c71c-24be-3168-8957-f30354a5d5ad
2025-08-14T22:40:10.997+05:30  INFO 13936 --- [Notification-Service] [restartedMain] o.s.b.w.embedded.tomcat.TomcatWebServer  : Tomcat initialized with port 8089 (http)
2025-08-14T22:40:10.997+05:30  INFO 13936 --- [Notification-Service] [restartedMain] o.apache.catalina.core.StandardService   : Starting service [Tomcat]
2025-08-14T22:40:10.998+05:30  INFO 13936 --- [Notification-Service] [restartedMain] o.apache.catalina.core.StandardEngine    : Starting Servlet engine: [Apache Tomcat/10.1.43]
2025-08-14T22:40:11.042+05:30  INFO 13936 --- [Notification-Service] [restartedMain] o.a.c.c.C.[Tomcat].[localhost].[/]       : Initializing Spring embedded WebApplicationContext
2025-08-14T22:40:11.042+05:30  INFO 13936 --- [Notification-Service] [restartedMain] w.s.c.ServletWebServerApplicationContext : Root WebApplicationContext: initialization completed in 718 ms
2025-08-14T22:40:11.219+05:30  INFO 13936 --- [Notification-Service] [restartedMain] o.hibernate.jpa.internal.util.LogHelper  : HHH000204: Processing PersistenceUnitInfo [name: default]
2025-08-14T22:40:11.222+05:30  INFO 13936 --- [Notification-Service] [restartedMain] o.h.c.internal.RegionFactoryInitiator    : HHH000026: Second-level cache disabled
2025-08-14T22:40:11.229+05:30  INFO 13936 --- [Notification-Service] [restartedMain] o.s.o.j.p.SpringPersistenceUnitInfo      : No LoadTimeWeaver setup: ignoring JPA class transformer
2025-08-14T22:40:11.229+05:30  INFO 13936 --- [Notification-Service] [restartedMain] com.zaxxer.hikari.HikariDataSource       : HikariPool-4 - Starting...
2025-08-14T22:40:11.242+05:30  INFO 13936 --- [Notification-Service] [restartedMain] com.zaxxer.hikari.pool.HikariPool        : HikariPool-4 - Added connection com.mysql.cj.jdbc.ConnectionImpl@6f380d97
2025-08-14T22:40:11.243+05:30  INFO 13936 --- [Notification-Service] [restartedMain] com.zaxxer.hikari.HikariDataSource       : HikariPool-4 - Start completed.
2025-08-14T22:40:11.244+05:30  WARN 13936 --- [Notification-Service] [restartedMain] org.hibernate.orm.deprecation            : HHH90000025: MySQLDialect does not need to be specified explicitly using 'hibernate.dialect' (remove the property setting and it will be selected by default)
2025-08-14T22:40:11.244+05:30  INFO 13936 --- [Notification-Service] [restartedMain] org.hibernate.orm.connections.pooling    : HHH10001005: Database info:
	Database JDBC URL [Connecting through datasource 'HikariDataSource (HikariPool-4)']
	Database driver: undefined/unknown
	Database version: 8.0.42
	Autocommit mode: undefined/unknown
	Isolation level: undefined/unknown
	Minimum pool size: undefined/unknown
	Maximum pool size: undefined/unknown
2025-08-14T22:40:11.295+05:30  INFO 13936 --- [Notification-Service] [restartedMain] o.h.e.t.j.p.i.JtaPlatformInitiator       : HHH000489: No JTA platform available (set 'hibernate.transaction.jta.platform' to enable JTA platform integration)
2025-08-14T22:40:11.305+05:30  INFO 13936 --- [Notification-Service] [restartedMain] j.LocalContainerEntityManagerFactoryBean : Initialized JPA EntityManagerFactory for persistence unit 'default'
2025-08-14T22:40:11.547+05:30  WARN 13936 --- [Notification-Service] [restartedMain] JpaBaseConfiguration$JpaWebConfiguration : spring.jpa.open-in-view is enabled by default. Therefore, database queries may be performed during view rendering. Explicitly configure spring.jpa.open-in-view to disable this warning
2025-08-14T22:40:12.139+05:30  WARN 13936 --- [Notification-Service] [restartedMain] o.s.b.d.a.OptionalLiveReloadServer       : Unable to start LiveReload server
2025-08-14T22:40:12.163+05:30  INFO 13936 --- [Notification-Service] [restartedMain] DiscoveryClientOptionalArgsConfiguration : Eureka HTTP Client uses RestTemplate.
2025-08-14T22:40:12.202+05:30  WARN 13936 --- [Notification-Service] [restartedMain] iguration$LoadBalancerCaffeineWarnLogger : Spring Cloud LoadBalancer is currently working with the default cache. While this cache implementation is useful for development and tests, it's recommended to use Caffeine cache in production.You can switch to using Caffeine cache, by adding it and org.springframework.cache.caffeine.CaffeineCacheManager to the classpath.
2025-08-14T22:40:12.218+05:30  INFO 13936 --- [Notification-Service] [restartedMain] o.s.b.a.e.web.EndpointLinksResolver      : Exposing 2 endpoints beneath base path '/actuator'
2025-08-14T22:40:12.264+05:30  INFO 13936 --- [Notification-Service] [restartedMain] o.s.c.n.eureka.InstanceInfoFactory       : Setting initial instance status as: STARTING
2025-08-14T22:40:12.267+05:30  INFO 13936 --- [Notification-Service] [restartedMain] com.netflix.discovery.DiscoveryClient    : Initializing Eureka in region us-east-1
2025-08-14T22:40:12.267+05:30  INFO 13936 --- [Notification-Service] [restartedMain] c.n.d.s.r.aws.ConfigClusterResolver      : Resolving eureka endpoints via configuration
2025-08-14T22:40:12.268+05:30  INFO 13936 --- [Notification-Service] [restartedMain] com.netflix.discovery.DiscoveryClient    : Disable delta property : false
2025-08-14T22:40:12.268+05:30  INFO 13936 --- [Notification-Service] [restartedMain] com.netflix.discovery.DiscoveryClient    : Single vip registry refresh property : null
2025-08-14T22:40:12.268+05:30  INFO 13936 --- [Notification-Service] [restartedMain] com.netflix.discovery.DiscoveryClient    : Force full registry fetch : false
2025-08-14T22:40:12.268+05:30  INFO 13936 --- [Notification-Service] [restartedMain] com.netflix.discovery.DiscoveryClient    : Application is null : false
2025-08-14T22:40:12.268+05:30  INFO 13936 --- [Notification-Service] [restartedMain] com.netflix.discovery.DiscoveryClient    : Registered Applications size is zero : true
2025-08-14T22:40:12.268+05:30  INFO 13936 --- [Notification-Service] [restartedMain] com.netflix.discovery.DiscoveryClient    : Application version is -1: true
2025-08-14T22:40:12.268+05:30  INFO 13936 --- [Notification-Service] [restartedMain] com.netflix.discovery.DiscoveryClient    : Getting all instance registry info from the eureka server
2025-08-14T22:40:12.301+05:30  INFO 13936 --- [Notification-Service] [restartedMain] com.netflix.discovery.DiscoveryClient    : The response status is 200
2025-08-14T22:40:12.302+05:30  INFO 13936 --- [Notification-Service] [restartedMain] com.netflix.discovery.DiscoveryClient    : Starting heartbeat executor: renew interval is: 30
2025-08-14T22:40:12.302+05:30  INFO 13936 --- [Notification-Service] [restartedMain] c.n.discovery.InstanceInfoReplicator     : InstanceInfoReplicator onDemand update allowed rate per min is 4
2025-08-14T22:40:12.302+05:30  INFO 13936 --- [Notification-Service] [restartedMain] com.netflix.discovery.DiscoveryClient    : Discovery Client initialized at timestamp 1755191412302 with initial instances count: 6
2025-08-14T22:40:12.308+05:30  INFO 13936 --- [Notification-Service] [restartedMain] o.s.c.n.e.s.EurekaServiceRegistry        : Registering application NOTIFICATION-SERVICE with eureka with status UP
2025-08-14T22:40:12.308+05:30  INFO 13936 --- [Notification-Service] [restartedMain] com.netflix.discovery.DiscoveryClient    : Saw local status change event StatusChangeEvent [timestamp=1755191412308, current=UP, previous=STARTING]
2025-08-14T22:40:12.308+05:30  INFO 13936 --- [Notification-Service] [DiscoveryClient-InstanceInfoReplicator-%d] com.netflix.discovery.DiscoveryClient    : DiscoveryClient_NOTIFICATION-SERVICE/DESKTOP-EM164SF:Notification-Service:8089: registering service...
2025-08-14T22:40:12.314+05:30  INFO 13936 --- [Notification-Service] [restartedMain] o.s.b.w.embedded.tomcat.TomcatWebServer  : Tomcat started on port 8089 (http) with context path '/'
2025-08-14T22:40:12.315+05:30  INFO 13936 --- [Notification-Service] [restartedMain] .s.c.n.e.s.EurekaAutoServiceRegistration : Updating port to 8089
2025-08-14T22:40:12.330+05:30  INFO 13936 --- [Notification-Service] [DiscoveryClient-InstanceInfoReplicator-%d] com.netflix.discovery.DiscoveryClient    : DiscoveryClient_NOTIFICATION-SERVICE/DESKTOP-EM164SF:Notification-Service:8089 - registration status: 204
2025-08-14T22:40:12.341+05:30  INFO 13936 --- [Notification-Service] [restartedMain] c.w.n.NotificationServiceApplication     : Started NotificationServiceApplication in 2.049 seconds (process running for 695.3)
2025-08-14T22:40:12.344+05:30  INFO 13936 --- [Notification-Service] [restartedMain] .ConditionEvaluationDeltaLoggingListener : Condition evaluation unchanged
2025-08-14T22:41:59.213+05:30  INFO 13936 --- [Notification-Service] [File Watcher] rtingClassPathChangeChangedEventListener : Restarting due to 3 class path changes (0 additions, 0 deletions, 3 modifications)
2025-08-14T22:41:59.217+05:30  INFO 13936 --- [Notification-Service] [Thread-19] o.s.c.n.e.s.EurekaServiceRegistry        : Unregistering application NOTIFICATION-SERVICE with eureka with status DOWN
2025-08-14T22:41:59.217+05:30  INFO 13936 --- [Notification-Service] [Thread-19] com.netflix.discovery.DiscoveryClient    : Saw local status change event StatusChangeEvent [timestamp=1755191519217, current=DOWN, previous=UP]
2025-08-14T22:41:59.218+05:30  INFO 13936 --- [Notification-Service] [DiscoveryClient-InstanceInfoReplicator-%d] com.netflix.discovery.DiscoveryClient    : DiscoveryClient_NOTIFICATION-SERVICE/DESKTOP-EM164SF:Notification-Service:8089: registering service...
2025-08-14T22:41:59.221+05:30  INFO 13936 --- [Notification-Service] [Thread-19] o.s.b.w.e.tomcat.GracefulShutdown        : Commencing graceful shutdown. Waiting for active requests to complete
2025-08-14T22:41:59.240+05:30  INFO 13936 --- [Notification-Service] [tomcat-shutdown] o.s.b.w.e.tomcat.GracefulShutdown        : Graceful shutdown complete
2025-08-14T22:41:59.245+05:30  INFO 13936 --- [Notification-Service] [Thread-19] j.LocalContainerEntityManagerFactoryBean : Closing JPA EntityManagerFactory for persistence unit 'default'
2025-08-14T22:41:59.246+05:30  INFO 13936 --- [Notification-Service] [Thread-19] com.zaxxer.hikari.HikariDataSource       : HikariPool-4 - Shutdown initiated...
2025-08-14T22:41:59.248+05:30  INFO 13936 --- [Notification-Service] [Thread-19] com.zaxxer.hikari.HikariDataSource       : HikariPool-4 - Shutdown completed.
2025-08-14T22:41:59.249+05:30  INFO 13936 --- [Notification-Service] [Thread-19] com.netflix.discovery.DiscoveryClient    : Shutting down DiscoveryClient ...
2025-08-14T22:41:59.260+05:30  INFO 13936 --- [Notification-Service] [DiscoveryClient-InstanceInfoReplicator-%d] com.netflix.discovery.DiscoveryClient    : DiscoveryClient_NOTIFICATION-SERVICE/DESKTOP-EM164SF:Notification-Service:8089 - registration status: 204
2025-08-14T22:41:59.260+05:30  INFO 13936 --- [Notification-Service] [Thread-19] com.netflix.discovery.DiscoveryClient    : Unregistering ...
2025-08-14T22:41:59.264+05:30  INFO 13936 --- [Notification-Service] [Thread-19] com.netflix.discovery.DiscoveryClient    : DiscoveryClient_NOTIFICATION-SERVICE/DESKTOP-EM164SF:Notification-Service:8089 - deregister  status: 200
2025-08-14T22:41:59.264+05:30  INFO 13936 --- [Notification-Service] [Thread-19] com.netflix.discovery.DiscoveryClient    : Completed shut down of DiscoveryClient
2025-08-14T22:41:59.381+05:30  INFO 13936 --- [Notification-Service] [restartedMain] c.w.n.NotificationServiceApplication     : Starting NotificationServiceApplication using Java 21.0.7 with PID 13936 (D:\Microservices Assignment\Notification-Service\target\classes started by sss in D:\Microservices Assignment\Notification-Service)
2025-08-14T22:41:59.381+05:30  INFO 13936 --- [Notification-Service] [restartedMain] c.w.n.NotificationServiceApplication     : No active profile set, falling back to 1 default profile: "default"
2025-08-14T22:41:59.413+05:30  WARN 13936 --- [Notification-Service] [restartedMain] ConfigServletWebServerApplicationContext : Exception encountered during context initialization - cancelling refresh attempt: org.springframework.beans.factory.BeanDefinitionStoreException: I/O failure while processing configuration class [com.wipro.notificationservice.NotificationServiceApplication]
2025-08-14T22:41:59.451+05:30 ERROR 13936 --- [Notification-Service] [restartedMain] o.s.boot.SpringApplication               : Application run failed

org.springframework.beans.factory.BeanDefinitionStoreException: I/O failure while processing configuration class [com.wipro.notificationservice.NotificationServiceApplication]
	at org.springframework.context.annotation.ConfigurationClassParser.processConfigurationClass(ConfigurationClassParser.java:286) ~[spring-context-6.2.9.jar:6.2.9]
	at org.springframework.context.annotation.ConfigurationClassParser.parse(ConfigurationClassParser.java:204) ~[spring-context-6.2.9.jar:6.2.9]
	at org.springframework.context.annotation.ConfigurationClassParser.parse(ConfigurationClassParser.java:172) ~[spring-context-6.2.9.jar:6.2.9]
	at org.springframework.context.annotation.ConfigurationClassPostProcessor.processConfigBeanDefinitions(ConfigurationClassPostProcessor.java:418) ~[spring-context-6.2.9.jar:6.2.9]
	at org.springframework.context.annotation.ConfigurationClassPostProcessor.postProcessBeanDefinitionRegistry(ConfigurationClassPostProcessor.java:290) ~[spring-context-6.2.9.jar:6.2.9]
	at org.springframework.context.support.PostProcessorRegistrationDelegate.invokeBeanDefinitionRegistryPostProcessors(PostProcessorRegistrationDelegate.java:349) ~[spring-context-6.2.9.jar:6.2.9]
	at org.springframework.context.support.PostProcessorRegistrationDelegate.invokeBeanFactoryPostProcessors(PostProcessorRegistrationDelegate.java:118) ~[spring-context-6.2.9.jar:6.2.9]
	at org.springframework.context.support.AbstractApplicationContext.invokeBeanFactoryPostProcessors(AbstractApplicationContext.java:791) ~[spring-context-6.2.9.jar:6.2.9]
	at org.springframework.context.support.AbstractApplicationContext.refresh(AbstractApplicationContext.java:609) ~[spring-context-6.2.9.jar:6.2.9]
	at org.springframework.boot.web.servlet.context.ServletWebServerApplicationContext.refresh(ServletWebServerApplicationContext.java:146) ~[spring-boot-3.5.4.jar:3.5.4]
	at org.springframework.boot.SpringApplication.refresh(SpringApplication.java:752) ~[spring-boot-3.5.4.jar:3.5.4]
	at org.springframework.boot.SpringApplication.refreshContext(SpringApplication.java:439) ~[spring-boot-3.5.4.jar:3.5.4]
	at org.springframework.boot.SpringApplication.run(SpringApplication.java:318) ~[spring-boot-3.5.4.jar:3.5.4]
	at org.springframework.boot.SpringApplication.run(SpringApplication.java:1361) ~[spring-boot-3.5.4.jar:3.5.4]
	at org.springframework.boot.SpringApplication.run(SpringApplication.java:1350) ~[spring-boot-3.5.4.jar:3.5.4]
	at com.wipro.notificationservice.NotificationServiceApplication.main(NotificationServiceApplication.java:12) ~[classes/:na]
	at java.base/jdk.internal.reflect.DirectMethodHandleAccessor.invoke(DirectMethodHandleAccessor.java:103) ~[na:na]
	at java.base/java.lang.reflect.Method.invoke(Method.java:580) ~[na:na]
	at org.springframework.boot.devtools.restart.RestartLauncher.run(RestartLauncher.java:50) ~[spring-boot-devtools-3.5.4.jar:3.5.4]
Caused by: java.io.FileNotFoundException: class path resource [com/wipro/notificationservice/aop/LoggingAspect.class] cannot be opened because it does not exist
	at org.springframework.core.io.ClassPathResource.getInputStream(ClassPathResource.java:215) ~[spring-core-6.2.9.jar:6.2.9]
	at org.springframework.core.type.classreading.SimpleMetadataReader.getClassReader(SimpleMetadataReader.java:54) ~[spring-core-6.2.9.jar:6.2.9]
	at org.springframework.core.type.classreading.SimpleMetadataReader.<init>(SimpleMetadataReader.java:48) ~[spring-core-6.2.9.jar:6.2.9]
	at org.springframework.core.type.classreading.SimpleMetadataReaderFactory.getMetadataReader(SimpleMetadataReaderFactory.java:103) ~[spring-core-6.2.9.jar:6.2.9]
	at org.springframework.boot.type.classreading.ConcurrentReferenceCachingMetadataReaderFactory.createMetadataReader(ConcurrentReferenceCachingMetadataReaderFactory.java:98) ~[spring-boot-3.5.4.jar:3.5.4]
	at org.springframework.boot.type.classreading.ConcurrentReferenceCachingMetadataReaderFactory.getMetadataReader(ConcurrentReferenceCachingMetadataReaderFactory.java:85) ~[spring-boot-3.5.4.jar:3.5.4]
	at org.springframework.core.type.classreading.SimpleMetadataReaderFactory.getMetadataReader(SimpleMetadataReaderFactory.java:81) ~[spring-core-6.2.9.jar:6.2.9]
	at org.springframework.boot.type.classreading.ConcurrentReferenceCachingMetadataReaderFactory.getMetadataReader(ConcurrentReferenceCachingMetadataReaderFactory.java:75) ~[spring-boot-3.5.4.jar:3.5.4]
	at org.springframework.context.annotation.ConfigurationClassParser.parse(ConfigurationClassParser.java:216) ~[spring-context-6.2.9.jar:6.2.9]
	at org.springframework.context.annotation.ConfigurationClassParser.doProcessConfigurationClass(ConfigurationClassParser.java:354) ~[spring-context-6.2.9.jar:6.2.9]
	at org.springframework.context.annotation.ConfigurationClassParser.processConfigurationClass(ConfigurationClassParser.java:281) ~[spring-context-6.2.9.jar:6.2.9]
	... 18 common frames omitted

2025-08-14T22:42:00.939+05:30  INFO 13936 --- [Notification-Service] [restartedMain] c.w.n.NotificationServiceApplication     : Starting NotificationServiceApplication using Java 21.0.7 with PID 13936 (D:\Microservices Assignment\Notification-Service\target\classes started by sss in D:\Microservices Assignment\Notification-Service)
2025-08-14T22:42:00.939+05:30  INFO 13936 --- [Notification-Service] [restartedMain] c.w.n.NotificationServiceApplication     : No active profile set, falling back to 1 default profile: "default"
2025-08-14T22:42:01.326+05:30  INFO 13936 --- [Notification-Service] [restartedMain] .s.d.r.c.RepositoryConfigurationDelegate : Bootstrapping Spring Data JPA repositories in DEFAULT mode.
2025-08-14T22:42:01.335+05:30  INFO 13936 --- [Notification-Service] [restartedMain] .s.d.r.c.RepositoryConfigurationDelegate : Finished Spring Data repository scanning in 6 ms. Found 1 JPA repository interface.
2025-08-14T22:42:01.418+05:30  INFO 13936 --- [Notification-Service] [restartedMain] o.s.cloud.context.scope.GenericScope     : BeanFactory id=1702c71c-24be-3168-8957-f30354a5d5ad
2025-08-14T22:42:01.590+05:30  INFO 13936 --- [Notification-Service] [restartedMain] o.s.b.w.embedded.tomcat.TomcatWebServer  : Tomcat initialized with port 8089 (http)
2025-08-14T22:42:01.593+05:30  INFO 13936 --- [Notification-Service] [restartedMain] o.apache.catalina.core.StandardService   : Starting service [Tomcat]
2025-08-14T22:42:01.594+05:30  INFO 13936 --- [Notification-Service] [restartedMain] o.apache.catalina.core.StandardEngine    : Starting Servlet engine: [Apache Tomcat/10.1.43]
2025-08-14T22:42:01.661+05:30  INFO 13936 --- [Notification-Service] [restartedMain] o.a.c.c.C.[Tomcat].[localhost].[/]       : Initializing Spring embedded WebApplicationContext
2025-08-14T22:42:01.661+05:30  INFO 13936 --- [Notification-Service] [restartedMain] w.s.c.ServletWebServerApplicationContext : Root WebApplicationContext: initialization completed in 719 ms
2025-08-14T22:42:01.803+05:30  INFO 13936 --- [Notification-Service] [restartedMain] o.hibernate.jpa.internal.util.LogHelper  : HHH000204: Processing PersistenceUnitInfo [name: default]
2025-08-14T22:42:01.805+05:30  INFO 13936 --- [Notification-Service] [restartedMain] o.h.c.internal.RegionFactoryInitiator    : HHH000026: Second-level cache disabled
2025-08-14T22:42:01.813+05:30  INFO 13936 --- [Notification-Service] [restartedMain] o.s.o.j.p.SpringPersistenceUnitInfo      : No LoadTimeWeaver setup: ignoring JPA class transformer
2025-08-14T22:42:01.814+05:30  INFO 13936 --- [Notification-Service] [restartedMain] com.zaxxer.hikari.HikariDataSource       : HikariPool-5 - Starting...
2025-08-14T22:42:01.826+05:30  INFO 13936 --- [Notification-Service] [restartedMain] com.zaxxer.hikari.pool.HikariPool        : HikariPool-5 - Added connection com.mysql.cj.jdbc.ConnectionImpl@1c692217
2025-08-14T22:42:01.826+05:30  INFO 13936 --- [Notification-Service] [restartedMain] com.zaxxer.hikari.HikariDataSource       : HikariPool-5 - Start completed.
2025-08-14T22:42:01.827+05:30  WARN 13936 --- [Notification-Service] [restartedMain] org.hibernate.orm.deprecation            : HHH90000025: MySQLDialect does not need to be specified explicitly using 'hibernate.dialect' (remove the property setting and it will be selected by default)
2025-08-14T22:42:01.828+05:30  INFO 13936 --- [Notification-Service] [restartedMain] org.hibernate.orm.connections.pooling    : HHH10001005: Database info:
	Database JDBC URL [Connecting through datasource 'HikariDataSource (HikariPool-5)']
	Database driver: undefined/unknown
	Database version: 8.0.42
	Autocommit mode: undefined/unknown
	Isolation level: undefined/unknown
	Minimum pool size: undefined/unknown
	Maximum pool size: undefined/unknown
2025-08-14T22:42:01.865+05:30  INFO 13936 --- [Notification-Service] [restartedMain] o.h.e.t.j.p.i.JtaPlatformInitiator       : HHH000489: No JTA platform available (set 'hibernate.transaction.jta.platform' to enable JTA platform integration)
2025-08-14T22:42:01.872+05:30  INFO 13936 --- [Notification-Service] [restartedMain] j.LocalContainerEntityManagerFactoryBean : Initialized JPA EntityManagerFactory for persistence unit 'default'
2025-08-14T22:42:02.038+05:30  WARN 13936 --- [Notification-Service] [restartedMain] JpaBaseConfiguration$JpaWebConfiguration : spring.jpa.open-in-view is enabled by default. Therefore, database queries may be performed during view rendering. Explicitly configure spring.jpa.open-in-view to disable this warning
2025-08-14T22:42:02.525+05:30  WARN 13936 --- [Notification-Service] [restartedMain] o.s.b.d.a.OptionalLiveReloadServer       : Unable to start LiveReload server
2025-08-14T22:42:02.550+05:30  INFO 13936 --- [Notification-Service] [restartedMain] DiscoveryClientOptionalArgsConfiguration : Eureka HTTP Client uses RestTemplate.
2025-08-14T22:42:02.610+05:30  WARN 13936 --- [Notification-Service] [restartedMain] iguration$LoadBalancerCaffeineWarnLogger : Spring Cloud LoadBalancer is currently working with the default cache. While this cache implementation is useful for development and tests, it's recommended to use Caffeine cache in production.You can switch to using Caffeine cache, by adding it and org.springframework.cache.caffeine.CaffeineCacheManager to the classpath.
2025-08-14T22:42:02.634+05:30  INFO 13936 --- [Notification-Service] [restartedMain] o.s.b.a.e.web.EndpointLinksResolver      : Exposing 2 endpoints beneath base path '/actuator'
2025-08-14T22:42:02.689+05:30  INFO 13936 --- [Notification-Service] [restartedMain] o.s.c.n.eureka.InstanceInfoFactory       : Setting initial instance status as: STARTING
2025-08-14T22:42:02.692+05:30  INFO 13936 --- [Notification-Service] [restartedMain] com.netflix.discovery.DiscoveryClient    : Initializing Eureka in region us-east-1
2025-08-14T22:42:02.693+05:30  INFO 13936 --- [Notification-Service] [restartedMain] c.n.d.s.r.aws.ConfigClusterResolver      : Resolving eureka endpoints via configuration
2025-08-14T22:42:02.693+05:30  INFO 13936 --- [Notification-Service] [restartedMain] com.netflix.discovery.DiscoveryClient    : Disable delta property : false
2025-08-14T22:42:02.693+05:30  INFO 13936 --- [Notification-Service] [restartedMain] com.netflix.discovery.DiscoveryClient    : Single vip registry refresh property : null
2025-08-14T22:42:02.693+05:30  INFO 13936 --- [Notification-Service] [restartedMain] com.netflix.discovery.DiscoveryClient    : Force full registry fetch : false
2025-08-14T22:42:02.693+05:30  INFO 13936 --- [Notification-Service] [restartedMain] com.netflix.discovery.DiscoveryClient    : Application is null : false
2025-08-14T22:42:02.693+05:30  INFO 13936 --- [Notification-Service] [restartedMain] com.netflix.discovery.DiscoveryClient    : Registered Applications size is zero : true
2025-08-14T22:42:02.693+05:30  INFO 13936 --- [Notification-Service] [restartedMain] com.netflix.discovery.DiscoveryClient    : Application version is -1: true
2025-08-14T22:42:02.693+05:30  INFO 13936 --- [Notification-Service] [restartedMain] com.netflix.discovery.DiscoveryClient    : Getting all instance registry info from the eureka server
2025-08-14T22:42:02.746+05:30  INFO 13936 --- [Notification-Service] [restartedMain] com.netflix.discovery.DiscoveryClient    : The response status is 200
2025-08-14T22:42:02.747+05:30  INFO 13936 --- [Notification-Service] [restartedMain] com.netflix.discovery.DiscoveryClient    : Starting heartbeat executor: renew interval is: 30
2025-08-14T22:42:02.747+05:30  INFO 13936 --- [Notification-Service] [restartedMain] c.n.discovery.InstanceInfoReplicator     : InstanceInfoReplicator onDemand update allowed rate per min is 4
2025-08-14T22:42:02.748+05:30  INFO 13936 --- [Notification-Service] [restartedMain] com.netflix.discovery.DiscoveryClient    : Discovery Client initialized at timestamp 1755191522748 with initial instances count: 5
2025-08-14T22:42:02.754+05:30  INFO 13936 --- [Notification-Service] [restartedMain] o.s.c.n.e.s.EurekaServiceRegistry        : Registering application NOTIFICATION-SERVICE with eureka with status UP
2025-08-14T22:42:02.755+05:30  INFO 13936 --- [Notification-Service] [restartedMain] com.netflix.discovery.DiscoveryClient    : Saw local status change event StatusChangeEvent [timestamp=1755191522755, current=UP, previous=STARTING]
2025-08-14T22:42:02.755+05:30  INFO 13936 --- [Notification-Service] [DiscoveryClient-InstanceInfoReplicator-%d] com.netflix.discovery.DiscoveryClient    : DiscoveryClient_NOTIFICATION-SERVICE/DESKTOP-EM164SF:Notification-Service:8089: registering service...
2025-08-14T22:42:02.761+05:30  INFO 13936 --- [Notification-Service] [restartedMain] o.s.b.w.embedded.tomcat.TomcatWebServer  : Tomcat started on port 8089 (http) with context path '/'
2025-08-14T22:42:02.762+05:30  INFO 13936 --- [Notification-Service] [restartedMain] .s.c.n.e.s.EurekaAutoServiceRegistration : Updating port to 8089
2025-08-14T22:42:02.779+05:30  INFO 13936 --- [Notification-Service] [DiscoveryClient-InstanceInfoReplicator-%d] com.netflix.discovery.DiscoveryClient    : DiscoveryClient_NOTIFICATION-SERVICE/DESKTOP-EM164SF:Notification-Service:8089 - registration status: 204
2025-08-14T22:42:02.791+05:30  INFO 13936 --- [Notification-Service] [restartedMain] c.w.n.NotificationServiceApplication     : Started NotificationServiceApplication in 1.895 seconds (process running for 805.75)
2025-08-14T22:42:02.794+05:30  INFO 13936 --- [Notification-Service] [restartedMain] .ConditionEvaluationDeltaLoggingListener : Condition evaluation unchanged
2025-08-14T22:45:26.938+05:30  INFO 13936 --- [Notification-Service] [http-nio-8089-exec-1] o.a.c.c.C.[Tomcat].[localhost].[/]       : Initializing Spring DispatcherServlet 'dispatcherServlet'
2025-08-14T22:45:26.938+05:30  INFO 13936 --- [Notification-Service] [http-nio-8089-exec-1] o.s.web.servlet.DispatcherServlet        : Initializing Servlet 'dispatcherServlet'
2025-08-14T22:45:26.953+05:30  INFO 13936 --- [Notification-Service] [http-nio-8089-exec-1] o.s.web.servlet.DispatcherServlet        : Completed initialization in 15 ms
2025-08-14T22:47:02.699+05:30  INFO 13936 --- [Notification-Service] [AsyncResolver-bootstrap-executor-%d] c.n.d.s.r.aws.ConfigClusterResolver      : Resolving eureka endpoints via configuration
2025-08-14T22:52:02.712+05:30  INFO 13936 --- [Notification-Service] [AsyncResolver-bootstrap-executor-%d] c.n.d.s.r.aws.ConfigClusterResolver      : Resolving eureka endpoints via configuration
